<?xml version="1.0" encoding="UTF-8"?>
<testsuite name="com.telran.repeat.tests.GroupModificationTests" tests="5" skipped="0" failures="0" errors="0" timestamp="2018-12-03T11:55:28" hostname="DESKTOP-PUIG3K0" time="5.21">
  <properties/>
  <testcase name="testEmptyGroupModification" classname="com.telran.repeat.tests.GroupModificationTests" time="0.789"/>
  <testcase name="testGroupModification[0](Group{groupName='test1', groupHeader='header1', groupFooter='footer1'})" classname="com.telran.repeat.tests.GroupModificationTests" time="1.033"/>
  <testcase name="testGroupModification[1](Group{groupName='test2', groupHeader='header2', groupFooter='footer2'})" classname="com.telran.repeat.tests.GroupModificationTests" time="1.015"/>
  <testcase name="testGroupModification[2](Group{groupName='test3', groupHeader='header3', groupFooter='footer3'})" classname="com.telran.repeat.tests.GroupModificationTests" time="0.93"/>
  <testcase name="testGroupModification[3](Group{groupName='test4', groupHeader='header4', groupFooter='footer4'})" classname="com.telran.repeat.tests.GroupModificationTests" time="0.966"/>
  <system-out><![CDATA[]]></system-out>
  <system-err><![CDATA[]]></system-err>
</testsuite>
