<?xml version="1.0" encoding="UTF-8"?>
<testsuite name="com.telran.repeat.tests.GroupCreationTests" tests="4" skipped="0" failures="0" errors="0" timestamp="2018-11-19T13:01:22" hostname="DESKTOP-PUIG3K0" time="5.333">
  <properties/>
  <testcase name="testGroupCreation[0](Group{groupName='test1', groupHeader='header1', groupFooter='footer1'})" classname="com.telran.repeat.tests.GroupCreationTests" time="1.348"/>
  <testcase name="testGroupCreation[1](Group{groupName='test2', groupHeader='header2', groupFooter='footer2'})" classname="com.telran.repeat.tests.GroupCreationTests" time="1.232"/>
  <testcase name="testGroupCreation[2](Group{groupName='test3', groupHeader='header3', groupFooter='footer3'})" classname="com.telran.repeat.tests.GroupCreationTests" time="1.265"/>
  <testcase name="testGroupCreation[3](Group{groupName='test4', groupHeader='header4', groupFooter='footer4'})" classname="com.telran.repeat.tests.GroupCreationTests" time="1.487"/>
  <system-out><![CDATA[count before is: 26 and count after is: 27
count before is: 27 and count after is: 28
count before is: 28 and count after is: 29
count before is: 29 and count after is: 30
]]></system-out>
  <system-err><![CDATA[1542632482931	Marionette	TRACE	0 -> [0,18,"WebDriver:FindElement",{"using":"css selector","value":"[href='group.php']"}]
1542632482934	Marionette	TRACE	0 <- [1,18,null,{"value":{"element-6066-11e4-a52e-4f735466cecf":"8978220e-509e-4b37-8c20-66d60b3a2de8"}}]
1542632482939	Marionette	TRACE	0 -> [0,19,"WebDriver:ElementClick",{"id":"8978220e-509e-4b37-8c20-66d60b3a2de8"}]
1542632482946	Marionette	DEBUG	[6442450945] Received DOM event beforeunload for http://localhost/addressbook/
1542632483015	Marionette	DEBUG	[6442450945] Received DOM event pagehide for http://localhost/addressbook/
1542632483016	Marionette	DEBUG	[6442450945] Received DOM event unload for http://localhost/addressbook/
1542632483026	Marionette	DEBUG	[6442450945] Received DOM event DOMContentLoaded for http://localhost/addressbook/group.php
1542632483043	Marionette	DEBUG	[6442450945] Received DOM event pageshow for http://localhost/addressbook/group.php
1542632483044	Marionette	TRACE	0 <- [1,19,null,{"value":null}]
1542632483049	Marionette	TRACE	0 -> [0,20,"WebDriver:FindElements",{"using":"css selector","value":"*[name='selected[]']"}]
1542632483059	Marionette	TRACE	0 <- [1,20,null,[{"element-6066-11e4-a52e-4f735466cecf":"d0e08dfc-de1f-4a70-ab83-8bb059ef3fc6"},{"element-6066-11e4-a52e-4f735466c ... ecf":"afd93eb6-5195-49be-81ae-49e1b2cf73a5"},{"element-6066-11e4-a52e-4f735466cecf":"c9fb7d4d-346c-47fe-abdd-9ca94cc82b6c"}]]
1542632483077	Marionette	TRACE	0 -> [0,21,"WebDriver:FindElement",{"using":"css selector","value":"*[name='new']"}]
1542632483079	Marionette	TRACE	0 <- [1,21,null,{"value":{"element-6066-11e4-a52e-4f735466cecf":"0a3ddd4a-64ca-424e-b23c-81c64bbcf1c8"}}]
1542632483083	Marionette	TRACE	0 -> [0,22,"WebDriver:ElementClick",{"id":"0a3ddd4a-64ca-424e-b23c-81c64bbcf1c8"}]
1542632483099	Marionette	DEBUG	[6442450945] Received DOM event beforeunload for http://localhost/addressbook/group.php
1542632483139	Marionette	DEBUG	[6442450945] Received DOM event pagehide for http://localhost/addressbook/group.php
1542632483140	Marionette	DEBUG	[6442450945] Received DOM event unload for http://localhost/addressbook/group.php
1542632483147	Marionette	DEBUG	[6442450945] Received DOM event DOMContentLoaded for http://localhost/addressbook/group.php
1542632483173	Marionette	DEBUG	[6442450945] Received DOM event pageshow for http://localhost/addressbook/group.php
1542632483175	Marionette	TRACE	0 <- [1,22,null,{"value":null}]
1542632483180	Marionette	TRACE	0 -> [0,23,"WebDriver:FindElement",{"using":"css selector","value":"*[name='group_name']"}]
1542632483183	Marionette	TRACE	0 <- [1,23,null,{"value":{"element-6066-11e4-a52e-4f735466cecf":"7c775470-cb5f-46e9-8452-b1d203a8e7dc"}}]
1542632483193	Marionette	TRACE	0 -> [0,24,"WebDriver:ElementClick",{"id":"7c775470-cb5f-46e9-8452-b1d203a8e7dc"}]
1542632483406	Marionette	DEBUG	[6442450945] Canceled page load listener because no navigation has been detected
1542632483407	Marionette	TRACE	0 <- [1,24,null,{"value":null}]
1542632483414	Marionette	TRACE	0 -> [0,25,"WebDriver:FindElement",{"using":"css selector","value":"*[name='group_name']"}]
1542632483420	Marionette	TRACE	0 <- [1,25,null,{"value":{"element-6066-11e4-a52e-4f735466cecf":"7c775470-cb5f-46e9-8452-b1d203a8e7dc"}}]
1542632483428	Marionette	TRACE	0 -> [0,26,"WebDriver:ElementClear",{"id":"7c775470-cb5f-46e9-8452-b1d203a8e7dc"}]
1542632483435	Marionette	TRACE	0 <- [1,26,null,{"value":null}]
1542632483443	Marionette	TRACE	0 -> [0,27,"WebDriver:FindElement",{"using":"css selector","value":"*[name='group_name']"}]
1542632483447	Marionette	TRACE	0 <- [1,27,null,{"value":{"element-6066-11e4-a52e-4f735466cecf":"7c775470-cb5f-46e9-8452-b1d203a8e7dc"}}]
1542632483471	Marionette	TRACE	0 -> [0,28,"WebDriver:ElementSendKeys",{"id":"7c775470-cb5f-46e9-8452-b1d203a8e7dc","text":"test1","value":["t","e","s","t","1"]}]
1542632483479	Marionette	TRACE	0 <- [1,28,null,{"value":null}]
1542632483482	Marionette	TRACE	0 -> [0,29,"WebDriver:FindElement",{"using":"css selector","value":"*[name='group_header']"}]
1542632483489	Marionette	TRACE	0 <- [1,29,null,{"value":{"element-6066-11e4-a52e-4f735466cecf":"613a90b5-8194-44cf-9cf5-3cd78cf08d71"}}]
1542632483492	Marionette	TRACE	0 -> [0,30,"WebDriver:ElementClick",{"id":"613a90b5-8194-44cf-9cf5-3cd78cf08d71"}]
1542632483699	Marionette	DEBUG	[6442450945] Canceled page load listener because no navigation has been detected
1542632483701	Marionette	TRACE	0 <- [1,30,null,{"value":null}]
1542632483706	Marionette	TRACE	0 -> [0,31,"WebDriver:FindElement",{"using":"css selector","value":"*[name='group_header']"}]
1542632483707	Marionette	TRACE	0 <- [1,31,null,{"value":{"element-6066-11e4-a52e-4f735466cecf":"613a90b5-8194-44cf-9cf5-3cd78cf08d71"}}]
1542632483712	Marionette	TRACE	0 -> [0,32,"WebDriver:ElementClear",{"id":"613a90b5-8194-44cf-9cf5-3cd78cf08d71"}]
1542632483714	Marionette	TRACE	0 <- [1,32,null,{"value":null}]
1542632483720	Marionette	TRACE	0 -> [0,33,"WebDriver:FindElement",{"using":"css selector","value":"*[name='group_header']"}]
1542632483721	Marionette	TRACE	0 <- [1,33,null,{"value":{"element-6066-11e4-a52e-4f735466cecf":"613a90b5-8194-44cf-9cf5-3cd78cf08d71"}}]
1542632483726	Marionette	TRACE	0 -> [0,34,"WebDriver:ElementSendKeys",{"id":"613a90b5-8194-44cf-9cf5-3cd78cf08d71","text":"header1","value":["h","e","a","d","e","r","1"]}]
1542632483738	Marionette	TRACE	0 <- [1,34,null,{"value":null}]
1542632483742	Marionette	TRACE	0 -> [0,35,"WebDriver:FindElement",{"using":"css selector","value":"*[name='group_footer']"}]
1542632483744	Marionette	TRACE	0 <- [1,35,null,{"value":{"element-6066-11e4-a52e-4f735466cecf":"32efa1f6-e7e9-496d-8873-462c110fb464"}}]
1542632483748	Marionette	TRACE	0 -> [0,36,"WebDriver:ElementClick",{"id":"32efa1f6-e7e9-496d-8873-462c110fb464"}]
1542632483959	Marionette	DEBUG	[6442450945] Canceled page load listener because no navigation has been detected
1542632483961	Marionette	TRACE	0 <- [1,36,null,{"value":null}]
1542632483969	Marionette	TRACE	0 -> [0,37,"WebDriver:FindElement",{"using":"css selector","value":"*[name='group_footer']"}]
1542632483973	Marionette	TRACE	0 <- [1,37,null,{"value":{"element-6066-11e4-a52e-4f735466cecf":"32efa1f6-e7e9-496d-8873-462c110fb464"}}]
1542632483981	Marionette	TRACE	0 -> [0,38,"WebDriver:ElementClear",{"id":"32efa1f6-e7e9-496d-8873-462c110fb464"}]
1542632483986	Marionette	TRACE	0 <- [1,38,null,{"value":null}]
1542632483993	Marionette	TRACE	0 -> [0,39,"WebDriver:FindElement",{"using":"css selector","value":"*[name='group_footer']"}]
1542632483996	Marionette	TRACE	0 <- [1,39,null,{"value":{"element-6066-11e4-a52e-4f735466cecf":"32efa1f6-e7e9-496d-8873-462c110fb464"}}]
1542632484002	Marionette	TRACE	0 -> [0,40,"WebDriver:ElementSendKeys",{"id":"32efa1f6-e7e9-496d-8873-462c110fb464","text":"footer1","value":["f","o","o","t","e","r","1"]}]
1542632484012	Marionette	TRACE	0 <- [1,40,null,{"value":null}]
1542632484016	Marionette	TRACE	0 -> [0,41,"WebDriver:FindElement",{"using":"css selector","value":"*[name='submit']"}]
1542632484030	Marionette	TRACE	0 <- [1,41,null,{"value":{"element-6066-11e4-a52e-4f735466cecf":"83e34f76-90c4-4d58-830b-c2b5e4c891d2"}}]
1542632484036	Marionette	TRACE	0 -> [0,42,"WebDriver:ElementClick",{"id":"83e34f76-90c4-4d58-830b-c2b5e4c891d2"}]
1542632484041	Marionette	DEBUG	[6442450945] Received DOM event beforeunload for http://localhost/addressbook/group.php
1542632484093	Marionette	DEBUG	[6442450945] Received DOM event pagehide for http://localhost/addressbook/group.php
1542632484094	Marionette	DEBUG	[6442450945] Received DOM event unload for http://localhost/addressbook/group.php
1542632484108	Marionette	DEBUG	[6442450945] Received DOM event DOMContentLoaded for http://localhost/addressbook/group.php
1542632484114	Marionette	DEBUG	[6442450945] Received DOM event pageshow for http://localhost/addressbook/group.php
1542632484115	Marionette	TRACE	0 <- [1,42,null,{"value":null}]
1542632484124	Marionette	TRACE	0 -> [0,43,"WebDriver:FindElement",{"using":"link text","value":"group page"}]
1542632484173	Marionette	TRACE	0 <- [1,43,null,{"value":{"element-6066-11e4-a52e-4f735466cecf":"abe8e637-334c-4a25-aa24-793b49597a3d"}}]
1542632484178	Marionette	TRACE	0 -> [0,44,"WebDriver:ElementClick",{"id":"abe8e637-334c-4a25-aa24-793b49597a3d"}]
1542632484191	Marionette	DEBUG	[6442450945] Received DOM event beforeunload for http://localhost/addressbook/group.php
1542632484222	Marionette	DEBUG	[6442450945] Received DOM event pagehide for http://localhost/addressbook/group.php
1542632484223	Marionette	DEBUG	[6442450945] Received DOM event unload for http://localhost/addressbook/group.php
1542632484229	Marionette	DEBUG	[6442450945] Received DOM event DOMContentLoaded for http://localhost/addressbook/group.php
1542632484246	Marionette	DEBUG	[6442450945] Received DOM event pageshow for http://localhost/addressbook/group.php
1542632484246	Marionette	TRACE	0 <- [1,44,null,{"value":null}]
1542632484259	Marionette	TRACE	0 -> [0,45,"WebDriver:FindElements",{"using":"css selector","value":"*[name='selected[]']"}]
1542632484266	Marionette	TRACE	0 <- [1,45,null,[{"element-6066-11e4-a52e-4f735466cecf":"134d40dd-4712-41f4-97c6-9755064c1a01"},{"element-6066-11e4-a52e-4f735466c ... ecf":"26958496-d6d3-4ddf-9a97-f23e11b52467"},{"element-6066-11e4-a52e-4f735466cecf":"73dadd18-c5d3-4db1-a362-20fe73c6bd29"}]]
1542632484280	Marionette	TRACE	0 -> [0,46,"WebDriver:FindElement",{"using":"css selector","value":"[href='group.php']"}]
1542632484281	Marionette	TRACE	0 <- [1,46,null,{"value":{"element-6066-11e4-a52e-4f735466cecf":"a90a5b3a-81d0-4208-89a5-30810754aba4"}}]
1542632484287	Marionette	TRACE	0 -> [0,47,"WebDriver:ElementClick",{"id":"a90a5b3a-81d0-4208-89a5-30810754aba4"}]
1542632484295	Marionette	DEBUG	[6442450945] Received DOM event beforeunload for http://localhost/addressbook/group.php
1542632484329	Marionette	DEBUG	[6442450945] Received DOM event pagehide for http://localhost/addressbook/group.php
1542632484329	Marionette	DEBUG	[6442450945] Received DOM event unload for http://localhost/addressbook/group.php
1542632484339	Marionette	DEBUG	[6442450945] Received DOM event DOMContentLoaded for http://localhost/addressbook/group.php
1542632484347	Marionette	DEBUG	[6442450945] Received DOM event pageshow for http://localhost/addressbook/group.php
1542632484348	Marionette	TRACE	0 <- [1,47,null,{"value":null}]
1542632484360	Marionette	TRACE	0 -> [0,48,"WebDriver:FindElements",{"using":"css selector","value":"*[name='selected[]']"}]
1542632484378	Marionette	TRACE	0 <- [1,48,null,[{"element-6066-11e4-a52e-4f735466cecf":"7ede2b0d-dbd0-4e0f-b229-695c4ef7f16b"},{"element-6066-11e4-a52e-4f735466c ... ecf":"65437cea-4028-4e6f-a2cc-600bd74d47d7"},{"element-6066-11e4-a52e-4f735466cecf":"ff067883-1750-4340-8b02-37778de0f5b2"}]]
1542632484386	Marionette	TRACE	0 -> [0,49,"WebDriver:FindElement",{"using":"css selector","value":"*[name='new']"}]
1542632484388	Marionette	TRACE	0 <- [1,49,null,{"value":{"element-6066-11e4-a52e-4f735466cecf":"b04e8497-62c4-49ef-825a-47aef9f60fe6"}}]
1542632484392	Marionette	TRACE	0 -> [0,50,"WebDriver:ElementClick",{"id":"b04e8497-62c4-49ef-825a-47aef9f60fe6"}]
1542632484404	Marionette	DEBUG	[6442450945] Received DOM event beforeunload for http://localhost/addressbook/group.php
1542632484443	Marionette	DEBUG	[6442450945] Received DOM event pagehide for http://localhost/addressbook/group.php
1542632484443	Marionette	DEBUG	[6442450945] Received DOM event unload for http://localhost/addressbook/group.php
1542632484458	Marionette	DEBUG	[6442450945] Received DOM event DOMContentLoaded for http://localhost/addressbook/group.php
1542632484466	Marionette	DEBUG	[6442450945] Received DOM event pageshow for http://localhost/addressbook/group.php
1542632484468	Marionette	TRACE	0 <- [1,50,null,{"value":null}]
1542632484476	Marionette	TRACE	0 -> [0,51,"WebDriver:FindElement",{"using":"css selector","value":"*[name='group_name']"}]
1542632484479	Marionette	TRACE	0 <- [1,51,null,{"value":{"element-6066-11e4-a52e-4f735466cecf":"deec7184-6467-43da-a2c2-8c5e5805c644"}}]
1542632484492	Marionette	TRACE	0 -> [0,52,"WebDriver:ElementClick",{"id":"deec7184-6467-43da-a2c2-8c5e5805c644"}]
1542632484702	Marionette	DEBUG	[6442450945] Canceled page load listener because no navigation has been detected
1542632484703	Marionette	TRACE	0 <- [1,52,null,{"value":null}]
1542632484708	Marionette	TRACE	0 -> [0,53,"WebDriver:FindElement",{"using":"css selector","value":"*[name='group_name']"}]
1542632484710	Marionette	TRACE	0 <- [1,53,null,{"value":{"element-6066-11e4-a52e-4f735466cecf":"deec7184-6467-43da-a2c2-8c5e5805c644"}}]
1542632484715	Marionette	TRACE	0 -> [0,54,"WebDriver:ElementClear",{"id":"deec7184-6467-43da-a2c2-8c5e5805c644"}]
1542632484718	Marionette	TRACE	0 <- [1,54,null,{"value":null}]
1542632484722	Marionette	TRACE	0 -> [0,55,"WebDriver:FindElement",{"using":"css selector","value":"*[name='group_name']"}]
1542632484724	Marionette	TRACE	0 <- [1,55,null,{"value":{"element-6066-11e4-a52e-4f735466cecf":"deec7184-6467-43da-a2c2-8c5e5805c644"}}]
1542632484729	Marionette	TRACE	0 -> [0,56,"WebDriver:ElementSendKeys",{"id":"deec7184-6467-43da-a2c2-8c5e5805c644","text":"test2","value":["t","e","s","t","2"]}]
1542632484739	Marionette	TRACE	0 <- [1,56,null,{"value":null}]
1542632484745	Marionette	TRACE	0 -> [0,57,"WebDriver:FindElement",{"using":"css selector","value":"*[name='group_header']"}]
1542632484747	Marionette	TRACE	0 <- [1,57,null,{"value":{"element-6066-11e4-a52e-4f735466cecf":"df282655-0d32-4e10-b187-e5de58915036"}}]
1542632484751	Marionette	TRACE	0 -> [0,58,"WebDriver:ElementClick",{"id":"df282655-0d32-4e10-b187-e5de58915036"}]
1542632484956	Marionette	DEBUG	[6442450945] Canceled page load listener because no navigation has been detected
1542632484957	Marionette	TRACE	0 <- [1,58,null,{"value":null}]
1542632484963	Marionette	TRACE	0 -> [0,59,"WebDriver:FindElement",{"using":"css selector","value":"*[name='group_header']"}]
1542632484966	Marionette	TRACE	0 <- [1,59,null,{"value":{"element-6066-11e4-a52e-4f735466cecf":"df282655-0d32-4e10-b187-e5de58915036"}}]
1542632484972	Marionette	TRACE	0 -> [0,60,"WebDriver:ElementClear",{"id":"df282655-0d32-4e10-b187-e5de58915036"}]
1542632484976	Marionette	TRACE	0 <- [1,60,null,{"value":null}]
1542632484982	Marionette	TRACE	0 -> [0,61,"WebDriver:FindElement",{"using":"css selector","value":"*[name='group_header']"}]
1542632484985	Marionette	TRACE	0 <- [1,61,null,{"value":{"element-6066-11e4-a52e-4f735466cecf":"df282655-0d32-4e10-b187-e5de58915036"}}]
1542632484992	Marionette	TRACE	0 -> [0,62,"WebDriver:ElementSendKeys",{"id":"df282655-0d32-4e10-b187-e5de58915036","text":"header2","value":["h","e","a","d","e","r","2"]}]
1542632485001	Marionette	TRACE	0 <- [1,62,null,{"value":null}]
1542632485006	Marionette	TRACE	0 -> [0,63,"WebDriver:FindElement",{"using":"css selector","value":"*[name='group_footer']"}]
1542632485008	Marionette	TRACE	0 <- [1,63,null,{"value":{"element-6066-11e4-a52e-4f735466cecf":"72f2bfea-b5f7-4311-ad29-c6e00534541e"}}]
1542632485013	Marionette	TRACE	0 -> [0,64,"WebDriver:ElementClick",{"id":"72f2bfea-b5f7-4311-ad29-c6e00534541e"}]
1542632485226	Marionette	DEBUG	[6442450945] Canceled page load listener because no navigation has been detected
1542632485227	Marionette	TRACE	0 <- [1,64,null,{"value":null}]
1542632485236	Marionette	TRACE	0 -> [0,65,"WebDriver:FindElement",{"using":"css selector","value":"*[name='group_footer']"}]
1542632485239	Marionette	TRACE	0 <- [1,65,null,{"value":{"element-6066-11e4-a52e-4f735466cecf":"72f2bfea-b5f7-4311-ad29-c6e00534541e"}}]
1542632485246	Marionette	TRACE	0 -> [0,66,"WebDriver:ElementClear",{"id":"72f2bfea-b5f7-4311-ad29-c6e00534541e"}]
1542632485250	Marionette	TRACE	0 <- [1,66,null,{"value":null}]
1542632485256	Marionette	TRACE	0 -> [0,67,"WebDriver:FindElement",{"using":"css selector","value":"*[name='group_footer']"}]
1542632485258	Marionette	TRACE	0 <- [1,67,null,{"value":{"element-6066-11e4-a52e-4f735466cecf":"72f2bfea-b5f7-4311-ad29-c6e00534541e"}}]
1542632485263	Marionette	TRACE	0 -> [0,68,"WebDriver:ElementSendKeys",{"id":"72f2bfea-b5f7-4311-ad29-c6e00534541e","text":"footer2","value":["f","o","o","t","e","r","2"]}]
1542632485270	Marionette	TRACE	0 <- [1,68,null,{"value":null}]
1542632485275	Marionette	TRACE	0 -> [0,69,"WebDriver:FindElement",{"using":"css selector","value":"*[name='submit']"}]
1542632485279	Marionette	TRACE	0 <- [1,69,null,{"value":{"element-6066-11e4-a52e-4f735466cecf":"4e767b3f-37c9-48dc-9fdc-f919f3d0d930"}}]
1542632485284	Marionette	TRACE	0 -> [0,70,"WebDriver:ElementClick",{"id":"4e767b3f-37c9-48dc-9fdc-f919f3d0d930"}]
1542632485291	Marionette	DEBUG	[6442450945] Received DOM event beforeunload for http://localhost/addressbook/group.php
1542632485332	Marionette	DEBUG	[6442450945] Received DOM event pagehide for http://localhost/addressbook/group.php
1542632485335	Marionette	DEBUG	[6442450945] Received DOM event unload for http://localhost/addressbook/group.php
1542632485344	Marionette	DEBUG	[6442450945] Received DOM event DOMContentLoaded for http://localhost/addressbook/group.php
1542632485357	Marionette	DEBUG	[6442450945] Received DOM event pageshow for http://localhost/addressbook/group.php
1542632485358	Marionette	TRACE	0 <- [1,70,null,{"value":null}]
1542632485363	Marionette	TRACE	0 -> [0,71,"WebDriver:FindElement",{"using":"link text","value":"group page"}]
1542632485398	Marionette	TRACE	0 <- [1,71,null,{"value":{"element-6066-11e4-a52e-4f735466cecf":"bd20f455-c745-478c-a290-0bc639ead7d3"}}]
1542632485404	Marionette	TRACE	0 -> [0,72,"WebDriver:ElementClick",{"id":"bd20f455-c745-478c-a290-0bc639ead7d3"}]
1542632485412	Marionette	DEBUG	[6442450945] Received DOM event beforeunload for http://localhost/addressbook/group.php
1542632485459	Marionette	DEBUG	[6442450945] Received DOM event pagehide for http://localhost/addressbook/group.php
1542632485459	Marionette	DEBUG	[6442450945] Received DOM event unload for http://localhost/addressbook/group.php
1542632485470	Marionette	DEBUG	[6442450945] Received DOM event DOMContentLoaded for http://localhost/addressbook/group.php
1542632485479	Marionette	DEBUG	[6442450945] Received DOM event pageshow for http://localhost/addressbook/group.php
1542632485480	Marionette	TRACE	0 <- [1,72,null,{"value":null}]
1542632485490	Marionette	TRACE	0 -> [0,73,"WebDriver:FindElements",{"using":"css selector","value":"*[name='selected[]']"}]
1542632485506	Marionette	TRACE	0 <- [1,73,null,[{"element-6066-11e4-a52e-4f735466cecf":"091742f6-38e5-43b4-845d-2865f35d70a4"},{"element-6066-11e4-a52e-4f735466c ... ecf":"7fbbbf85-36d8-4e78-b659-5a1036c75f40"},{"element-6066-11e4-a52e-4f735466cecf":"b8a332d2-599a-4fa8-b77e-982496d3e0d2"}]]
1542632485512	Marionette	TRACE	0 -> [0,74,"WebDriver:FindElement",{"using":"css selector","value":"[href='group.php']"}]
1542632485514	Marionette	TRACE	0 <- [1,74,null,{"value":{"element-6066-11e4-a52e-4f735466cecf":"cde33b09-c1fb-4a0b-88cf-f162077501fb"}}]
1542632485521	Marionette	TRACE	0 -> [0,75,"WebDriver:ElementClick",{"id":"cde33b09-c1fb-4a0b-88cf-f162077501fb"}]
1542632485528	Marionette	DEBUG	[6442450945] Received DOM event beforeunload for http://localhost/addressbook/group.php
1542632485564	Marionette	DEBUG	[6442450945] Received DOM event pagehide for http://localhost/addressbook/group.php
1542632485565	Marionette	DEBUG	[6442450945] Received DOM event unload for http://localhost/addressbook/group.php
1542632485576	Marionette	DEBUG	[6442450945] Received DOM event DOMContentLoaded for http://localhost/addressbook/group.php
1542632485590	Marionette	DEBUG	[6442450945] Received DOM event pageshow for http://localhost/addressbook/group.php
1542632485591	Marionette	TRACE	0 <- [1,75,null,{"value":null}]
1542632485596	Marionette	TRACE	0 -> [0,76,"WebDriver:FindElements",{"using":"css selector","value":"*[name='selected[]']"}]
1542632485611	Marionette	TRACE	0 <- [1,76,null,[{"element-6066-11e4-a52e-4f735466cecf":"8f00b86a-d7d7-4674-8496-1403b22f7b13"},{"element-6066-11e4-a52e-4f735466c ... ecf":"83e60e66-41c3-4aa0-934a-127702ce5b2e"},{"element-6066-11e4-a52e-4f735466cecf":"c45c6887-7c1b-4130-b428-44c7371b6d2c"}]]
1542632485616	Marionette	TRACE	0 -> [0,77,"WebDriver:FindElement",{"using":"css selector","value":"*[name='new']"}]
1542632485621	Marionette	TRACE	0 <- [1,77,null,{"value":{"element-6066-11e4-a52e-4f735466cecf":"653a5b49-9776-48b2-afc5-363b916721bd"}}]
1542632485629	Marionette	TRACE	0 -> [0,78,"WebDriver:ElementClick",{"id":"653a5b49-9776-48b2-afc5-363b916721bd"}]
1542632485642	Marionette	DEBUG	[6442450945] Received DOM event beforeunload for http://localhost/addressbook/group.php
1542632485688	Marionette	DEBUG	[6442450945] Received DOM event pagehide for http://localhost/addressbook/group.php
1542632485689	Marionette	DEBUG	[6442450945] Received DOM event unload for http://localhost/addressbook/group.php
1542632485696	Marionette	DEBUG	[6442450945] Received DOM event DOMContentLoaded for http://localhost/addressbook/group.php
1542632485707	Marionette	DEBUG	[6442450945] Received DOM event pageshow for http://localhost/addressbook/group.php
1542632485708	Marionette	TRACE	0 <- [1,78,null,{"value":null}]
1542632485713	Marionette	TRACE	0 -> [0,79,"WebDriver:FindElement",{"using":"css selector","value":"*[name='group_name']"}]
1542632485719	Marionette	TRACE	0 <- [1,79,null,{"value":{"element-6066-11e4-a52e-4f735466cecf":"0c01c549-9bba-4bf4-8c2b-d0ef348310ca"}}]
1542632485724	Marionette	TRACE	0 -> [0,80,"WebDriver:ElementClick",{"id":"0c01c549-9bba-4bf4-8c2b-d0ef348310ca"}]
1542632485972	Marionette	DEBUG	[6442450945] Canceled page load listener because no navigation has been detected
1542632485973	Marionette	TRACE	0 <- [1,80,null,{"value":null}]
1542632485977	Marionette	TRACE	0 -> [0,81,"WebDriver:FindElement",{"using":"css selector","value":"*[name='group_name']"}]
1542632485979	Marionette	TRACE	0 <- [1,81,null,{"value":{"element-6066-11e4-a52e-4f735466cecf":"0c01c549-9bba-4bf4-8c2b-d0ef348310ca"}}]
1542632485983	Marionette	TRACE	0 -> [0,82,"WebDriver:ElementClear",{"id":"0c01c549-9bba-4bf4-8c2b-d0ef348310ca"}]
1542632485986	Marionette	TRACE	0 <- [1,82,null,{"value":null}]
1542632485988	Marionette	TRACE	0 -> [0,83,"WebDriver:FindElement",{"using":"css selector","value":"*[name='group_name']"}]
1542632485991	Marionette	TRACE	0 <- [1,83,null,{"value":{"element-6066-11e4-a52e-4f735466cecf":"0c01c549-9bba-4bf4-8c2b-d0ef348310ca"}}]
1542632485995	Marionette	TRACE	0 -> [0,84,"WebDriver:ElementSendKeys",{"id":"0c01c549-9bba-4bf4-8c2b-d0ef348310ca","text":"test3","value":["t","e","s","t","3"]}]
1542632486002	Marionette	TRACE	0 <- [1,84,null,{"value":null}]
1542632486007	Marionette	TRACE	0 -> [0,85,"WebDriver:FindElement",{"using":"css selector","value":"*[name='group_header']"}]
1542632486010	Marionette	TRACE	0 <- [1,85,null,{"value":{"element-6066-11e4-a52e-4f735466cecf":"08e78f63-bead-4600-a045-7c23747fc0a8"}}]
1542632486014	Marionette	TRACE	0 -> [0,86,"WebDriver:ElementClick",{"id":"08e78f63-bead-4600-a045-7c23747fc0a8"}]
1542632486221	Marionette	DEBUG	[6442450945] Canceled page load listener because no navigation has been detected
1542632486222	Marionette	TRACE	0 <- [1,86,null,{"value":null}]
1542632486230	Marionette	TRACE	0 -> [0,87,"WebDriver:FindElement",{"using":"css selector","value":"*[name='group_header']"}]
1542632486237	Marionette	TRACE	0 <- [1,87,null,{"value":{"element-6066-11e4-a52e-4f735466cecf":"08e78f63-bead-4600-a045-7c23747fc0a8"}}]
1542632486245	Marionette	TRACE	0 -> [0,88,"WebDriver:ElementClear",{"id":"08e78f63-bead-4600-a045-7c23747fc0a8"}]
1542632486251	Marionette	TRACE	0 <- [1,88,null,{"value":null}]
1542632486259	Marionette	TRACE	0 -> [0,89,"WebDriver:FindElement",{"using":"css selector","value":"*[name='group_header']"}]
1542632486267	Marionette	TRACE	0 <- [1,89,null,{"value":{"element-6066-11e4-a52e-4f735466cecf":"08e78f63-bead-4600-a045-7c23747fc0a8"}}]
1542632486274	Marionette	TRACE	0 -> [0,90,"WebDriver:ElementSendKeys",{"id":"08e78f63-bead-4600-a045-7c23747fc0a8","text":"header3","value":["h","e","a","d","e","r","3"]}]
1542632486283	Marionette	TRACE	0 <- [1,90,null,{"value":null}]
1542632486286	Marionette	TRACE	0 -> [0,91,"WebDriver:FindElement",{"using":"css selector","value":"*[name='group_footer']"}]
1542632486289	Marionette	TRACE	0 <- [1,91,null,{"value":{"element-6066-11e4-a52e-4f735466cecf":"0c442e0b-d545-48af-aba3-b9128b419754"}}]
1542632486293	Marionette	TRACE	0 -> [0,92,"WebDriver:ElementClick",{"id":"0c442e0b-d545-48af-aba3-b9128b419754"}]
1542632486506	Marionette	DEBUG	[6442450945] Canceled page load listener because no navigation has been detected
1542632486507	Marionette	TRACE	0 <- [1,92,null,{"value":null}]
1542632486512	Marionette	TRACE	0 -> [0,93,"WebDriver:FindElement",{"using":"css selector","value":"*[name='group_footer']"}]
1542632486515	Marionette	TRACE	0 <- [1,93,null,{"value":{"element-6066-11e4-a52e-4f735466cecf":"0c442e0b-d545-48af-aba3-b9128b419754"}}]
1542632486519	Marionette	TRACE	0 -> [0,94,"WebDriver:ElementClear",{"id":"0c442e0b-d545-48af-aba3-b9128b419754"}]
1542632486521	Marionette	TRACE	0 <- [1,94,null,{"value":null}]
1542632486525	Marionette	TRACE	0 -> [0,95,"WebDriver:FindElement",{"using":"css selector","value":"*[name='group_footer']"}]
1542632486527	Marionette	TRACE	0 <- [1,95,null,{"value":{"element-6066-11e4-a52e-4f735466cecf":"0c442e0b-d545-48af-aba3-b9128b419754"}}]
1542632486531	Marionette	TRACE	0 -> [0,96,"WebDriver:ElementSendKeys",{"id":"0c442e0b-d545-48af-aba3-b9128b419754","text":"footer3","value":["f","o","o","t","e","r","3"]}]
1542632486538	Marionette	TRACE	0 <- [1,96,null,{"value":null}]
1542632486541	Marionette	TRACE	0 -> [0,97,"WebDriver:FindElement",{"using":"css selector","value":"*[name='submit']"}]
1542632486543	Marionette	TRACE	0 <- [1,97,null,{"value":{"element-6066-11e4-a52e-4f735466cecf":"1de2f8bf-64bc-4a6a-8843-f7a7f6647b6c"}}]
1542632486547	Marionette	TRACE	0 -> [0,98,"WebDriver:ElementClick",{"id":"1de2f8bf-64bc-4a6a-8843-f7a7f6647b6c"}]
1542632486557	Marionette	DEBUG	[6442450945] Received DOM event beforeunload for http://localhost/addressbook/group.php
1542632486592	Marionette	DEBUG	[6442450945] Received DOM event pagehide for http://localhost/addressbook/group.php
1542632486593	Marionette	DEBUG	[6442450945] Received DOM event unload for http://localhost/addressbook/group.php
1542632486605	Marionette	DEBUG	[6442450945] Received DOM event DOMContentLoaded for http://localhost/addressbook/group.php
1542632486613	Marionette	DEBUG	[6442450945] Received DOM event pageshow for http://localhost/addressbook/group.php
1542632486614	Marionette	TRACE	0 <- [1,98,null,{"value":null}]
1542632486624	Marionette	TRACE	0 -> [0,99,"WebDriver:FindElement",{"using":"link text","value":"group page"}]
1542632486663	Marionette	TRACE	0 <- [1,99,null,{"value":{"element-6066-11e4-a52e-4f735466cecf":"a37bafb0-9f2b-4682-9484-0ad313277f64"}}]
1542632486670	Marionette	TRACE	0 -> [0,100,"WebDriver:ElementClick",{"id":"a37bafb0-9f2b-4682-9484-0ad313277f64"}]
1542632486677	Marionette	DEBUG	[6442450945] Received DOM event beforeunload for http://localhost/addressbook/group.php
1542632486709	Marionette	DEBUG	[6442450945] Received DOM event pagehide for http://localhost/addressbook/group.php
1542632486709	Marionette	DEBUG	[6442450945] Received DOM event unload for http://localhost/addressbook/group.php
1542632486721	Marionette	DEBUG	[6442450945] Received DOM event DOMContentLoaded for http://localhost/addressbook/group.php
1542632486727	Marionette	DEBUG	[6442450945] Received DOM event pageshow for http://localhost/addressbook/group.php
1542632486728	Marionette	TRACE	0 <- [1,100,null,{"value":null}]
1542632486741	Marionette	TRACE	0 -> [0,101,"WebDriver:FindElements",{"using":"css selector","value":"*[name='selected[]']"}]
1542632486764	Marionette	TRACE	0 <- [1,101,null,[{"element-6066-11e4-a52e-4f735466cecf":"b02b8119-078e-4943-9dd0-847afd8c20f1"},{"element-6066-11e4-a52e-4f735466 ... ecf":"6ac2e884-67c2-4ec4-9645-a68a966a640f"},{"element-6066-11e4-a52e-4f735466cecf":"6ec9aee6-e216-4ceb-82df-3861621226d0"}]]
1542632486776	Marionette	TRACE	0 -> [0,102,"WebDriver:FindElement",{"using":"css selector","value":"[href='group.php']"}]
1542632486778	Marionette	TRACE	0 <- [1,102,null,{"value":{"element-6066-11e4-a52e-4f735466cecf":"82619fd7-f769-4655-9759-035649d58821"}}]
1542632486784	Marionette	TRACE	0 -> [0,103,"WebDriver:ElementClick",{"id":"82619fd7-f769-4655-9759-035649d58821"}]
1542632486791	Marionette	DEBUG	[6442450945] Received DOM event beforeunload for http://localhost/addressbook/group.php
1542632486828	Marionette	DEBUG	[6442450945] Received DOM event pagehide for http://localhost/addressbook/group.php
1542632486828	Marionette	DEBUG	[6442450945] Received DOM event unload for http://localhost/addressbook/group.php
1542632486839	Marionette	DEBUG	[6442450945] Received DOM event DOMContentLoaded for http://localhost/addressbook/group.php
1542632486847	Marionette	DEBUG	[6442450945] Received DOM event pageshow for http://localhost/addressbook/group.php
1542632486851	Marionette	TRACE	0 <- [1,103,null,{"value":null}]
1542632486862	Marionette	TRACE	0 -> [0,104,"WebDriver:FindElements",{"using":"css selector","value":"*[name='selected[]']"}]
1542632486886	Marionette	TRACE	0 <- [1,104,null,[{"element-6066-11e4-a52e-4f735466cecf":"31c0ecbf-88ae-499d-9e51-7720e7f68a7e"},{"element-6066-11e4-a52e-4f735466 ... ecf":"e9642367-6ff3-4a94-bdb1-2926d2274461"},{"element-6066-11e4-a52e-4f735466cecf":"05ba7ead-0b81-4534-8ec3-a91f62ceb65e"}]]
1542632486891	Marionette	TRACE	0 -> [0,105,"WebDriver:FindElement",{"using":"css selector","value":"*[name='new']"}]
1542632486893	Marionette	TRACE	0 <- [1,105,null,{"value":{"element-6066-11e4-a52e-4f735466cecf":"be13d63c-ba8b-49b4-bb5c-84f91b3f3f69"}}]
1542632486896	Marionette	TRACE	0 -> [0,106,"WebDriver:ElementClick",{"id":"be13d63c-ba8b-49b4-bb5c-84f91b3f3f69"}]
1542632486906	Marionette	DEBUG	[6442450945] Received DOM event beforeunload for http://localhost/addressbook/group.php
1542632486942	Marionette	DEBUG	[6442450945] Received DOM event pagehide for http://localhost/addressbook/group.php
1542632486942	Marionette	DEBUG	[6442450945] Received DOM event unload for http://localhost/addressbook/group.php
1542632486956	Marionette	DEBUG	[6442450945] Received DOM event DOMContentLoaded for http://localhost/addressbook/group.php
1542632486960	Marionette	DEBUG	[6442450945] Received DOM event pageshow for http://localhost/addressbook/group.php
1542632486960	Marionette	TRACE	0 <- [1,106,null,{"value":null}]
1542632486970	Marionette	TRACE	0 -> [0,107,"WebDriver:FindElement",{"using":"css selector","value":"*[name='group_name']"}]
1542632486976	Marionette	TRACE	0 <- [1,107,null,{"value":{"element-6066-11e4-a52e-4f735466cecf":"b09b7339-a1a2-4491-b816-35e5db0fa130"}}]
1542632486987	Marionette	TRACE	0 -> [0,108,"WebDriver:ElementClick",{"id":"b09b7339-a1a2-4491-b816-35e5db0fa130"}]
1542632487197	Marionette	DEBUG	[6442450945] Canceled page load listener because no navigation has been detected
1542632487220	Marionette	TRACE	0 <- [1,108,null,{"value":null}]
1542632487232	Marionette	TRACE	0 -> [0,109,"WebDriver:FindElement",{"using":"css selector","value":"*[name='group_name']"}]
1542632487236	Marionette	TRACE	0 <- [1,109,null,{"value":{"element-6066-11e4-a52e-4f735466cecf":"b09b7339-a1a2-4491-b816-35e5db0fa130"}}]
1542632487248	Marionette	TRACE	0 -> [0,110,"WebDriver:ElementClear",{"id":"b09b7339-a1a2-4491-b816-35e5db0fa130"}]
1542632487252	Marionette	TRACE	0 <- [1,110,null,{"value":null}]
1542632487255	Marionette	TRACE	0 -> [0,111,"WebDriver:FindElement",{"using":"css selector","value":"*[name='group_name']"}]
1542632487257	Marionette	TRACE	0 <- [1,111,null,{"value":{"element-6066-11e4-a52e-4f735466cecf":"b09b7339-a1a2-4491-b816-35e5db0fa130"}}]
1542632487260	Marionette	TRACE	0 -> [0,112,"WebDriver:ElementSendKeys",{"id":"b09b7339-a1a2-4491-b816-35e5db0fa130","text":"test4","value":["t","e","s","t","4"]}]
1542632487270	Marionette	TRACE	0 <- [1,112,null,{"value":null}]
1542632487275	Marionette	TRACE	0 -> [0,113,"WebDriver:FindElement",{"using":"css selector","value":"*[name='group_header']"}]
1542632487278	Marionette	TRACE	0 <- [1,113,null,{"value":{"element-6066-11e4-a52e-4f735466cecf":"8c26b425-5e9f-4f69-8519-48fcc4d8bdf3"}}]
1542632487283	Marionette	TRACE	0 -> [0,114,"WebDriver:ElementClick",{"id":"8c26b425-5e9f-4f69-8519-48fcc4d8bdf3"}]
1542632487492	Marionette	DEBUG	[6442450945] Canceled page load listener because no navigation has been detected
1542632487494	Marionette	TRACE	0 <- [1,114,null,{"value":null}]
1542632487501	Marionette	TRACE	0 -> [0,115,"WebDriver:FindElement",{"using":"css selector","value":"*[name='group_header']"}]
1542632487505	Marionette	TRACE	0 <- [1,115,null,{"value":{"element-6066-11e4-a52e-4f735466cecf":"8c26b425-5e9f-4f69-8519-48fcc4d8bdf3"}}]
1542632487508	Marionette	TRACE	0 -> [0,116,"WebDriver:ElementClear",{"id":"8c26b425-5e9f-4f69-8519-48fcc4d8bdf3"}]
1542632487510	Marionette	TRACE	0 <- [1,116,null,{"value":null}]
1542632487515	Marionette	TRACE	0 -> [0,117,"WebDriver:FindElement",{"using":"css selector","value":"*[name='group_header']"}]
1542632487516	Marionette	TRACE	0 <- [1,117,null,{"value":{"element-6066-11e4-a52e-4f735466cecf":"8c26b425-5e9f-4f69-8519-48fcc4d8bdf3"}}]
1542632487520	Marionette	TRACE	0 -> [0,118,"WebDriver:ElementSendKeys",{"id":"8c26b425-5e9f-4f69-8519-48fcc4d8bdf3","text":"header4","value":["h","e","a","d","e","r","4"]}]
1542632487527	Marionette	TRACE	0 <- [1,118,null,{"value":null}]
1542632487532	Marionette	TRACE	0 -> [0,119,"WebDriver:FindElement",{"using":"css selector","value":"*[name='group_footer']"}]
1542632487535	Marionette	TRACE	0 <- [1,119,null,{"value":{"element-6066-11e4-a52e-4f735466cecf":"8011562c-14e1-4d14-bac1-a47384f23f6e"}}]
1542632487539	Marionette	TRACE	0 -> [0,120,"WebDriver:ElementClick",{"id":"8011562c-14e1-4d14-bac1-a47384f23f6e"}]
1542632487745	Marionette	DEBUG	[6442450945] Canceled page load listener because no navigation has been detected
1542632487745	Marionette	TRACE	0 <- [1,120,null,{"value":null}]
1542632487749	Marionette	TRACE	0 -> [0,121,"WebDriver:FindElement",{"using":"css selector","value":"*[name='group_footer']"}]
1542632487751	Marionette	TRACE	0 <- [1,121,null,{"value":{"element-6066-11e4-a52e-4f735466cecf":"8011562c-14e1-4d14-bac1-a47384f23f6e"}}]
1542632487755	Marionette	TRACE	0 -> [0,122,"WebDriver:ElementClear",{"id":"8011562c-14e1-4d14-bac1-a47384f23f6e"}]
1542632487756	Marionette	TRACE	0 <- [1,122,null,{"value":null}]
1542632487760	Marionette	TRACE	0 -> [0,123,"WebDriver:FindElement",{"using":"css selector","value":"*[name='group_footer']"}]
1542632487762	Marionette	TRACE	0 <- [1,123,null,{"value":{"element-6066-11e4-a52e-4f735466cecf":"8011562c-14e1-4d14-bac1-a47384f23f6e"}}]
1542632487766	Marionette	TRACE	0 -> [0,124,"WebDriver:ElementSendKeys",{"id":"8011562c-14e1-4d14-bac1-a47384f23f6e","text":"footer4","value":["f","o","o","t","e","r","4"]}]
1542632487773	Marionette	TRACE	0 <- [1,124,null,{"value":null}]
1542632487776	Marionette	TRACE	0 -> [0,125,"WebDriver:FindElement",{"using":"css selector","value":"*[name='submit']"}]
1542632487778	Marionette	TRACE	0 <- [1,125,null,{"value":{"element-6066-11e4-a52e-4f735466cecf":"02ccaf2e-d6e9-44d1-847a-577e6080254b"}}]
1542632487782	Marionette	TRACE	0 -> [0,126,"WebDriver:ElementClick",{"id":"02ccaf2e-d6e9-44d1-847a-577e6080254b"}]
1542632487792	Marionette	DEBUG	[6442450945] Received DOM event beforeunload for http://localhost/addressbook/group.php
1542632488105	Marionette	DEBUG	[6442450945] Received DOM event pagehide for http://localhost/addressbook/group.php
1542632488106	Marionette	DEBUG	[6442450945] Received DOM event unload for http://localhost/addressbook/group.php
1542632488111	Marionette	DEBUG	[6442450945] Received DOM event DOMContentLoaded for http://localhost/addressbook/group.php
1542632488126	Marionette	DEBUG	[6442450945] Received DOM event pageshow for http://localhost/addressbook/group.php
1542632488127	Marionette	TRACE	0 <- [1,126,null,{"value":null}]
1542632488135	Marionette	TRACE	0 -> [0,127,"WebDriver:FindElement",{"using":"link text","value":"group page"}]
1542632488161	Marionette	TRACE	0 <- [1,127,null,{"value":{"element-6066-11e4-a52e-4f735466cecf":"8867fba1-72c9-4548-9cbe-fd3c5c7e6d14"}}]
1542632488167	Marionette	TRACE	0 -> [0,128,"WebDriver:ElementClick",{"id":"8867fba1-72c9-4548-9cbe-fd3c5c7e6d14"}]
1542632488172	Marionette	DEBUG	[6442450945] Received DOM event beforeunload for http://localhost/addressbook/group.php
1542632488202	Marionette	DEBUG	[6442450945] Received DOM event pagehide for http://localhost/addressbook/group.php
1542632488202	Marionette	DEBUG	[6442450945] Received DOM event unload for http://localhost/addressbook/group.php
1542632488208	Marionette	DEBUG	[6442450945] Received DOM event DOMContentLoaded for http://localhost/addressbook/group.php
1542632488219	Marionette	DEBUG	[6442450945] Received DOM event pageshow for http://localhost/addressbook/group.php
1542632488221	Marionette	TRACE	0 <- [1,128,null,{"value":null}]
1542632488229	Marionette	TRACE	0 -> [0,129,"WebDriver:FindElements",{"using":"css selector","value":"*[name='selected[]']"}]
1542632488258	Marionette	TRACE	0 <- [1,129,null,[{"element-6066-11e4-a52e-4f735466cecf":"71dee63e-bfaf-4bd0-ba68-a94f25b162a9"},{"element-6066-11e4-a52e-4f735466 ... ecf":"5ab18bb0-c9dd-4577-8d12-879c28cb7505"},{"element-6066-11e4-a52e-4f735466cecf":"e0fab306-fa9c-4e45-8ffc-d99e56cd9142"}]]
]]></system-err>
</testsuite>
