<?xml version="1.0" encoding="UTF-8"?>
<testsuite name="com.telran.repeat.tests.GroupDeletionTests" tests="2" skipped="0" failures="0" errors="0" timestamp="2018-12-03T11:55:34" hostname="DESKTOP-PUIG3K0" time="0.761">
  <properties/>
  <testcase name="testFirstGroupDeletion" classname="com.telran.repeat.tests.GroupDeletionTests" time="0.306"/>
  <testcase name="testLastGroupDeletion" classname="com.telran.repeat.tests.GroupDeletionTests" time="0.328"/>
  <system-out><![CDATA[]]></system-out>
  <system-err><![CDATA[]]></system-err>
</testsuite>
