<?xml version="1.0" encoding="UTF-8"?>
<testsuite name="com.telran.repeat.tests.ContactDeletionTests" tests="2" skipped="0" failures="0" errors="0" timestamp="2018-12-03T11:56:21" hostname="DESKTOP-PUIG3K0" time="6.914">
  <properties/>
  <testcase name="testFirstContactDeletion" classname="com.telran.repeat.tests.ContactDeletionTests" time="3.381"/>
  <testcase name="testLastContactDeletion" classname="com.telran.repeat.tests.ContactDeletionTests" time="3.335"/>
  <system-out><![CDATA[]]></system-out>
  <system-err><![CDATA[]]></system-err>
</testsuite>
