<?xml version="1.0" encoding="UTF-8"?>
<testsuite name="com.telran.repeat.tests.GroupModificationTests" tests="5" skipped="0" failures="0" errors="0" timestamp="2018-11-15T13:06:01" hostname="DESKTOP-PUIG3K0" time="7.816">
  <properties/>
  <testcase name="testEmptyGroupModification" classname="com.telran.repeat.tests.GroupModificationTests" time="1.284"/>
  <testcase name="testGroupModification[0](Group{groupName='test1', groupHeader='header1', groupFooter='footer1'})" classname="com.telran.repeat.tests.GroupModificationTests" time="1.583"/>
  <testcase name="testGroupModification[1](Group{groupName='test2', groupHeader='header2', groupFooter='footer2'})" classname="com.telran.repeat.tests.GroupModificationTests" time="1.483"/>
  <testcase name="testGroupModification[2](Group{groupName='test3', groupHeader='header3', groupFooter='footer3'})" classname="com.telran.repeat.tests.GroupModificationTests" time="1.552"/>
  <testcase name="testGroupModification[3](Group{groupName='test4', groupHeader='header4', groupFooter='footer4'})" classname="com.telran.repeat.tests.GroupModificationTests" time="1.538"/>
  <system-out><![CDATA[]]></system-out>
  <system-err><![CDATA[1542287161442	Marionette	TRACE	0 -> [0,399,"WebDriver:FindElement",{"using":"css selector","value":"[href='group.php']"}]
1542287161448	Marionette	TRACE	0 <- [1,399,null,{"value":{"element-6066-11e4-a52e-4f735466cecf":"93299f70-fce5-4067-ba3c-4ff1b6aa31f4"}}]
1542287161458	Marionette	TRACE	0 -> [0,400,"WebDriver:ElementClick",{"id":"93299f70-fce5-4067-ba3c-4ff1b6aa31f4"}]
1542287161472	Marionette	DEBUG	[6442450945] Received DOM event beforeunload for http://localhost/addressbook/group.php
1542287161502	Marionette	DEBUG	[6442450945] Received DOM event pagehide for http://localhost/addressbook/group.php
1542287161503	Marionette	DEBUG	[6442450945] Received DOM event unload for http://localhost/addressbook/group.php
1542287161516	Marionette	DEBUG	[6442450945] Received DOM event DOMContentLoaded for http://localhost/addressbook/group.php
1542287161521	Marionette	DEBUG	[6442450945] Received DOM event pageshow for http://localhost/addressbook/group.php
1542287161522	Marionette	TRACE	0 <- [1,400,null,{"value":null}]
1542287161526	Marionette	TRACE	0 -> [0,401,"WebDriver:FindElements",{"using":"css selector","value":"*[name='selected[]']"}]
1542287161573	Marionette	TRACE	0 <- [1,401,null,[{"element-6066-11e4-a52e-4f735466cecf":"46f32148-1e66-4e6f-a235-634732198cb5"},{"element-6066-11e4-a52e-4f735466 ... ecf":"7468f85f-7a77-407d-a437-7d760f08a695"},{"element-6066-11e4-a52e-4f735466cecf":"a6eb4b0a-5684-44db-bc40-8eedd6c58d0b"}]]
1542287161579	Marionette	TRACE	0 -> [0,402,"WebDriver:FindElement",{"using":"css selector","value":"*[name='edit']"}]
1542287161581	Marionette	TRACE	0 <- [1,402,null,{"value":{"element-6066-11e4-a52e-4f735466cecf":"305fe4f8-63e6-446f-a246-b816c833a4b6"}}]
1542287161586	Marionette	TRACE	0 -> [0,403,"WebDriver:ElementClick",{"id":"305fe4f8-63e6-446f-a246-b816c833a4b6"}]
1542287161593	Marionette	DEBUG	[6442450945] Received DOM event beforeunload for http://localhost/addressbook/group.php
1542287161626	Marionette	DEBUG	[6442450945] Received DOM event pagehide for http://localhost/addressbook/group.php
1542287161627	Marionette	DEBUG	[6442450945] Received DOM event unload for http://localhost/addressbook/group.php
1542287161638	Marionette	DEBUG	[6442450945] Received DOM event DOMContentLoaded for http://localhost/addressbook/group.php
1542287161643	Marionette	DEBUG	[6442450945] Received DOM event pageshow for http://localhost/addressbook/group.php
1542287161644	Marionette	TRACE	0 <- [1,403,null,{"value":null}]
1542287161655	Marionette	TRACE	0 -> [0,404,"WebDriver:FindElement",{"using":"css selector","value":"*[name='group_name']"}]
1542287161662	Marionette	TRACE	0 <- [1,404,null,{"value":{"element-6066-11e4-a52e-4f735466cecf":"df55c5b1-4fc0-47cd-97d4-506034fa4ae9"}}]
1542287161672	Marionette	TRACE	0 -> [0,405,"WebDriver:ElementClick",{"id":"df55c5b1-4fc0-47cd-97d4-506034fa4ae9"}]
1542287161889	Marionette	DEBUG	[6442450945] Canceled page load listener because no navigation has been detected
1542287161890	Marionette	TRACE	0 <- [1,405,null,{"value":null}]
1542287161895	Marionette	TRACE	0 -> [0,406,"WebDriver:FindElement",{"using":"css selector","value":"*[name='group_name']"}]
1542287161901	Marionette	TRACE	0 <- [1,406,null,{"value":{"element-6066-11e4-a52e-4f735466cecf":"df55c5b1-4fc0-47cd-97d4-506034fa4ae9"}}]
1542287161906	Marionette	TRACE	0 -> [0,407,"WebDriver:ElementClear",{"id":"df55c5b1-4fc0-47cd-97d4-506034fa4ae9"}]
1542287161911	Marionette	TRACE	0 <- [1,407,null,{"value":null}]
1542287161919	Marionette	TRACE	0 -> [0,408,"WebDriver:FindElement",{"using":"css selector","value":"*[name='group_name']"}]
1542287161924	Marionette	TRACE	0 <- [1,408,null,{"value":{"element-6066-11e4-a52e-4f735466cecf":"df55c5b1-4fc0-47cd-97d4-506034fa4ae9"}}]
1542287161931	Marionette	TRACE	0 -> [0,409,"WebDriver:ElementSendKeys",{"id":"df55c5b1-4fc0-47cd-97d4-506034fa4ae9","text":"","value":[]}]
1542287161937	Marionette	TRACE	0 <- [1,409,null,{"value":null}]
1542287161942	Marionette	TRACE	0 -> [0,410,"WebDriver:FindElement",{"using":"css selector","value":"*[name='group_header']"}]
1542287161946	Marionette	TRACE	0 <- [1,410,null,{"value":{"element-6066-11e4-a52e-4f735466cecf":"f7213574-dc82-4454-b5b4-73db87692d04"}}]
1542287161950	Marionette	TRACE	0 -> [0,411,"WebDriver:ElementClick",{"id":"f7213574-dc82-4454-b5b4-73db87692d04"}]
1542287162160	Marionette	DEBUG	[6442450945] Canceled page load listener because no navigation has been detected
1542287162163	Marionette	TRACE	0 <- [1,411,null,{"value":null}]
1542287162170	Marionette	TRACE	0 -> [0,412,"WebDriver:FindElement",{"using":"css selector","value":"*[name='group_header']"}]
1542287162179	Marionette	TRACE	0 <- [1,412,null,{"value":{"element-6066-11e4-a52e-4f735466cecf":"f7213574-dc82-4454-b5b4-73db87692d04"}}]
1542287162186	Marionette	TRACE	0 -> [0,413,"WebDriver:ElementClear",{"id":"f7213574-dc82-4454-b5b4-73db87692d04"}]
1542287162192	Marionette	TRACE	0 <- [1,413,null,{"value":null}]
1542287162197	Marionette	TRACE	0 -> [0,414,"WebDriver:FindElement",{"using":"css selector","value":"*[name='group_header']"}]
1542287162202	Marionette	TRACE	0 <- [1,414,null,{"value":{"element-6066-11e4-a52e-4f735466cecf":"f7213574-dc82-4454-b5b4-73db87692d04"}}]
1542287162210	Marionette	TRACE	0 -> [0,415,"WebDriver:ElementSendKeys",{"id":"f7213574-dc82-4454-b5b4-73db87692d04","text":"","value":[]}]
1542287162217	Marionette	TRACE	0 <- [1,415,null,{"value":null}]
1542287162221	Marionette	TRACE	0 -> [0,416,"WebDriver:FindElement",{"using":"css selector","value":"*[name='group_footer']"}]
1542287162226	Marionette	TRACE	0 <- [1,416,null,{"value":{"element-6066-11e4-a52e-4f735466cecf":"309c66c7-beb8-4cda-a9c5-cb1e6e21008f"}}]
1542287162229	Marionette	TRACE	0 -> [0,417,"WebDriver:ElementClick",{"id":"309c66c7-beb8-4cda-a9c5-cb1e6e21008f"}]
1542287162437	Marionette	DEBUG	[6442450945] Canceled page load listener because no navigation has been detected
1542287162439	Marionette	TRACE	0 <- [1,417,null,{"value":null}]
1542287162447	Marionette	TRACE	0 -> [0,418,"WebDriver:FindElement",{"using":"css selector","value":"*[name='group_footer']"}]
1542287162453	Marionette	TRACE	0 <- [1,418,null,{"value":{"element-6066-11e4-a52e-4f735466cecf":"309c66c7-beb8-4cda-a9c5-cb1e6e21008f"}}]
1542287162459	Marionette	TRACE	0 -> [0,419,"WebDriver:ElementClear",{"id":"309c66c7-beb8-4cda-a9c5-cb1e6e21008f"}]
1542287162464	Marionette	TRACE	0 <- [1,419,null,{"value":null}]
1542287162471	Marionette	TRACE	0 -> [0,420,"WebDriver:FindElement",{"using":"css selector","value":"*[name='group_footer']"}]
1542287162476	Marionette	TRACE	0 <- [1,420,null,{"value":{"element-6066-11e4-a52e-4f735466cecf":"309c66c7-beb8-4cda-a9c5-cb1e6e21008f"}}]
1542287162483	Marionette	TRACE	0 -> [0,421,"WebDriver:ElementSendKeys",{"id":"309c66c7-beb8-4cda-a9c5-cb1e6e21008f","text":"","value":[]}]
1542287162492	Marionette	TRACE	0 <- [1,421,null,{"value":null}]
1542287162498	Marionette	TRACE	0 -> [0,422,"WebDriver:FindElement",{"using":"css selector","value":"*[name='update']"}]
1542287162507	Marionette	TRACE	0 <- [1,422,null,{"value":{"element-6066-11e4-a52e-4f735466cecf":"4cf73c2d-ad27-446c-afe3-ba6eca77743d"}}]
1542287162510	Marionette	TRACE	0 -> [0,423,"WebDriver:ElementClick",{"id":"4cf73c2d-ad27-446c-afe3-ba6eca77743d"}]
1542287162516	Marionette	DEBUG	[6442450945] Received DOM event beforeunload for http://localhost/addressbook/group.php
1542287162541	Marionette	DEBUG	[6442450945] Received DOM event pagehide for http://localhost/addressbook/group.php
1542287162542	Marionette	DEBUG	[6442450945] Received DOM event unload for http://localhost/addressbook/group.php
1542287162555	Marionette	DEBUG	[6442450945] Received DOM event DOMContentLoaded for http://localhost/addressbook/group.php
1542287162558	Marionette	DEBUG	[6442450945] Received DOM event pageshow for http://localhost/addressbook/group.php
1542287162560	Marionette	TRACE	0 <- [1,423,null,{"value":null}]
1542287162571	Marionette	TRACE	0 -> [0,424,"WebDriver:FindElement",{"using":"link text","value":"group page"}]
1542287162613	Marionette	TRACE	0 <- [1,424,null,{"value":{"element-6066-11e4-a52e-4f735466cecf":"22175216-e95c-4b2d-a719-fe0f244e85df"}}]
1542287162619	Marionette	TRACE	0 -> [0,425,"WebDriver:ElementClick",{"id":"22175216-e95c-4b2d-a719-fe0f244e85df"}]
1542287162625	Marionette	DEBUG	[6442450945] Received DOM event beforeunload for http://localhost/addressbook/group.php
1542287162654	Marionette	DEBUG	[6442450945] Received DOM event pagehide for http://localhost/addressbook/group.php
1542287162655	Marionette	DEBUG	[6442450945] Received DOM event unload for http://localhost/addressbook/group.php
1542287162661	Marionette	DEBUG	[6442450945] Received DOM event DOMContentLoaded for http://localhost/addressbook/group.php
1542287162673	Marionette	DEBUG	[6442450945] Received DOM event pageshow for http://localhost/addressbook/group.php
1542287162674	Marionette	TRACE	0 <- [1,425,null,{"value":null}]
1542287162684	Marionette	TRACE	0 -> [0,426,"WebDriver:FindElements",{"using":"css selector","value":"*[name='selected[]']"}]
1542287162717	Marionette	TRACE	0 <- [1,426,null,[{"element-6066-11e4-a52e-4f735466cecf":"323c81ad-9bf9-41f9-b2d1-f61ac71638e3"},{"element-6066-11e4-a52e-4f735466 ... ecf":"ad3f6e4c-0041-4dcf-9b62-fe798b3ef027"},{"element-6066-11e4-a52e-4f735466cecf":"253939eb-265d-4f6d-a902-24ed7d0787c4"}]]
1542287162803	Marionette	TRACE	0 -> [0,430,"WebDriver:FindElement",{"using":"css selector","value":"[href='group.php']"}]
1542287162807	Marionette	TRACE	0 <- [1,430,null,{"value":{"element-6066-11e4-a52e-4f735466cecf":"d6525d10-1484-4e20-b46b-51020fedbbb5"}}]
1542287162812	Marionette	TRACE	0 -> [0,431,"WebDriver:ElementClick",{"id":"d6525d10-1484-4e20-b46b-51020fedbbb5"}]
1542287162834	Marionette	DEBUG	[6442450945] Received DOM event beforeunload for http://localhost/addressbook/group.php
1542287162863	Marionette	DEBUG	[6442450945] Received DOM event pagehide for http://localhost/addressbook/group.php
1542287162864	Marionette	DEBUG	[6442450945] Received DOM event unload for http://localhost/addressbook/group.php
1542287162873	Marionette	DEBUG	[6442450945] Received DOM event DOMContentLoaded for http://localhost/addressbook/group.php
1542287162885	Marionette	DEBUG	[6442450945] Received DOM event pageshow for http://localhost/addressbook/group.php
1542287162886	Marionette	TRACE	0 <- [1,431,null,{"value":null}]
1542287162890	Marionette	TRACE	0 -> [0,432,"WebDriver:FindElements",{"using":"css selector","value":"*[name='selected[]']"}]
1542287162932	Marionette	TRACE	0 <- [1,432,null,[{"element-6066-11e4-a52e-4f735466cecf":"0e89854a-9cfc-4659-87d3-a86914431cef"},{"element-6066-11e4-a52e-4f735466 ... ecf":"9ca8adc0-d041-4e9c-ab40-a8ce30704944"},{"element-6066-11e4-a52e-4f735466cecf":"c725588c-8c50-430b-9ea3-faa2c64349b6"}]]
1542287162938	Marionette	TRACE	0 -> [0,433,"WebDriver:FindElement",{"using":"css selector","value":"*[name='selected[]']"}]
1542287162940	Marionette	TRACE	0 <- [1,433,null,{"value":{"element-6066-11e4-a52e-4f735466cecf":"0e89854a-9cfc-4659-87d3-a86914431cef"}}]
1542287162946	Marionette	TRACE	0 -> [0,434,"WebDriver:ElementClick",{"id":"0e89854a-9cfc-4659-87d3-a86914431cef"}]
1542287163157	Marionette	DEBUG	[6442450945] Canceled page load listener because no navigation has been detected
1542287163158	Marionette	TRACE	0 <- [1,434,null,{"value":null}]
1542287163163	Marionette	TRACE	0 -> [0,435,"WebDriver:FindElement",{"using":"css selector","value":"*[name='edit']"}]
1542287163168	Marionette	TRACE	0 <- [1,435,null,{"value":{"element-6066-11e4-a52e-4f735466cecf":"89fa49a9-c03e-48eb-8303-fd1ab42fab91"}}]
1542287163175	Marionette	TRACE	0 -> [0,436,"WebDriver:ElementClick",{"id":"89fa49a9-c03e-48eb-8303-fd1ab42fab91"}]
1542287163191	Marionette	DEBUG	[6442450945] Received DOM event beforeunload for http://localhost/addressbook/group.php
1542287163224	Marionette	DEBUG	[6442450945] Received DOM event pagehide for http://localhost/addressbook/group.php
1542287163225	Marionette	DEBUG	[6442450945] Received DOM event unload for http://localhost/addressbook/group.php
1542287163234	Marionette	DEBUG	[6442450945] Received DOM event DOMContentLoaded for http://localhost/addressbook/group.php
1542287163242	Marionette	DEBUG	[6442450945] Received DOM event pageshow for http://localhost/addressbook/group.php
1542287163242	Marionette	TRACE	0 <- [1,436,null,{"value":null}]
1542287163252	Marionette	TRACE	0 -> [0,437,"WebDriver:FindElement",{"using":"css selector","value":"*[name='group_name']"}]
1542287163257	Marionette	TRACE	0 <- [1,437,null,{"value":{"element-6066-11e4-a52e-4f735466cecf":"552a9d3d-3b23-4a9c-b122-d1bd2bfaf074"}}]
1542287163271	Marionette	TRACE	0 -> [0,438,"WebDriver:ElementClick",{"id":"552a9d3d-3b23-4a9c-b122-d1bd2bfaf074"}]
1542287163489	Marionette	DEBUG	[6442450945] Canceled page load listener because no navigation has been detected
1542287163490	Marionette	TRACE	0 <- [1,438,null,{"value":null}]
1542287163499	Marionette	TRACE	0 -> [0,439,"WebDriver:FindElement",{"using":"css selector","value":"*[name='group_name']"}]
1542287163506	Marionette	TRACE	0 <- [1,439,null,{"value":{"element-6066-11e4-a52e-4f735466cecf":"552a9d3d-3b23-4a9c-b122-d1bd2bfaf074"}}]
1542287163514	Marionette	TRACE	0 -> [0,440,"WebDriver:ElementClear",{"id":"552a9d3d-3b23-4a9c-b122-d1bd2bfaf074"}]
1542287163524	Marionette	TRACE	0 <- [1,440,null,{"value":null}]
1542287163529	Marionette	TRACE	0 -> [0,441,"WebDriver:FindElement",{"using":"css selector","value":"*[name='group_name']"}]
1542287163531	Marionette	TRACE	0 <- [1,441,null,{"value":{"element-6066-11e4-a52e-4f735466cecf":"552a9d3d-3b23-4a9c-b122-d1bd2bfaf074"}}]
1542287163537	Marionette	TRACE	0 -> [0,442,"WebDriver:ElementSendKeys",{"id":"552a9d3d-3b23-4a9c-b122-d1bd2bfaf074","text":"test1","value":["t","e","s","t","1"]}]
1542287163546	Marionette	TRACE	0 <- [1,442,null,{"value":null}]
1542287163549	Marionette	TRACE	0 -> [0,443,"WebDriver:FindElement",{"using":"css selector","value":"*[name='group_header']"}]
1542287163554	Marionette	TRACE	0 <- [1,443,null,{"value":{"element-6066-11e4-a52e-4f735466cecf":"7f2e8748-9eb9-4a17-9573-933704397cd9"}}]
1542287163557	Marionette	TRACE	0 -> [0,444,"WebDriver:ElementClick",{"id":"7f2e8748-9eb9-4a17-9573-933704397cd9"}]
1542287163769	Marionette	DEBUG	[6442450945] Canceled page load listener because no navigation has been detected
1542287163771	Marionette	TRACE	0 <- [1,444,null,{"value":null}]
1542287163779	Marionette	TRACE	0 -> [0,445,"WebDriver:FindElement",{"using":"css selector","value":"*[name='group_header']"}]
1542287163786	Marionette	TRACE	0 <- [1,445,null,{"value":{"element-6066-11e4-a52e-4f735466cecf":"7f2e8748-9eb9-4a17-9573-933704397cd9"}}]
1542287163795	Marionette	TRACE	0 -> [0,446,"WebDriver:ElementClear",{"id":"7f2e8748-9eb9-4a17-9573-933704397cd9"}]
1542287163804	Marionette	TRACE	0 <- [1,446,null,{"value":null}]
1542287163810	Marionette	TRACE	0 -> [0,447,"WebDriver:FindElement",{"using":"css selector","value":"*[name='group_header']"}]
1542287163817	Marionette	TRACE	0 <- [1,447,null,{"value":{"element-6066-11e4-a52e-4f735466cecf":"7f2e8748-9eb9-4a17-9573-933704397cd9"}}]
1542287163822	Marionette	TRACE	0 -> [0,448,"WebDriver:ElementSendKeys",{"id":"7f2e8748-9eb9-4a17-9573-933704397cd9","text":"header1","value":["h","e","a","d","e","r","1"]}]
1542287163841	Marionette	TRACE	0 <- [1,448,null,{"value":null}]
1542287163848	Marionette	TRACE	0 -> [0,449,"WebDriver:FindElement",{"using":"css selector","value":"*[name='group_footer']"}]
1542287163852	Marionette	TRACE	0 <- [1,449,null,{"value":{"element-6066-11e4-a52e-4f735466cecf":"a4413bde-d7a1-400c-a258-ffe4c0414b87"}}]
1542287163858	Marionette	TRACE	0 -> [0,450,"WebDriver:ElementClick",{"id":"a4413bde-d7a1-400c-a258-ffe4c0414b87"}]
1542287164069	Marionette	DEBUG	[6442450945] Canceled page load listener because no navigation has been detected
1542287164073	Marionette	TRACE	0 <- [1,450,null,{"value":null}]
1542287164079	Marionette	TRACE	0 -> [0,451,"WebDriver:FindElement",{"using":"css selector","value":"*[name='group_footer']"}]
1542287164082	Marionette	TRACE	0 <- [1,451,null,{"value":{"element-6066-11e4-a52e-4f735466cecf":"a4413bde-d7a1-400c-a258-ffe4c0414b87"}}]
1542287164086	Marionette	TRACE	0 -> [0,452,"WebDriver:ElementClear",{"id":"a4413bde-d7a1-400c-a258-ffe4c0414b87"}]
1542287164089	Marionette	TRACE	0 <- [1,452,null,{"value":null}]
1542287164096	Marionette	TRACE	0 -> [0,453,"WebDriver:FindElement",{"using":"css selector","value":"*[name='group_footer']"}]
1542287164102	Marionette	TRACE	0 <- [1,453,null,{"value":{"element-6066-11e4-a52e-4f735466cecf":"a4413bde-d7a1-400c-a258-ffe4c0414b87"}}]
1542287164106	Marionette	TRACE	0 -> [0,454,"WebDriver:ElementSendKeys",{"id":"a4413bde-d7a1-400c-a258-ffe4c0414b87","text":"footer1","value":["f","o","o","t","e","r","1"]}]
1542287164117	Marionette	TRACE	0 <- [1,454,null,{"value":null}]
1542287164122	Marionette	TRACE	0 -> [0,455,"WebDriver:FindElement",{"using":"css selector","value":"*[name='update']"}]
1542287164127	Marionette	TRACE	0 <- [1,455,null,{"value":{"element-6066-11e4-a52e-4f735466cecf":"ab7fd2a9-11a8-4d76-9d74-138f49be58f7"}}]
1542287164134	Marionette	TRACE	0 -> [0,456,"WebDriver:ElementClick",{"id":"ab7fd2a9-11a8-4d76-9d74-138f49be58f7"}]
1542287164140	Marionette	DEBUG	[6442450945] Received DOM event beforeunload for http://localhost/addressbook/group.php
1542287164184	Marionette	DEBUG	[6442450945] Received DOM event pagehide for http://localhost/addressbook/group.php
1542287164184	Marionette	DEBUG	[6442450945] Received DOM event unload for http://localhost/addressbook/group.php
1542287164191	Marionette	DEBUG	[6442450945] Received DOM event DOMContentLoaded for http://localhost/addressbook/group.php
1542287164203	Marionette	DEBUG	[6442450945] Received DOM event pageshow for http://localhost/addressbook/group.php
1542287164204	Marionette	TRACE	0 <- [1,456,null,{"value":null}]
1542287164217	Marionette	TRACE	0 -> [0,457,"WebDriver:FindElement",{"using":"link text","value":"group page"}]
1542287164252	Marionette	TRACE	0 <- [1,457,null,{"value":{"element-6066-11e4-a52e-4f735466cecf":"22a0ab48-c650-4a67-86f8-62fb5bfea0d0"}}]
1542287164257	Marionette	TRACE	0 -> [0,458,"WebDriver:ElementClick",{"id":"22a0ab48-c650-4a67-86f8-62fb5bfea0d0"}]
1542287164268	Marionette	DEBUG	[6442450945] Received DOM event beforeunload for http://localhost/addressbook/group.php
1542287164295	Marionette	DEBUG	[6442450945] Received DOM event pagehide for http://localhost/addressbook/group.php
1542287164296	Marionette	DEBUG	[6442450945] Received DOM event unload for http://localhost/addressbook/group.php
1542287164303	Marionette	DEBUG	[6442450945] Received DOM event DOMContentLoaded for http://localhost/addressbook/group.php
1542287164328	Marionette	DEBUG	[6442450945] Received DOM event pageshow for http://localhost/addressbook/group.php
1542287164330	Marionette	TRACE	0 <- [1,458,null,{"value":null}]
1542287164338	Marionette	TRACE	0 -> [0,459,"WebDriver:FindElements",{"using":"css selector","value":"*[name='selected[]']"}]
1542287164375	Marionette	TRACE	0 <- [1,459,null,[{"element-6066-11e4-a52e-4f735466cecf":"8a203f84-cdb6-46b7-ac36-8b5e58fe5337"},{"element-6066-11e4-a52e-4f735466 ... ecf":"9fc73aa7-5f50-40a6-8f4b-dc96f6b21680"},{"element-6066-11e4-a52e-4f735466cecf":"675fffd6-6eac-4cda-b6bc-b51aaac3a85f"}]]
1542287164480	Marionette	TRACE	0 -> [0,463,"WebDriver:FindElement",{"using":"css selector","value":"[href='group.php']"}]
1542287164483	Marionette	TRACE	0 <- [1,463,null,{"value":{"element-6066-11e4-a52e-4f735466cecf":"0a201775-90f7-4e29-92da-786255737c89"}}]
1542287164489	Marionette	TRACE	0 -> [0,464,"WebDriver:ElementClick",{"id":"0a201775-90f7-4e29-92da-786255737c89"}]
1542287164502	Marionette	DEBUG	[6442450945] Received DOM event beforeunload for http://localhost/addressbook/group.php
1542287164530	Marionette	DEBUG	[6442450945] Received DOM event pagehide for http://localhost/addressbook/group.php
1542287164530	Marionette	DEBUG	[6442450945] Received DOM event unload for http://localhost/addressbook/group.php
1542287164539	Marionette	DEBUG	[6442450945] Received DOM event DOMContentLoaded for http://localhost/addressbook/group.php
1542287164550	Marionette	DEBUG	[6442450945] Received DOM event pageshow for http://localhost/addressbook/group.php
1542287164550	Marionette	TRACE	0 <- [1,464,null,{"value":null}]
1542287164557	Marionette	TRACE	0 -> [0,465,"WebDriver:FindElements",{"using":"css selector","value":"*[name='selected[]']"}]
1542287164589	Marionette	TRACE	0 <- [1,465,null,[{"element-6066-11e4-a52e-4f735466cecf":"78ed4698-9cb4-450b-80eb-af6ff308c426"},{"element-6066-11e4-a52e-4f735466 ... ecf":"7ff2184c-0057-4032-8a77-35bb76505f4b"},{"element-6066-11e4-a52e-4f735466cecf":"f9a69b9d-ce4b-4ef1-9070-2e779c4a00fc"}]]
1542287164594	Marionette	TRACE	0 -> [0,466,"WebDriver:FindElement",{"using":"css selector","value":"*[name='selected[]']"}]
1542287164600	Marionette	TRACE	0 <- [1,466,null,{"value":{"element-6066-11e4-a52e-4f735466cecf":"78ed4698-9cb4-450b-80eb-af6ff308c426"}}]
1542287164606	Marionette	TRACE	0 -> [0,467,"WebDriver:ElementClick",{"id":"78ed4698-9cb4-450b-80eb-af6ff308c426"}]
1542287164820	Marionette	DEBUG	[6442450945] Canceled page load listener because no navigation has been detected
1542287164821	Marionette	TRACE	0 <- [1,467,null,{"value":null}]
1542287164825	Marionette	TRACE	0 -> [0,468,"WebDriver:FindElement",{"using":"css selector","value":"*[name='edit']"}]
1542287164832	Marionette	TRACE	0 <- [1,468,null,{"value":{"element-6066-11e4-a52e-4f735466cecf":"4a739814-b9e4-45bd-834a-91aaa6640d82"}}]
1542287164838	Marionette	TRACE	0 -> [0,469,"WebDriver:ElementClick",{"id":"4a739814-b9e4-45bd-834a-91aaa6640d82"}]
1542287164858	Marionette	DEBUG	[6442450945] Received DOM event beforeunload for http://localhost/addressbook/group.php
1542287164889	Marionette	DEBUG	[6442450945] Received DOM event pagehide for http://localhost/addressbook/group.php
1542287164890	Marionette	DEBUG	[6442450945] Received DOM event unload for http://localhost/addressbook/group.php
1542287164899	Marionette	DEBUG	[6442450945] Received DOM event DOMContentLoaded for http://localhost/addressbook/group.php
1542287164906	Marionette	DEBUG	[6442450945] Received DOM event pageshow for http://localhost/addressbook/group.php
1542287164907	Marionette	TRACE	0 <- [1,469,null,{"value":null}]
1542287164919	Marionette	TRACE	0 -> [0,470,"WebDriver:FindElement",{"using":"css selector","value":"*[name='group_name']"}]
1542287164925	Marionette	TRACE	0 <- [1,470,null,{"value":{"element-6066-11e4-a52e-4f735466cecf":"8963ca48-3784-4a71-8ec9-8500ac3949a2"}}]
1542287164935	Marionette	TRACE	0 -> [0,471,"WebDriver:ElementClick",{"id":"8963ca48-3784-4a71-8ec9-8500ac3949a2"}]
1542287165149	Marionette	DEBUG	[6442450945] Canceled page load listener because no navigation has been detected
1542287165150	Marionette	TRACE	0 <- [1,471,null,{"value":null}]
1542287165155	Marionette	TRACE	0 -> [0,472,"WebDriver:FindElement",{"using":"css selector","value":"*[name='group_name']"}]
1542287165161	Marionette	TRACE	0 <- [1,472,null,{"value":{"element-6066-11e4-a52e-4f735466cecf":"8963ca48-3784-4a71-8ec9-8500ac3949a2"}}]
1542287165166	Marionette	TRACE	0 -> [0,473,"WebDriver:ElementClear",{"id":"8963ca48-3784-4a71-8ec9-8500ac3949a2"}]
1542287165175	Marionette	TRACE	0 <- [1,473,null,{"value":null}]
1542287165182	Marionette	TRACE	0 -> [0,474,"WebDriver:FindElement",{"using":"css selector","value":"*[name='group_name']"}]
1542287165188	Marionette	TRACE	0 <- [1,474,null,{"value":{"element-6066-11e4-a52e-4f735466cecf":"8963ca48-3784-4a71-8ec9-8500ac3949a2"}}]
1542287165195	Marionette	TRACE	0 -> [0,475,"WebDriver:ElementSendKeys",{"id":"8963ca48-3784-4a71-8ec9-8500ac3949a2","text":"test2","value":["t","e","s","t","2"]}]
1542287165205	Marionette	TRACE	0 <- [1,475,null,{"value":null}]
1542287165210	Marionette	TRACE	0 -> [0,476,"WebDriver:FindElement",{"using":"css selector","value":"*[name='group_header']"}]
1542287165226	Marionette	TRACE	0 <- [1,476,null,{"value":{"element-6066-11e4-a52e-4f735466cecf":"f84746c1-3454-4ce2-9d98-67606006aa91"}}]
1542287165229	Marionette	TRACE	0 -> [0,477,"WebDriver:ElementClick",{"id":"f84746c1-3454-4ce2-9d98-67606006aa91"}]
1542287165435	Marionette	DEBUG	[6442450945] Canceled page load listener because no navigation has been detected
1542287165436	Marionette	TRACE	0 <- [1,477,null,{"value":null}]
1542287165445	Marionette	TRACE	0 -> [0,478,"WebDriver:FindElement",{"using":"css selector","value":"*[name='group_header']"}]
1542287165452	Marionette	TRACE	0 <- [1,478,null,{"value":{"element-6066-11e4-a52e-4f735466cecf":"f84746c1-3454-4ce2-9d98-67606006aa91"}}]
1542287165456	Marionette	TRACE	0 -> [0,479,"WebDriver:ElementClear",{"id":"f84746c1-3454-4ce2-9d98-67606006aa91"}]
1542287165460	Marionette	TRACE	0 <- [1,479,null,{"value":null}]
1542287165463	Marionette	TRACE	0 -> [0,480,"WebDriver:FindElement",{"using":"css selector","value":"*[name='group_header']"}]
1542287165466	Marionette	TRACE	0 <- [1,480,null,{"value":{"element-6066-11e4-a52e-4f735466cecf":"f84746c1-3454-4ce2-9d98-67606006aa91"}}]
1542287165473	Marionette	TRACE	0 -> [0,481,"WebDriver:ElementSendKeys",{"id":"f84746c1-3454-4ce2-9d98-67606006aa91","text":"header2","value":["h","e","a","d","e","r","2"]}]
1542287165482	Marionette	TRACE	0 <- [1,481,null,{"value":null}]
1542287165487	Marionette	TRACE	0 -> [0,482,"WebDriver:FindElement",{"using":"css selector","value":"*[name='group_footer']"}]
1542287165491	Marionette	TRACE	0 <- [1,482,null,{"value":{"element-6066-11e4-a52e-4f735466cecf":"1bb02d62-008b-45ac-891b-e88bc3e8d52f"}}]
1542287165499	Marionette	TRACE	0 -> [0,483,"WebDriver:ElementClick",{"id":"1bb02d62-008b-45ac-891b-e88bc3e8d52f"}]
1542287165705	Marionette	DEBUG	[6442450945] Canceled page load listener because no navigation has been detected
1542287165706	Marionette	TRACE	0 <- [1,483,null,{"value":null}]
1542287165714	Marionette	TRACE	0 -> [0,484,"WebDriver:FindElement",{"using":"css selector","value":"*[name='group_footer']"}]
1542287165722	Marionette	TRACE	0 <- [1,484,null,{"value":{"element-6066-11e4-a52e-4f735466cecf":"1bb02d62-008b-45ac-891b-e88bc3e8d52f"}}]
1542287165730	Marionette	TRACE	0 -> [0,485,"WebDriver:ElementClear",{"id":"1bb02d62-008b-45ac-891b-e88bc3e8d52f"}]
1542287165745	Marionette	TRACE	0 <- [1,485,null,{"value":null}]
1542287165749	Marionette	TRACE	0 -> [0,486,"WebDriver:FindElement",{"using":"css selector","value":"*[name='group_footer']"}]
1542287165753	Marionette	TRACE	0 <- [1,486,null,{"value":{"element-6066-11e4-a52e-4f735466cecf":"1bb02d62-008b-45ac-891b-e88bc3e8d52f"}}]
1542287165757	Marionette	TRACE	0 -> [0,487,"WebDriver:ElementSendKeys",{"id":"1bb02d62-008b-45ac-891b-e88bc3e8d52f","text":"footer2","value":["f","o","o","t","e","r","2"]}]
1542287165766	Marionette	TRACE	0 <- [1,487,null,{"value":null}]
1542287165768	Marionette	TRACE	0 -> [0,488,"WebDriver:FindElement",{"using":"css selector","value":"*[name='update']"}]
1542287165770	Marionette	TRACE	0 <- [1,488,null,{"value":{"element-6066-11e4-a52e-4f735466cecf":"070e51ff-f3ae-4de7-b40c-46cc5c665c30"}}]
1542287165772	Marionette	TRACE	0 -> [0,489,"WebDriver:ElementClick",{"id":"070e51ff-f3ae-4de7-b40c-46cc5c665c30"}]
1542287165778	Marionette	DEBUG	[6442450945] Received DOM event beforeunload for http://localhost/addressbook/group.php
1542287165805	Marionette	DEBUG	[6442450945] Received DOM event pagehide for http://localhost/addressbook/group.php
1542287165806	Marionette	DEBUG	[6442450945] Received DOM event unload for http://localhost/addressbook/group.php
1542287165813	Marionette	DEBUG	[6442450945] Received DOM event DOMContentLoaded for http://localhost/addressbook/group.php
1542287165820	Marionette	DEBUG	[6442450945] Received DOM event pageshow for http://localhost/addressbook/group.php
1542287165821	Marionette	TRACE	0 <- [1,489,null,{"value":null}]
1542287165833	Marionette	TRACE	0 -> [0,490,"WebDriver:FindElement",{"using":"link text","value":"group page"}]
1542287165865	Marionette	TRACE	0 <- [1,490,null,{"value":{"element-6066-11e4-a52e-4f735466cecf":"fc94a209-cb7a-485a-b3b6-a001bbde17a7"}}]
1542287165868	Marionette	TRACE	0 -> [0,491,"WebDriver:ElementClick",{"id":"fc94a209-cb7a-485a-b3b6-a001bbde17a7"}]
1542287165873	Marionette	DEBUG	[6442450945] Received DOM event beforeunload for http://localhost/addressbook/group.php
1542287165898	Marionette	DEBUG	[6442450945] Received DOM event pagehide for http://localhost/addressbook/group.php
1542287165899	Marionette	DEBUG	[6442450945] Received DOM event unload for http://localhost/addressbook/group.php
1542287165906	Marionette	DEBUG	[6442450945] Received DOM event DOMContentLoaded for http://localhost/addressbook/group.php
1542287165913	Marionette	DEBUG	[6442450945] Received DOM event pageshow for http://localhost/addressbook/group.php
1542287165914	Marionette	TRACE	0 <- [1,491,null,{"value":null}]
1542287165920	Marionette	TRACE	0 -> [0,492,"WebDriver:FindElements",{"using":"css selector","value":"*[name='selected[]']"}]
1542287165955	Marionette	TRACE	0 <- [1,492,null,[{"element-6066-11e4-a52e-4f735466cecf":"9c53c512-8dec-4f62-affd-199c8977e3fa"},{"element-6066-11e4-a52e-4f735466 ... ecf":"e622ebb4-99b7-424d-a48b-05e22a51e8ba"},{"element-6066-11e4-a52e-4f735466cecf":"4c2e7e06-c2df-4915-af33-3ca5412a297a"}]]
1542287166072	Marionette	TRACE	0 -> [0,496,"WebDriver:FindElement",{"using":"css selector","value":"[href='group.php']"}]
1542287166079	Marionette	TRACE	0 <- [1,496,null,{"value":{"element-6066-11e4-a52e-4f735466cecf":"aa7f6b15-ae7b-4d9c-b300-5c8c2f31bef1"}}]
1542287166084	Marionette	TRACE	0 -> [0,497,"WebDriver:ElementClick",{"id":"aa7f6b15-ae7b-4d9c-b300-5c8c2f31bef1"}]
1542287166090	Marionette	DEBUG	[6442450945] Received DOM event beforeunload for http://localhost/addressbook/group.php
1542287166133	Marionette	DEBUG	[6442450945] Received DOM event pagehide for http://localhost/addressbook/group.php
1542287166134	Marionette	DEBUG	[6442450945] Received DOM event unload for http://localhost/addressbook/group.php
1542287166147	Marionette	DEBUG	[6442450945] Received DOM event DOMContentLoaded for http://localhost/addressbook/group.php
1542287166151	Marionette	DEBUG	[6442450945] Received DOM event pageshow for http://localhost/addressbook/group.php
1542287166151	Marionette	TRACE	0 <- [1,497,null,{"value":null}]
1542287166156	Marionette	TRACE	0 -> [0,498,"WebDriver:FindElements",{"using":"css selector","value":"*[name='selected[]']"}]
1542287166190	Marionette	TRACE	0 <- [1,498,null,[{"element-6066-11e4-a52e-4f735466cecf":"f6cd942d-38f0-4d4c-b6a1-d68b9bd2907d"},{"element-6066-11e4-a52e-4f735466 ... ecf":"b93d6a1d-57d4-4d20-9ca1-dd51655a30dc"},{"element-6066-11e4-a52e-4f735466cecf":"162a021e-51fe-450b-bcf1-400b56bb046b"}]]
1542287166196	Marionette	TRACE	0 -> [0,499,"WebDriver:FindElement",{"using":"css selector","value":"*[name='selected[]']"}]
1542287166202	Marionette	TRACE	0 <- [1,499,null,{"value":{"element-6066-11e4-a52e-4f735466cecf":"f6cd942d-38f0-4d4c-b6a1-d68b9bd2907d"}}]
1542287166212	Marionette	TRACE	0 -> [0,500,"WebDriver:ElementClick",{"id":"f6cd942d-38f0-4d4c-b6a1-d68b9bd2907d"}]
1542287166420	Marionette	DEBUG	[6442450945] Canceled page load listener because no navigation has been detected
1542287166421	Marionette	TRACE	0 <- [1,500,null,{"value":null}]
1542287166426	Marionette	TRACE	0 -> [0,501,"WebDriver:FindElement",{"using":"css selector","value":"*[name='edit']"}]
1542287166432	Marionette	TRACE	0 <- [1,501,null,{"value":{"element-6066-11e4-a52e-4f735466cecf":"93790db3-0a16-4976-b612-96919f9e2356"}}]
1542287166437	Marionette	TRACE	0 -> [0,502,"WebDriver:ElementClick",{"id":"93790db3-0a16-4976-b612-96919f9e2356"}]
1542287166453	Marionette	DEBUG	[6442450945] Received DOM event beforeunload for http://localhost/addressbook/group.php
1542287166481	Marionette	DEBUG	[6442450945] Received DOM event pagehide for http://localhost/addressbook/group.php
1542287166481	Marionette	DEBUG	[6442450945] Received DOM event unload for http://localhost/addressbook/group.php
1542287166487	Marionette	DEBUG	[6442450945] Received DOM event DOMContentLoaded for http://localhost/addressbook/group.php
1542287166495	Marionette	DEBUG	[6442450945] Received DOM event pageshow for http://localhost/addressbook/group.php
1542287166495	Marionette	TRACE	0 <- [1,502,null,{"value":null}]
1542287166501	Marionette	TRACE	0 -> [0,503,"WebDriver:FindElement",{"using":"css selector","value":"*[name='group_name']"}]
1542287166503	Marionette	TRACE	0 <- [1,503,null,{"value":{"element-6066-11e4-a52e-4f735466cecf":"77cd38d1-d6e9-4e15-868f-d4e45ca0fac9"}}]
1542287166513	Marionette	TRACE	0 -> [0,504,"WebDriver:ElementClick",{"id":"77cd38d1-d6e9-4e15-868f-d4e45ca0fac9"}]
1542287166737	Marionette	DEBUG	[6442450945] Canceled page load listener because no navigation has been detected
1542287166739	Marionette	TRACE	0 <- [1,504,null,{"value":null}]
1542287166749	Marionette	TRACE	0 -> [0,505,"WebDriver:FindElement",{"using":"css selector","value":"*[name='group_name']"}]
1542287166757	Marionette	TRACE	0 <- [1,505,null,{"value":{"element-6066-11e4-a52e-4f735466cecf":"77cd38d1-d6e9-4e15-868f-d4e45ca0fac9"}}]
1542287166767	Marionette	TRACE	0 -> [0,506,"WebDriver:ElementClear",{"id":"77cd38d1-d6e9-4e15-868f-d4e45ca0fac9"}]
1542287166781	Marionette	TRACE	0 <- [1,506,null,{"value":null}]
1542287166790	Marionette	TRACE	0 -> [0,507,"WebDriver:FindElement",{"using":"css selector","value":"*[name='group_name']"}]
1542287166794	Marionette	TRACE	0 <- [1,507,null,{"value":{"element-6066-11e4-a52e-4f735466cecf":"77cd38d1-d6e9-4e15-868f-d4e45ca0fac9"}}]
1542287166798	Marionette	TRACE	0 -> [0,508,"WebDriver:ElementSendKeys",{"id":"77cd38d1-d6e9-4e15-868f-d4e45ca0fac9","text":"test3","value":["t","e","s","t","3"]}]
1542287166805	Marionette	TRACE	0 <- [1,508,null,{"value":null}]
1542287166810	Marionette	TRACE	0 -> [0,509,"WebDriver:FindElement",{"using":"css selector","value":"*[name='group_header']"}]
1542287166814	Marionette	TRACE	0 <- [1,509,null,{"value":{"element-6066-11e4-a52e-4f735466cecf":"3608f3ff-94b4-4b9f-8bb7-f9625188c7b1"}}]
1542287166818	Marionette	TRACE	0 -> [0,510,"WebDriver:ElementClick",{"id":"3608f3ff-94b4-4b9f-8bb7-f9625188c7b1"}]
1542287167027	Marionette	DEBUG	[6442450945] Canceled page load listener because no navigation has been detected
1542287167028	Marionette	TRACE	0 <- [1,510,null,{"value":null}]
1542287167033	Marionette	TRACE	0 -> [0,511,"WebDriver:FindElement",{"using":"css selector","value":"*[name='group_header']"}]
1542287167035	Marionette	TRACE	0 <- [1,511,null,{"value":{"element-6066-11e4-a52e-4f735466cecf":"3608f3ff-94b4-4b9f-8bb7-f9625188c7b1"}}]
1542287167040	Marionette	TRACE	0 -> [0,512,"WebDriver:ElementClear",{"id":"3608f3ff-94b4-4b9f-8bb7-f9625188c7b1"}]
1542287167043	Marionette	TRACE	0 <- [1,512,null,{"value":null}]
1542287167048	Marionette	TRACE	0 -> [0,513,"WebDriver:FindElement",{"using":"css selector","value":"*[name='group_header']"}]
1542287167050	Marionette	TRACE	0 <- [1,513,null,{"value":{"element-6066-11e4-a52e-4f735466cecf":"3608f3ff-94b4-4b9f-8bb7-f9625188c7b1"}}]
1542287167057	Marionette	TRACE	0 -> [0,514,"WebDriver:ElementSendKeys",{"id":"3608f3ff-94b4-4b9f-8bb7-f9625188c7b1","text":"header3","value":["h","e","a","d","e","r","3"]}]
1542287167068	Marionette	TRACE	0 <- [1,514,null,{"value":null}]
1542287167072	Marionette	TRACE	0 -> [0,515,"WebDriver:FindElement",{"using":"css selector","value":"*[name='group_footer']"}]
1542287167076	Marionette	TRACE	0 <- [1,515,null,{"value":{"element-6066-11e4-a52e-4f735466cecf":"a707f078-23d2-4f4d-9c27-79985d3ac33e"}}]
1542287167080	Marionette	TRACE	0 -> [0,516,"WebDriver:ElementClick",{"id":"a707f078-23d2-4f4d-9c27-79985d3ac33e"}]
1542287167292	Marionette	DEBUG	[6442450945] Canceled page load listener because no navigation has been detected
1542287167293	Marionette	TRACE	0 <- [1,516,null,{"value":null}]
1542287167304	Marionette	TRACE	0 -> [0,517,"WebDriver:FindElement",{"using":"css selector","value":"*[name='group_footer']"}]
1542287167311	Marionette	TRACE	0 <- [1,517,null,{"value":{"element-6066-11e4-a52e-4f735466cecf":"a707f078-23d2-4f4d-9c27-79985d3ac33e"}}]
1542287167318	Marionette	TRACE	0 -> [0,518,"WebDriver:ElementClear",{"id":"a707f078-23d2-4f4d-9c27-79985d3ac33e"}]
1542287167326	Marionette	TRACE	0 <- [1,518,null,{"value":null}]
1542287167332	Marionette	TRACE	0 -> [0,519,"WebDriver:FindElement",{"using":"css selector","value":"*[name='group_footer']"}]
1542287167337	Marionette	TRACE	0 <- [1,519,null,{"value":{"element-6066-11e4-a52e-4f735466cecf":"a707f078-23d2-4f4d-9c27-79985d3ac33e"}}]
1542287167341	Marionette	TRACE	0 -> [0,520,"WebDriver:ElementSendKeys",{"id":"a707f078-23d2-4f4d-9c27-79985d3ac33e","text":"footer3","value":["f","o","o","t","e","r","3"]}]
1542287167350	Marionette	TRACE	0 <- [1,520,null,{"value":null}]
1542287167356	Marionette	TRACE	0 -> [0,521,"WebDriver:FindElement",{"using":"css selector","value":"*[name='update']"}]
1542287167363	Marionette	TRACE	0 <- [1,521,null,{"value":{"element-6066-11e4-a52e-4f735466cecf":"5a0c558e-9647-4911-bd33-d8ae7d19fbf1"}}]
1542287167368	Marionette	TRACE	0 -> [0,522,"WebDriver:ElementClick",{"id":"5a0c558e-9647-4911-bd33-d8ae7d19fbf1"}]
1542287167373	Marionette	DEBUG	[6442450945] Received DOM event beforeunload for http://localhost/addressbook/group.php
1542287167406	Marionette	DEBUG	[6442450945] Received DOM event pagehide for http://localhost/addressbook/group.php
1542287167407	Marionette	DEBUG	[6442450945] Received DOM event unload for http://localhost/addressbook/group.php
1542287167415	Marionette	DEBUG	[6442450945] Received DOM event DOMContentLoaded for http://localhost/addressbook/group.php
1542287167424	Marionette	DEBUG	[6442450945] Received DOM event pageshow for http://localhost/addressbook/group.php
1542287167430	Marionette	TRACE	0 <- [1,522,null,{"value":null}]
1542287167449	Marionette	TRACE	0 -> [0,523,"WebDriver:FindElement",{"using":"link text","value":"group page"}]
1542287167481	Marionette	TRACE	0 <- [1,523,null,{"value":{"element-6066-11e4-a52e-4f735466cecf":"bf9abf28-dc57-42d4-a361-6fa4a9f4788f"}}]
1542287167484	Marionette	TRACE	0 -> [0,524,"WebDriver:ElementClick",{"id":"bf9abf28-dc57-42d4-a361-6fa4a9f4788f"}]
1542287167489	Marionette	DEBUG	[6442450945] Received DOM event beforeunload for http://localhost/addressbook/group.php
1542287167518	Marionette	DEBUG	[6442450945] Received DOM event pagehide for http://localhost/addressbook/group.php
1542287167519	Marionette	DEBUG	[6442450945] Received DOM event unload for http://localhost/addressbook/group.php
1542287167531	Marionette	DEBUG	[6442450945] Received DOM event DOMContentLoaded for http://localhost/addressbook/group.php
1542287167554	Marionette	DEBUG	[6442450945] Received DOM event pageshow for http://localhost/addressbook/group.php
1542287167555	Marionette	TRACE	0 <- [1,524,null,{"value":null}]
1542287167565	Marionette	TRACE	0 -> [0,525,"WebDriver:FindElements",{"using":"css selector","value":"*[name='selected[]']"}]
1542287167614	Marionette	TRACE	0 <- [1,525,null,[{"element-6066-11e4-a52e-4f735466cecf":"b49a2233-7f52-46aa-b1ef-0b3a7a02d08f"},{"element-6066-11e4-a52e-4f735466 ... ecf":"e078fc3e-8a93-478a-85eb-6e449df2d0a7"},{"element-6066-11e4-a52e-4f735466cecf":"be663267-1f8f-4cf3-be37-4e5643e7cf6b"}]]
1542287167716	Marionette	TRACE	0 -> [0,529,"WebDriver:FindElement",{"using":"css selector","value":"[href='group.php']"}]
1542287167719	Marionette	TRACE	0 <- [1,529,null,{"value":{"element-6066-11e4-a52e-4f735466cecf":"bf1ff31c-2387-485c-8fe1-f18b306b9233"}}]
1542287167731	Marionette	TRACE	0 -> [0,530,"WebDriver:ElementClick",{"id":"bf1ff31c-2387-485c-8fe1-f18b306b9233"}]
1542287167737	Marionette	DEBUG	[6442450945] Received DOM event beforeunload for http://localhost/addressbook/group.php
1542287167813	Marionette	DEBUG	[6442450945] Received DOM event pagehide for http://localhost/addressbook/group.php
1542287167813	Marionette	DEBUG	[6442450945] Received DOM event unload for http://localhost/addressbook/group.php
1542287167822	Marionette	DEBUG	[6442450945] Received DOM event DOMContentLoaded for http://localhost/addressbook/group.php
1542287167830	Marionette	DEBUG	[6442450945] Received DOM event pageshow for http://localhost/addressbook/group.php
1542287167831	Marionette	TRACE	0 <- [1,530,null,{"value":null}]
1542287167836	Marionette	TRACE	0 -> [0,531,"WebDriver:FindElements",{"using":"css selector","value":"*[name='selected[]']"}]
1542287167875	Marionette	TRACE	0 <- [1,531,null,[{"element-6066-11e4-a52e-4f735466cecf":"4c6b5fd9-5612-4b43-a976-8e56b58cd8b6"},{"element-6066-11e4-a52e-4f735466 ... ecf":"242b8e6c-63f6-4d55-a1a2-e7bcb23c4901"},{"element-6066-11e4-a52e-4f735466cecf":"df3b98f7-36ac-4451-8a0f-c77ee4e44c24"}]]
1542287167880	Marionette	TRACE	0 -> [0,532,"WebDriver:FindElement",{"using":"css selector","value":"*[name='selected[]']"}]
1542287167886	Marionette	TRACE	0 <- [1,532,null,{"value":{"element-6066-11e4-a52e-4f735466cecf":"4c6b5fd9-5612-4b43-a976-8e56b58cd8b6"}}]
1542287167895	Marionette	TRACE	0 -> [0,533,"WebDriver:ElementClick",{"id":"4c6b5fd9-5612-4b43-a976-8e56b58cd8b6"}]
1542287168103	Marionette	DEBUG	[6442450945] Canceled page load listener because no navigation has been detected
1542287168104	Marionette	TRACE	0 <- [1,533,null,{"value":null}]
1542287168107	Marionette	TRACE	0 -> [0,534,"WebDriver:FindElement",{"using":"css selector","value":"*[name='edit']"}]
1542287168110	Marionette	TRACE	0 <- [1,534,null,{"value":{"element-6066-11e4-a52e-4f735466cecf":"ba06249e-ae35-4e2d-94a4-ba9cb8d35448"}}]
1542287168115	Marionette	TRACE	0 -> [0,535,"WebDriver:ElementClick",{"id":"ba06249e-ae35-4e2d-94a4-ba9cb8d35448"}]
1542287168120	Marionette	DEBUG	[6442450945] Received DOM event beforeunload for http://localhost/addressbook/group.php
1542287168145	Marionette	DEBUG	[6442450945] Received DOM event pagehide for http://localhost/addressbook/group.php
1542287168146	Marionette	DEBUG	[6442450945] Received DOM event unload for http://localhost/addressbook/group.php
1542287168153	Marionette	DEBUG	[6442450945] Received DOM event DOMContentLoaded for http://localhost/addressbook/group.php
1542287168161	Marionette	DEBUG	[6442450945] Received DOM event pageshow for http://localhost/addressbook/group.php
1542287168162	Marionette	TRACE	0 <- [1,535,null,{"value":null}]
1542287168167	Marionette	TRACE	0 -> [0,536,"WebDriver:FindElement",{"using":"css selector","value":"*[name='group_name']"}]
1542287168172	Marionette	TRACE	0 <- [1,536,null,{"value":{"element-6066-11e4-a52e-4f735466cecf":"ed6247b1-4366-4b6d-aa3c-baa352e2f956"}}]
1542287168181	Marionette	TRACE	0 -> [0,537,"WebDriver:ElementClick",{"id":"ed6247b1-4366-4b6d-aa3c-baa352e2f956"}]
1542287168406	Marionette	DEBUG	[6442450945] Canceled page load listener because no navigation has been detected
1542287168407	Marionette	TRACE	0 <- [1,537,null,{"value":null}]
1542287168411	Marionette	TRACE	0 -> [0,538,"WebDriver:FindElement",{"using":"css selector","value":"*[name='group_name']"}]
1542287168418	Marionette	TRACE	0 <- [1,538,null,{"value":{"element-6066-11e4-a52e-4f735466cecf":"ed6247b1-4366-4b6d-aa3c-baa352e2f956"}}]
1542287168423	Marionette	TRACE	0 -> [0,539,"WebDriver:ElementClear",{"id":"ed6247b1-4366-4b6d-aa3c-baa352e2f956"}]
1542287168434	Marionette	TRACE	0 <- [1,539,null,{"value":null}]
1542287168439	Marionette	TRACE	0 -> [0,540,"WebDriver:FindElement",{"using":"css selector","value":"*[name='group_name']"}]
1542287168443	Marionette	TRACE	0 <- [1,540,null,{"value":{"element-6066-11e4-a52e-4f735466cecf":"ed6247b1-4366-4b6d-aa3c-baa352e2f956"}}]
1542287168447	Marionette	TRACE	0 -> [0,541,"WebDriver:ElementSendKeys",{"id":"ed6247b1-4366-4b6d-aa3c-baa352e2f956","text":"test4","value":["t","e","s","t","4"]}]
1542287168454	Marionette	TRACE	0 <- [1,541,null,{"value":null}]
1542287168459	Marionette	TRACE	0 -> [0,542,"WebDriver:FindElement",{"using":"css selector","value":"*[name='group_header']"}]
1542287168466	Marionette	TRACE	0 <- [1,542,null,{"value":{"element-6066-11e4-a52e-4f735466cecf":"981b9c4c-7426-4d96-a039-2abd85000ce8"}}]
1542287168471	Marionette	TRACE	0 -> [0,543,"WebDriver:ElementClick",{"id":"981b9c4c-7426-4d96-a039-2abd85000ce8"}]
1542287168682	Marionette	DEBUG	[6442450945] Canceled page load listener because no navigation has been detected
1542287168684	Marionette	TRACE	0 <- [1,543,null,{"value":null}]
1542287168692	Marionette	TRACE	0 -> [0,544,"WebDriver:FindElement",{"using":"css selector","value":"*[name='group_header']"}]
1542287168701	Marionette	TRACE	0 <- [1,544,null,{"value":{"element-6066-11e4-a52e-4f735466cecf":"981b9c4c-7426-4d96-a039-2abd85000ce8"}}]
1542287168710	Marionette	TRACE	0 -> [0,545,"WebDriver:ElementClear",{"id":"981b9c4c-7426-4d96-a039-2abd85000ce8"}]
1542287168718	Marionette	TRACE	0 <- [1,545,null,{"value":null}]
1542287168723	Marionette	TRACE	0 -> [0,546,"WebDriver:FindElement",{"using":"css selector","value":"*[name='group_header']"}]
1542287168731	Marionette	TRACE	0 <- [1,546,null,{"value":{"element-6066-11e4-a52e-4f735466cecf":"981b9c4c-7426-4d96-a039-2abd85000ce8"}}]
1542287168735	Marionette	TRACE	0 -> [0,547,"WebDriver:ElementSendKeys",{"id":"981b9c4c-7426-4d96-a039-2abd85000ce8","text":"header4","value":["h","e","a","d","e","r","4"]}]
1542287168747	Marionette	TRACE	0 <- [1,547,null,{"value":null}]
1542287168750	Marionette	TRACE	0 -> [0,548,"WebDriver:FindElement",{"using":"css selector","value":"*[name='group_footer']"}]
1542287168758	Marionette	TRACE	0 <- [1,548,null,{"value":{"element-6066-11e4-a52e-4f735466cecf":"bb5b7f63-5414-4a8d-bb38-742d35a8f643"}}]
1542287168764	Marionette	TRACE	0 -> [0,549,"WebDriver:ElementClick",{"id":"bb5b7f63-5414-4a8d-bb38-742d35a8f643"}]
1542287168970	Marionette	DEBUG	[6442450945] Canceled page load listener because no navigation has been detected
1542287168972	Marionette	TRACE	0 <- [1,549,null,{"value":null}]
1542287168980	Marionette	TRACE	0 -> [0,550,"WebDriver:FindElement",{"using":"css selector","value":"*[name='group_footer']"}]
1542287168989	Marionette	TRACE	0 <- [1,550,null,{"value":{"element-6066-11e4-a52e-4f735466cecf":"bb5b7f63-5414-4a8d-bb38-742d35a8f643"}}]
1542287168995	Marionette	TRACE	0 -> [0,551,"WebDriver:ElementClear",{"id":"bb5b7f63-5414-4a8d-bb38-742d35a8f643"}]
1542287169004	Marionette	TRACE	0 <- [1,551,null,{"value":null}]
1542287169011	Marionette	TRACE	0 -> [0,552,"WebDriver:FindElement",{"using":"css selector","value":"*[name='group_footer']"}]
1542287169020	Marionette	TRACE	0 <- [1,552,null,{"value":{"element-6066-11e4-a52e-4f735466cecf":"bb5b7f63-5414-4a8d-bb38-742d35a8f643"}}]
1542287169026	Marionette	TRACE	0 -> [0,553,"WebDriver:ElementSendKeys",{"id":"bb5b7f63-5414-4a8d-bb38-742d35a8f643","text":"footer4","value":["f","o","o","t","e","r","4"]}]
1542287169035	Marionette	TRACE	0 <- [1,553,null,{"value":null}]
1542287169038	Marionette	TRACE	0 -> [0,554,"WebDriver:FindElement",{"using":"css selector","value":"*[name='update']"}]
1542287169047	Marionette	TRACE	0 <- [1,554,null,{"value":{"element-6066-11e4-a52e-4f735466cecf":"e1ade8c5-e527-4b46-bc58-fc658850e436"}}]
1542287169050	Marionette	TRACE	0 -> [0,555,"WebDriver:ElementClick",{"id":"e1ade8c5-e527-4b46-bc58-fc658850e436"}]
1542287169055	Marionette	DEBUG	[6442450945] Received DOM event beforeunload for http://localhost/addressbook/group.php
1542287169093	Marionette	DEBUG	[6442450945] Received DOM event pagehide for http://localhost/addressbook/group.php
1542287169094	Marionette	DEBUG	[6442450945] Received DOM event unload for http://localhost/addressbook/group.php
1542287169100	Marionette	DEBUG	[6442450945] Received DOM event DOMContentLoaded for http://localhost/addressbook/group.php
1542287169105	Marionette	DEBUG	[6442450945] Received DOM event pageshow for http://localhost/addressbook/group.php
1542287169112	Marionette	TRACE	0 <- [1,555,null,{"value":null}]
1542287169130	Marionette	TRACE	0 -> [0,556,"WebDriver:FindElement",{"using":"link text","value":"group page"}]
1542287169159	Marionette	TRACE	0 <- [1,556,null,{"value":{"element-6066-11e4-a52e-4f735466cecf":"051389ca-59a3-4535-945c-726a7c3e949f"}}]
1542287169162	Marionette	TRACE	0 -> [0,557,"WebDriver:ElementClick",{"id":"051389ca-59a3-4535-945c-726a7c3e949f"}]
1542287169166	Marionette	DEBUG	[6442450945] Received DOM event beforeunload for http://localhost/addressbook/group.php
1542287169187	Marionette	DEBUG	[6442450945] Received DOM event pagehide for http://localhost/addressbook/group.php
1542287169188	Marionette	DEBUG	[6442450945] Received DOM event unload for http://localhost/addressbook/group.php
1542287169197	Marionette	DEBUG	[6442450945] Received DOM event DOMContentLoaded for http://localhost/addressbook/group.php
1542287169201	Marionette	DEBUG	[6442450945] Received DOM event pageshow for http://localhost/addressbook/group.php
1542287169202	Marionette	TRACE	0 <- [1,557,null,{"value":null}]
1542287169212	Marionette	TRACE	0 -> [0,558,"WebDriver:FindElements",{"using":"css selector","value":"*[name='selected[]']"}]
1542287169251	Marionette	TRACE	0 <- [1,558,null,[{"element-6066-11e4-a52e-4f735466cecf":"cf22a120-b11f-46d0-b2d9-7ae3fdcbb838"},{"element-6066-11e4-a52e-4f735466 ... ecf":"40981a92-bfd2-4fba-8eb1-8e8ca7b664aa"},{"element-6066-11e4-a52e-4f735466cecf":"0245b65e-9091-4c6b-96bf-f3894209878a"}]]
]]></system-err>
</testsuite>
