<?xml version="1.0" encoding="UTF-8"?>
<testsuite name="com.telran.repeat.tests.GroupCreationTests" tests="4" skipped="0" failures="0" errors="0" timestamp="2018-11-15T13:05:55" hostname="DESKTOP-PUIG3K0" time="4.996">
  <properties/>
  <testcase name="testGroupCreation[0](Group{groupName='test1', groupHeader='header1', groupFooter='footer1'})" classname="com.telran.repeat.tests.GroupCreationTests" time="1.217"/>
  <testcase name="testGroupCreation[1](Group{groupName='test2', groupHeader='header2', groupFooter='footer2'})" classname="com.telran.repeat.tests.GroupCreationTests" time="1.249"/>
  <testcase name="testGroupCreation[2](Group{groupName='test3', groupHeader='header3', groupFooter='footer3'})" classname="com.telran.repeat.tests.GroupCreationTests" time="1.272"/>
  <testcase name="testGroupCreation[3](Group{groupName='test4', groupHeader='header4', groupFooter='footer4'})" classname="com.telran.repeat.tests.GroupCreationTests" time="1.258"/>
  <system-out><![CDATA[count before is: 24 and count after is: 25
count before is: 25 and count after is: 26
count before is: 26 and count after is: 27
count before is: 27 and count after is: 28
]]></system-out>
  <system-err><![CDATA[1542287155130	Marionette	TRACE	0 -> [0,262,"WebDriver:FindElement",{"using":"css selector","value":"[href='group.php']"}]
1542287155132	Marionette	TRACE	0 <- [1,262,null,{"value":{"element-6066-11e4-a52e-4f735466cecf":"4c22db8f-6a0c-465a-aa03-e619e97ea9c0"}}]
1542287155141	Marionette	TRACE	0 -> [0,263,"WebDriver:ElementClick",{"id":"4c22db8f-6a0c-465a-aa03-e619e97ea9c0"}]
1542287155158	Marionette	DEBUG	[6442450945] Received DOM event beforeunload for http://localhost/addressbook/edit.php
1542287155188	Marionette	DEBUG	[6442450945] Received DOM event pagehide for http://localhost/addressbook/edit.php
1542287155189	Marionette	DEBUG	[6442450945] Received DOM event unload for http://localhost/addressbook/edit.php
1542287155195	Marionette	DEBUG	[6442450945] Received DOM event DOMContentLoaded for http://localhost/addressbook/group.php
1542287155215	Marionette	DEBUG	[6442450945] Received DOM event pageshow for http://localhost/addressbook/group.php
1542287155216	Marionette	TRACE	0 <- [1,263,null,{"value":null}]
1542287155227	Marionette	TRACE	0 -> [0,264,"WebDriver:FindElements",{"using":"css selector","value":"*[name='selected[]']"}]
1542287155242	Marionette	TRACE	0 <- [1,264,null,[{"element-6066-11e4-a52e-4f735466cecf":"2ca7aa91-c743-4c4a-83e2-261bb0e810ab"},{"element-6066-11e4-a52e-4f735466 ... ecf":"542cf2e1-2ea2-488d-9688-d805a0bda456"},{"element-6066-11e4-a52e-4f735466cecf":"0a7ad3ac-5fe1-4b00-b83d-1651629a7e47"}]]
1542287155248	Marionette	TRACE	0 -> [0,265,"WebDriver:FindElement",{"using":"css selector","value":"*[name='new']"}]
1542287155255	Marionette	TRACE	0 <- [1,265,null,{"value":{"element-6066-11e4-a52e-4f735466cecf":"6c74af5b-b0c7-4cba-9e33-2ebf1306e0cb"}}]
1542287155258	Marionette	TRACE	0 -> [0,266,"WebDriver:ElementClick",{"id":"6c74af5b-b0c7-4cba-9e33-2ebf1306e0cb"}]
1542287155270	Marionette	DEBUG	[6442450945] Received DOM event beforeunload for http://localhost/addressbook/group.php
1542287155297	Marionette	DEBUG	[6442450945] Received DOM event pagehide for http://localhost/addressbook/group.php
1542287155298	Marionette	DEBUG	[6442450945] Received DOM event unload for http://localhost/addressbook/group.php
1542287155310	Marionette	DEBUG	[6442450945] Received DOM event DOMContentLoaded for http://localhost/addressbook/group.php
1542287155316	Marionette	DEBUG	[6442450945] Received DOM event pageshow for http://localhost/addressbook/group.php
1542287155317	Marionette	TRACE	0 <- [1,266,null,{"value":null}]
1542287155328	Marionette	TRACE	0 -> [0,267,"WebDriver:FindElement",{"using":"css selector","value":"*[name='group_name']"}]
1542287155340	Marionette	TRACE	0 <- [1,267,null,{"value":{"element-6066-11e4-a52e-4f735466cecf":"15fd6091-db7e-45e2-a17e-fd169a86056d"}}]
1542287155346	Marionette	TRACE	0 -> [0,268,"WebDriver:ElementClick",{"id":"15fd6091-db7e-45e2-a17e-fd169a86056d"}]
1542287155563	Marionette	DEBUG	[6442450945] Canceled page load listener because no navigation has been detected
1542287155564	Marionette	TRACE	0 <- [1,268,null,{"value":null}]
1542287155567	Marionette	TRACE	0 -> [0,269,"WebDriver:FindElement",{"using":"css selector","value":"*[name='group_name']"}]
1542287155569	Marionette	TRACE	0 <- [1,269,null,{"value":{"element-6066-11e4-a52e-4f735466cecf":"15fd6091-db7e-45e2-a17e-fd169a86056d"}}]
1542287155571	Marionette	TRACE	0 -> [0,270,"WebDriver:ElementClear",{"id":"15fd6091-db7e-45e2-a17e-fd169a86056d"}]
1542287155573	Marionette	TRACE	0 <- [1,270,null,{"value":null}]
1542287155575	Marionette	TRACE	0 -> [0,271,"WebDriver:FindElement",{"using":"css selector","value":"*[name='group_name']"}]
1542287155577	Marionette	TRACE	0 <- [1,271,null,{"value":{"element-6066-11e4-a52e-4f735466cecf":"15fd6091-db7e-45e2-a17e-fd169a86056d"}}]
1542287155581	Marionette	TRACE	0 -> [0,272,"WebDriver:ElementSendKeys",{"id":"15fd6091-db7e-45e2-a17e-fd169a86056d","text":"test1","value":["t","e","s","t","1"]}]
1542287155586	Marionette	TRACE	0 <- [1,272,null,{"value":null}]
1542287155591	Marionette	TRACE	0 -> [0,273,"WebDriver:FindElement",{"using":"css selector","value":"*[name='group_header']"}]
1542287155593	Marionette	TRACE	0 <- [1,273,null,{"value":{"element-6066-11e4-a52e-4f735466cecf":"1c3074ed-4abd-48ff-820f-d89a5e99df95"}}]
1542287155596	Marionette	TRACE	0 -> [0,274,"WebDriver:ElementClick",{"id":"1c3074ed-4abd-48ff-820f-d89a5e99df95"}]
1542287155808	Marionette	DEBUG	[6442450945] Canceled page load listener because no navigation has been detected
1542287155808	Marionette	TRACE	0 <- [1,274,null,{"value":null}]
1542287155812	Marionette	TRACE	0 -> [0,275,"WebDriver:FindElement",{"using":"css selector","value":"*[name='group_header']"}]
1542287155814	Marionette	TRACE	0 <- [1,275,null,{"value":{"element-6066-11e4-a52e-4f735466cecf":"1c3074ed-4abd-48ff-820f-d89a5e99df95"}}]
1542287155820	Marionette	TRACE	0 -> [0,276,"WebDriver:ElementClear",{"id":"1c3074ed-4abd-48ff-820f-d89a5e99df95"}]
1542287155822	Marionette	TRACE	0 <- [1,276,null,{"value":null}]
1542287155828	Marionette	TRACE	0 -> [0,277,"WebDriver:FindElement",{"using":"css selector","value":"*[name='group_header']"}]
1542287155830	Marionette	TRACE	0 <- [1,277,null,{"value":{"element-6066-11e4-a52e-4f735466cecf":"1c3074ed-4abd-48ff-820f-d89a5e99df95"}}]
1542287155832	Marionette	TRACE	0 -> [0,278,"WebDriver:ElementSendKeys",{"id":"1c3074ed-4abd-48ff-820f-d89a5e99df95","text":"header1","value":["h","e","a","d","e","r","1"]}]
1542287155838	Marionette	TRACE	0 <- [1,278,null,{"value":null}]
1542287155845	Marionette	TRACE	0 -> [0,279,"WebDriver:FindElement",{"using":"css selector","value":"*[name='group_footer']"}]
1542287155850	Marionette	TRACE	0 <- [1,279,null,{"value":{"element-6066-11e4-a52e-4f735466cecf":"e80420ce-e725-4e90-8c01-777f131c6f61"}}]
1542287155856	Marionette	TRACE	0 -> [0,280,"WebDriver:ElementClick",{"id":"e80420ce-e725-4e90-8c01-777f131c6f61"}]
1542287156064	Marionette	DEBUG	[6442450945] Canceled page load listener because no navigation has been detected
1542287156065	Marionette	TRACE	0 <- [1,280,null,{"value":null}]
1542287156069	Marionette	TRACE	0 -> [0,281,"WebDriver:FindElement",{"using":"css selector","value":"*[name='group_footer']"}]
1542287156071	Marionette	TRACE	0 <- [1,281,null,{"value":{"element-6066-11e4-a52e-4f735466cecf":"e80420ce-e725-4e90-8c01-777f131c6f61"}}]
1542287156077	Marionette	TRACE	0 -> [0,282,"WebDriver:ElementClear",{"id":"e80420ce-e725-4e90-8c01-777f131c6f61"}]
1542287156079	Marionette	TRACE	0 <- [1,282,null,{"value":null}]
1542287156085	Marionette	TRACE	0 -> [0,283,"WebDriver:FindElement",{"using":"css selector","value":"*[name='group_footer']"}]
1542287156086	Marionette	TRACE	0 <- [1,283,null,{"value":{"element-6066-11e4-a52e-4f735466cecf":"e80420ce-e725-4e90-8c01-777f131c6f61"}}]
1542287156092	Marionette	TRACE	0 -> [0,284,"WebDriver:ElementSendKeys",{"id":"e80420ce-e725-4e90-8c01-777f131c6f61","text":"footer1","value":["f","o","o","t","e","r","1"]}]
1542287156099	Marionette	TRACE	0 <- [1,284,null,{"value":null}]
1542287156106	Marionette	TRACE	0 -> [0,285,"WebDriver:FindElement",{"using":"css selector","value":"*[name='submit']"}]
1542287156108	Marionette	TRACE	0 <- [1,285,null,{"value":{"element-6066-11e4-a52e-4f735466cecf":"9a359c5a-d4fd-4dbe-a10d-07e9b91732c8"}}]
1542287156113	Marionette	TRACE	0 -> [0,286,"WebDriver:ElementClick",{"id":"9a359c5a-d4fd-4dbe-a10d-07e9b91732c8"}]
1542287156120	Marionette	DEBUG	[6442450945] Received DOM event beforeunload for http://localhost/addressbook/group.php
1542287156172	Marionette	DEBUG	[6442450945] Received DOM event pagehide for http://localhost/addressbook/group.php
1542287156173	Marionette	DEBUG	[6442450945] Received DOM event unload for http://localhost/addressbook/group.php
1542287156180	Marionette	DEBUG	[6442450945] Received DOM event DOMContentLoaded for http://localhost/addressbook/group.php
1542287156188	Marionette	DEBUG	[6442450945] Received DOM event pageshow for http://localhost/addressbook/group.php
1542287156189	Marionette	TRACE	0 <- [1,286,null,{"value":null}]
1542287156192	Marionette	TRACE	0 -> [0,287,"WebDriver:FindElement",{"using":"link text","value":"group page"}]
1542287156231	Marionette	TRACE	0 <- [1,287,null,{"value":{"element-6066-11e4-a52e-4f735466cecf":"41916f85-39ca-4b1f-b77c-f71f9b1560ba"}}]
1542287156238	Marionette	TRACE	0 -> [0,288,"WebDriver:ElementClick",{"id":"41916f85-39ca-4b1f-b77c-f71f9b1560ba"}]
1542287156244	Marionette	DEBUG	[6442450945] Received DOM event beforeunload for http://localhost/addressbook/group.php
1542287156281	Marionette	DEBUG	[6442450945] Received DOM event pagehide for http://localhost/addressbook/group.php
1542287156282	Marionette	DEBUG	[6442450945] Received DOM event unload for http://localhost/addressbook/group.php
1542287156290	Marionette	DEBUG	[6442450945] Received DOM event DOMContentLoaded for http://localhost/addressbook/group.php
1542287156313	Marionette	DEBUG	[6442450945] Received DOM event pageshow for http://localhost/addressbook/group.php
1542287156314	Marionette	TRACE	0 <- [1,288,null,{"value":null}]
1542287156325	Marionette	TRACE	0 -> [0,289,"WebDriver:FindElements",{"using":"css selector","value":"*[name='selected[]']"}]
1542287156340	Marionette	TRACE	0 <- [1,289,null,[{"element-6066-11e4-a52e-4f735466cecf":"e6202349-6b2e-4616-9fd1-cc245d005ddc"},{"element-6066-11e4-a52e-4f735466 ... ecf":"ac64b2b3-f64b-4f22-b690-558924c1b85c"},{"element-6066-11e4-a52e-4f735466cecf":"21779a9a-81ea-472f-8ff4-c65dcaadcf21"}]]
1542287156348	Marionette	TRACE	0 -> [0,290,"WebDriver:FindElement",{"using":"css selector","value":"[href='group.php']"}]
1542287156352	Marionette	TRACE	0 <- [1,290,null,{"value":{"element-6066-11e4-a52e-4f735466cecf":"f672f5d3-9a5e-4ff2-a56d-5f68897472d7"}}]
1542287156356	Marionette	TRACE	0 -> [0,291,"WebDriver:ElementClick",{"id":"f672f5d3-9a5e-4ff2-a56d-5f68897472d7"}]
1542287156362	Marionette	DEBUG	[6442450945] Received DOM event beforeunload for http://localhost/addressbook/group.php
1542287156394	Marionette	DEBUG	[6442450945] Received DOM event pagehide for http://localhost/addressbook/group.php
1542287156395	Marionette	DEBUG	[6442450945] Received DOM event unload for http://localhost/addressbook/group.php
1542287156406	Marionette	DEBUG	[6442450945] Received DOM event DOMContentLoaded for http://localhost/addressbook/group.php
1542287156410	Marionette	DEBUG	[6442450945] Received DOM event pageshow for http://localhost/addressbook/group.php
1542287156411	Marionette	TRACE	0 <- [1,291,null,{"value":null}]
1542287156423	Marionette	TRACE	0 -> [0,292,"WebDriver:FindElements",{"using":"css selector","value":"*[name='selected[]']"}]
1542287156443	Marionette	TRACE	0 <- [1,292,null,[{"element-6066-11e4-a52e-4f735466cecf":"4d7f6ab0-58a3-46de-a95c-5e60a1769620"},{"element-6066-11e4-a52e-4f735466 ... ecf":"0a92d1c6-a24d-411d-aecb-297f8e727ecd"},{"element-6066-11e4-a52e-4f735466cecf":"8f378cf6-bcce-4162-9dff-8d8bf94634de"}]]
1542287156451	Marionette	TRACE	0 -> [0,293,"WebDriver:FindElement",{"using":"css selector","value":"*[name='new']"}]
1542287156454	Marionette	TRACE	0 <- [1,293,null,{"value":{"element-6066-11e4-a52e-4f735466cecf":"ab6c3e0b-3ce5-410e-8dfe-e3b2d742ee6b"}}]
1542287156461	Marionette	TRACE	0 -> [0,294,"WebDriver:ElementClick",{"id":"ab6c3e0b-3ce5-410e-8dfe-e3b2d742ee6b"}]
1542287156469	Marionette	DEBUG	[6442450945] Received DOM event beforeunload for http://localhost/addressbook/group.php
1542287156496	Marionette	DEBUG	[6442450945] Received DOM event pagehide for http://localhost/addressbook/group.php
1542287156497	Marionette	DEBUG	[6442450945] Received DOM event unload for http://localhost/addressbook/group.php
1542287156507	Marionette	DEBUG	[6442450945] Received DOM event DOMContentLoaded for http://localhost/addressbook/group.php
1542287156535	Marionette	DEBUG	[6442450945] Received DOM event pageshow for http://localhost/addressbook/group.php
1542287156536	Marionette	TRACE	0 <- [1,294,null,{"value":null}]
1542287156544	Marionette	TRACE	0 -> [0,295,"WebDriver:FindElement",{"using":"css selector","value":"*[name='group_name']"}]
1542287156546	Marionette	TRACE	0 <- [1,295,null,{"value":{"element-6066-11e4-a52e-4f735466cecf":"09db2a65-ad01-4882-bd81-39012ba407c1"}}]
1542287156557	Marionette	TRACE	0 -> [0,296,"WebDriver:ElementClick",{"id":"09db2a65-ad01-4882-bd81-39012ba407c1"}]
1542287156775	Marionette	DEBUG	[6442450945] Canceled page load listener because no navigation has been detected
1542287156777	Marionette	TRACE	0 <- [1,296,null,{"value":null}]
1542287156785	Marionette	TRACE	0 -> [0,297,"WebDriver:FindElement",{"using":"css selector","value":"*[name='group_name']"}]
1542287156789	Marionette	TRACE	0 <- [1,297,null,{"value":{"element-6066-11e4-a52e-4f735466cecf":"09db2a65-ad01-4882-bd81-39012ba407c1"}}]
1542287156796	Marionette	TRACE	0 -> [0,298,"WebDriver:ElementClear",{"id":"09db2a65-ad01-4882-bd81-39012ba407c1"}]
1542287156802	Marionette	TRACE	0 <- [1,298,null,{"value":null}]
1542287156808	Marionette	TRACE	0 -> [0,299,"WebDriver:FindElement",{"using":"css selector","value":"*[name='group_name']"}]
1542287156811	Marionette	TRACE	0 <- [1,299,null,{"value":{"element-6066-11e4-a52e-4f735466cecf":"09db2a65-ad01-4882-bd81-39012ba407c1"}}]
1542287156816	Marionette	TRACE	0 -> [0,300,"WebDriver:ElementSendKeys",{"id":"09db2a65-ad01-4882-bd81-39012ba407c1","text":"test2","value":["t","e","s","t","2"]}]
1542287156826	Marionette	TRACE	0 <- [1,300,null,{"value":null}]
1542287156832	Marionette	TRACE	0 -> [0,301,"WebDriver:FindElement",{"using":"css selector","value":"*[name='group_header']"}]
1542287156835	Marionette	TRACE	0 <- [1,301,null,{"value":{"element-6066-11e4-a52e-4f735466cecf":"3065b873-22ec-4a5f-8f10-f9714c0ecc84"}}]
1542287156840	Marionette	TRACE	0 -> [0,302,"WebDriver:ElementClick",{"id":"3065b873-22ec-4a5f-8f10-f9714c0ecc84"}]
1542287157048	Marionette	DEBUG	[6442450945] Canceled page load listener because no navigation has been detected
1542287157048	Marionette	TRACE	0 <- [1,302,null,{"value":null}]
1542287157052	Marionette	TRACE	0 -> [0,303,"WebDriver:FindElement",{"using":"css selector","value":"*[name='group_header']"}]
1542287157054	Marionette	TRACE	0 <- [1,303,null,{"value":{"element-6066-11e4-a52e-4f735466cecf":"3065b873-22ec-4a5f-8f10-f9714c0ecc84"}}]
1542287157057	Marionette	TRACE	0 -> [0,304,"WebDriver:ElementClear",{"id":"3065b873-22ec-4a5f-8f10-f9714c0ecc84"}]
1542287157058	Marionette	TRACE	0 <- [1,304,null,{"value":null}]
1542287157060	Marionette	TRACE	0 -> [0,305,"WebDriver:FindElement",{"using":"css selector","value":"*[name='group_header']"}]
1542287157062	Marionette	TRACE	0 <- [1,305,null,{"value":{"element-6066-11e4-a52e-4f735466cecf":"3065b873-22ec-4a5f-8f10-f9714c0ecc84"}}]
1542287157064	Marionette	TRACE	0 -> [0,306,"WebDriver:ElementSendKeys",{"id":"3065b873-22ec-4a5f-8f10-f9714c0ecc84","text":"header2","value":["h","e","a","d","e","r","2"]}]
1542287157071	Marionette	TRACE	0 <- [1,306,null,{"value":null}]
1542287157079	Marionette	TRACE	0 -> [0,307,"WebDriver:FindElement",{"using":"css selector","value":"*[name='group_footer']"}]
1542287157085	Marionette	TRACE	0 <- [1,307,null,{"value":{"element-6066-11e4-a52e-4f735466cecf":"6547e165-0336-4a26-95c5-de45175ceba4"}}]
1542287157094	Marionette	TRACE	0 -> [0,308,"WebDriver:ElementClick",{"id":"6547e165-0336-4a26-95c5-de45175ceba4"}]
1542287157317	Marionette	DEBUG	[6442450945] Canceled page load listener because no navigation has been detected
1542287157320	Marionette	TRACE	0 <- [1,308,null,{"value":null}]
1542287157327	Marionette	TRACE	0 -> [0,309,"WebDriver:FindElement",{"using":"css selector","value":"*[name='group_footer']"}]
1542287157332	Marionette	TRACE	0 <- [1,309,null,{"value":{"element-6066-11e4-a52e-4f735466cecf":"6547e165-0336-4a26-95c5-de45175ceba4"}}]
1542287157339	Marionette	TRACE	0 -> [0,310,"WebDriver:ElementClear",{"id":"6547e165-0336-4a26-95c5-de45175ceba4"}]
1542287157344	Marionette	TRACE	0 <- [1,310,null,{"value":null}]
1542287157351	Marionette	TRACE	0 -> [0,311,"WebDriver:FindElement",{"using":"css selector","value":"*[name='group_footer']"}]
1542287157356	Marionette	TRACE	0 <- [1,311,null,{"value":{"element-6066-11e4-a52e-4f735466cecf":"6547e165-0336-4a26-95c5-de45175ceba4"}}]
1542287157362	Marionette	TRACE	0 -> [0,312,"WebDriver:ElementSendKeys",{"id":"6547e165-0336-4a26-95c5-de45175ceba4","text":"footer2","value":["f","o","o","t","e","r","2"]}]
1542287157372	Marionette	TRACE	0 <- [1,312,null,{"value":null}]
1542287157377	Marionette	TRACE	0 -> [0,313,"WebDriver:FindElement",{"using":"css selector","value":"*[name='submit']"}]
1542287157381	Marionette	TRACE	0 <- [1,313,null,{"value":{"element-6066-11e4-a52e-4f735466cecf":"794ccaf6-282a-438a-8df5-46ca4fba7bb7"}}]
1542287157386	Marionette	TRACE	0 -> [0,314,"WebDriver:ElementClick",{"id":"794ccaf6-282a-438a-8df5-46ca4fba7bb7"}]
1542287157390	Marionette	DEBUG	[6442450945] Received DOM event beforeunload for http://localhost/addressbook/group.php
1542287157419	Marionette	DEBUG	[6442450945] Received DOM event pagehide for http://localhost/addressbook/group.php
1542287157421	Marionette	DEBUG	[6442450945] Received DOM event unload for http://localhost/addressbook/group.php
1542287157430	Marionette	DEBUG	[6442450945] Received DOM event DOMContentLoaded for http://localhost/addressbook/group.php
1542287157440	Marionette	DEBUG	[6442450945] Received DOM event pageshow for http://localhost/addressbook/group.php
1542287157440	Marionette	TRACE	0 <- [1,314,null,{"value":null}]
1542287157445	Marionette	TRACE	0 -> [0,315,"WebDriver:FindElement",{"using":"link text","value":"group page"}]
1542287157487	Marionette	TRACE	0 <- [1,315,null,{"value":{"element-6066-11e4-a52e-4f735466cecf":"ae5ea6e7-d0b7-4e48-b1b5-c1bdd3ee8beb"}}]
1542287157493	Marionette	TRACE	0 -> [0,316,"WebDriver:ElementClick",{"id":"ae5ea6e7-d0b7-4e48-b1b5-c1bdd3ee8beb"}]
1542287157497	Marionette	DEBUG	[6442450945] Received DOM event beforeunload for http://localhost/addressbook/group.php
1542287157544	Marionette	DEBUG	[6442450945] Received DOM event pagehide for http://localhost/addressbook/group.php
1542287157545	Marionette	DEBUG	[6442450945] Received DOM event unload for http://localhost/addressbook/group.php
1542287157556	Marionette	DEBUG	[6442450945] Received DOM event DOMContentLoaded for http://localhost/addressbook/group.php
1542287157561	Marionette	DEBUG	[6442450945] Received DOM event pageshow for http://localhost/addressbook/group.php
1542287157562	Marionette	TRACE	0 <- [1,316,null,{"value":null}]
1542287157571	Marionette	TRACE	0 -> [0,317,"WebDriver:FindElements",{"using":"css selector","value":"*[name='selected[]']"}]
1542287157593	Marionette	TRACE	0 <- [1,317,null,[{"element-6066-11e4-a52e-4f735466cecf":"06c706bc-af26-4907-92ed-c701f7d213d9"},{"element-6066-11e4-a52e-4f735466 ... ecf":"5ecfe939-c764-4cca-a3af-2d387aa7da38"},{"element-6066-11e4-a52e-4f735466cecf":"f9b1b7d4-9e3b-492c-a798-c4cc6d409c4d"}]]
1542287157597	Marionette	TRACE	0 -> [0,318,"WebDriver:FindElement",{"using":"css selector","value":"[href='group.php']"}]
1542287157603	Marionette	TRACE	0 <- [1,318,null,{"value":{"element-6066-11e4-a52e-4f735466cecf":"538fa68f-96f0-4da6-b2a9-b7f8acc75c2d"}}]
1542287157609	Marionette	TRACE	0 -> [0,319,"WebDriver:ElementClick",{"id":"538fa68f-96f0-4da6-b2a9-b7f8acc75c2d"}]
1542287157619	Marionette	DEBUG	[6442450945] Received DOM event beforeunload for http://localhost/addressbook/group.php
1542287157655	Marionette	DEBUG	[6442450945] Received DOM event pagehide for http://localhost/addressbook/group.php
1542287157655	Marionette	DEBUG	[6442450945] Received DOM event unload for http://localhost/addressbook/group.php
1542287157662	Marionette	DEBUG	[6442450945] Received DOM event DOMContentLoaded for http://localhost/addressbook/group.php
1542287157675	Marionette	DEBUG	[6442450945] Received DOM event pageshow for http://localhost/addressbook/group.php
1542287157675	Marionette	TRACE	0 <- [1,319,null,{"value":null}]
1542287157681	Marionette	TRACE	0 -> [0,320,"WebDriver:FindElements",{"using":"css selector","value":"*[name='selected[]']"}]
1542287157712	Marionette	TRACE	0 <- [1,320,null,[{"element-6066-11e4-a52e-4f735466cecf":"ebaf26dc-139f-43fc-b1dc-e20d7c1c80be"},{"element-6066-11e4-a52e-4f735466 ... ecf":"838d9e3c-003a-437e-8d42-4da6aa61be02"},{"element-6066-11e4-a52e-4f735466cecf":"b55585ed-d4f9-4b86-bb14-c46de8eeff36"}]]
1542287157730	Marionette	TRACE	0 -> [0,321,"WebDriver:FindElement",{"using":"css selector","value":"*[name='new']"}]
1542287157735	Marionette	TRACE	0 <- [1,321,null,{"value":{"element-6066-11e4-a52e-4f735466cecf":"e2200b85-be83-49d1-8163-533f53208a61"}}]
1542287157742	Marionette	TRACE	0 -> [0,322,"WebDriver:ElementClick",{"id":"e2200b85-be83-49d1-8163-533f53208a61"}]
1542287157753	Marionette	DEBUG	[6442450945] Received DOM event beforeunload for http://localhost/addressbook/group.php
1542287157780	Marionette	DEBUG	[6442450945] Received DOM event pagehide for http://localhost/addressbook/group.php
1542287157780	Marionette	DEBUG	[6442450945] Received DOM event unload for http://localhost/addressbook/group.php
1542287157788	Marionette	DEBUG	[6442450945] Received DOM event DOMContentLoaded for http://localhost/addressbook/group.php
1542287157815	Marionette	DEBUG	[6442450945] Received DOM event pageshow for http://localhost/addressbook/group.php
1542287157817	Marionette	TRACE	0 <- [1,322,null,{"value":null}]
1542287157825	Marionette	TRACE	0 -> [0,323,"WebDriver:FindElement",{"using":"css selector","value":"*[name='group_name']"}]
1542287157828	Marionette	TRACE	0 <- [1,323,null,{"value":{"element-6066-11e4-a52e-4f735466cecf":"acfacf3c-b747-473c-8151-cbdfb6d618a6"}}]
1542287157839	Marionette	TRACE	0 -> [0,324,"WebDriver:ElementClick",{"id":"acfacf3c-b747-473c-8151-cbdfb6d618a6"}]
1542287158049	Marionette	DEBUG	[6442450945] Canceled page load listener because no navigation has been detected
1542287158050	Marionette	TRACE	0 <- [1,324,null,{"value":null}]
1542287158054	Marionette	TRACE	0 -> [0,325,"WebDriver:FindElement",{"using":"css selector","value":"*[name='group_name']"}]
1542287158057	Marionette	TRACE	0 <- [1,325,null,{"value":{"element-6066-11e4-a52e-4f735466cecf":"acfacf3c-b747-473c-8151-cbdfb6d618a6"}}]
1542287158062	Marionette	TRACE	0 -> [0,326,"WebDriver:ElementClear",{"id":"acfacf3c-b747-473c-8151-cbdfb6d618a6"}]
1542287158064	Marionette	TRACE	0 <- [1,326,null,{"value":null}]
1542287158069	Marionette	TRACE	0 -> [0,327,"WebDriver:FindElement",{"using":"css selector","value":"*[name='group_name']"}]
1542287158072	Marionette	TRACE	0 <- [1,327,null,{"value":{"element-6066-11e4-a52e-4f735466cecf":"acfacf3c-b747-473c-8151-cbdfb6d618a6"}}]
1542287158078	Marionette	TRACE	0 -> [0,328,"WebDriver:ElementSendKeys",{"id":"acfacf3c-b747-473c-8151-cbdfb6d618a6","text":"test3","value":["t","e","s","t","3"]}]
1542287158084	Marionette	TRACE	0 <- [1,328,null,{"value":null}]
1542287158091	Marionette	TRACE	0 -> [0,329,"WebDriver:FindElement",{"using":"css selector","value":"*[name='group_header']"}]
1542287158096	Marionette	TRACE	0 <- [1,329,null,{"value":{"element-6066-11e4-a52e-4f735466cecf":"b0fc8c78-785f-44f1-b723-dcffffe7ee97"}}]
1542287158103	Marionette	TRACE	0 -> [0,330,"WebDriver:ElementClick",{"id":"b0fc8c78-785f-44f1-b723-dcffffe7ee97"}]
1542287158324	Marionette	DEBUG	[6442450945] Canceled page load listener because no navigation has been detected
1542287158325	Marionette	TRACE	0 <- [1,330,null,{"value":null}]
1542287158329	Marionette	TRACE	0 -> [0,331,"WebDriver:FindElement",{"using":"css selector","value":"*[name='group_header']"}]
1542287158333	Marionette	TRACE	0 <- [1,331,null,{"value":{"element-6066-11e4-a52e-4f735466cecf":"b0fc8c78-785f-44f1-b723-dcffffe7ee97"}}]
1542287158341	Marionette	TRACE	0 -> [0,332,"WebDriver:ElementClear",{"id":"b0fc8c78-785f-44f1-b723-dcffffe7ee97"}]
1542287158346	Marionette	TRACE	0 <- [1,332,null,{"value":null}]
1542287158355	Marionette	TRACE	0 -> [0,333,"WebDriver:FindElement",{"using":"css selector","value":"*[name='group_header']"}]
1542287158363	Marionette	TRACE	0 <- [1,333,null,{"value":{"element-6066-11e4-a52e-4f735466cecf":"b0fc8c78-785f-44f1-b723-dcffffe7ee97"}}]
1542287158369	Marionette	TRACE	0 -> [0,334,"WebDriver:ElementSendKeys",{"id":"b0fc8c78-785f-44f1-b723-dcffffe7ee97","text":"header3","value":["h","e","a","d","e","r","3"]}]
1542287158386	Marionette	TRACE	0 <- [1,334,null,{"value":null}]
1542287158394	Marionette	TRACE	0 -> [0,335,"WebDriver:FindElement",{"using":"css selector","value":"*[name='group_footer']"}]
1542287158396	Marionette	TRACE	0 <- [1,335,null,{"value":{"element-6066-11e4-a52e-4f735466cecf":"992cc2ec-b13a-434f-a281-d72ef7e68714"}}]
1542287158400	Marionette	TRACE	0 -> [0,336,"WebDriver:ElementClick",{"id":"992cc2ec-b13a-434f-a281-d72ef7e68714"}]
1542287158609	Marionette	DEBUG	[6442450945] Canceled page load listener because no navigation has been detected
1542287158609	Marionette	TRACE	0 <- [1,336,null,{"value":null}]
1542287158613	Marionette	TRACE	0 -> [0,337,"WebDriver:FindElement",{"using":"css selector","value":"*[name='group_footer']"}]
1542287158618	Marionette	TRACE	0 <- [1,337,null,{"value":{"element-6066-11e4-a52e-4f735466cecf":"992cc2ec-b13a-434f-a281-d72ef7e68714"}}]
1542287158622	Marionette	TRACE	0 -> [0,338,"WebDriver:ElementClear",{"id":"992cc2ec-b13a-434f-a281-d72ef7e68714"}]
1542287158626	Marionette	TRACE	0 <- [1,338,null,{"value":null}]
1542287158634	Marionette	TRACE	0 -> [0,339,"WebDriver:FindElement",{"using":"css selector","value":"*[name='group_footer']"}]
1542287158637	Marionette	TRACE	0 <- [1,339,null,{"value":{"element-6066-11e4-a52e-4f735466cecf":"992cc2ec-b13a-434f-a281-d72ef7e68714"}}]
1542287158641	Marionette	TRACE	0 -> [0,340,"WebDriver:ElementSendKeys",{"id":"992cc2ec-b13a-434f-a281-d72ef7e68714","text":"footer3","value":["f","o","o","t","e","r","3"]}]
1542287158650	Marionette	TRACE	0 <- [1,340,null,{"value":null}]
1542287158659	Marionette	TRACE	0 -> [0,341,"WebDriver:FindElement",{"using":"css selector","value":"*[name='submit']"}]
1542287158662	Marionette	TRACE	0 <- [1,341,null,{"value":{"element-6066-11e4-a52e-4f735466cecf":"d22a8925-4d15-48bc-81ad-9730f978bf5a"}}]
1542287158669	Marionette	TRACE	0 -> [0,342,"WebDriver:ElementClick",{"id":"d22a8925-4d15-48bc-81ad-9730f978bf5a"}]
1542287158674	Marionette	DEBUG	[6442450945] Received DOM event beforeunload for http://localhost/addressbook/group.php
1542287158710	Marionette	DEBUG	[6442450945] Received DOM event pagehide for http://localhost/addressbook/group.php
1542287158711	Marionette	DEBUG	[6442450945] Received DOM event unload for http://localhost/addressbook/group.php
1542287158722	Marionette	DEBUG	[6442450945] Received DOM event DOMContentLoaded for http://localhost/addressbook/group.php
1542287158734	Marionette	DEBUG	[6442450945] Received DOM event pageshow for http://localhost/addressbook/group.php
1542287158735	Marionette	TRACE	0 <- [1,342,null,{"value":null}]
1542287158742	Marionette	TRACE	0 -> [0,343,"WebDriver:FindElement",{"using":"link text","value":"group page"}]
1542287158775	Marionette	TRACE	0 <- [1,343,null,{"value":{"element-6066-11e4-a52e-4f735466cecf":"1f021247-868f-4f6b-bf8d-2b73a5e4a7f6"}}]
1542287158784	Marionette	TRACE	0 -> [0,344,"WebDriver:ElementClick",{"id":"1f021247-868f-4f6b-bf8d-2b73a5e4a7f6"}]
1542287158791	Marionette	DEBUG	[6442450945] Received DOM event beforeunload for http://localhost/addressbook/group.php
1542287158813	Marionette	DEBUG	[6442450945] Received DOM event pagehide for http://localhost/addressbook/group.php
1542287158815	Marionette	DEBUG	[6442450945] Received DOM event unload for http://localhost/addressbook/group.php
1542287158822	Marionette	DEBUG	[6442450945] Received DOM event DOMContentLoaded for http://localhost/addressbook/group.php
1542287158828	Marionette	DEBUG	[6442450945] Received DOM event pageshow for http://localhost/addressbook/group.php
1542287158828	Marionette	TRACE	0 <- [1,344,null,{"value":null}]
1542287158839	Marionette	TRACE	0 -> [0,345,"WebDriver:FindElements",{"using":"css selector","value":"*[name='selected[]']"}]
1542287158862	Marionette	TRACE	0 <- [1,345,null,[{"element-6066-11e4-a52e-4f735466cecf":"2145bcce-c19c-44ac-a400-b4955531f6f5"},{"element-6066-11e4-a52e-4f735466 ... ecf":"739e129b-c58b-4a91-9559-70fb2e966ab5"},{"element-6066-11e4-a52e-4f735466cecf":"a134bceb-436d-45df-ade6-5f74e265d57a"}]]
1542287158869	Marionette	TRACE	0 -> [0,346,"WebDriver:FindElement",{"using":"css selector","value":"[href='group.php']"}]
1542287158871	Marionette	TRACE	0 <- [1,346,null,{"value":{"element-6066-11e4-a52e-4f735466cecf":"c7a16d28-08b6-4808-920d-00d291b071b2"}}]
1542287158878	Marionette	TRACE	0 -> [0,347,"WebDriver:ElementClick",{"id":"c7a16d28-08b6-4808-920d-00d291b071b2"}]
1542287158886	Marionette	DEBUG	[6442450945] Received DOM event beforeunload for http://localhost/addressbook/group.php
1542287158912	Marionette	DEBUG	[6442450945] Received DOM event pagehide for http://localhost/addressbook/group.php
1542287158913	Marionette	DEBUG	[6442450945] Received DOM event unload for http://localhost/addressbook/group.php
1542287158923	Marionette	DEBUG	[6442450945] Received DOM event DOMContentLoaded for http://localhost/addressbook/group.php
1542287158942	Marionette	DEBUG	[6442450945] Received DOM event pageshow for http://localhost/addressbook/group.php
1542287158943	Marionette	TRACE	0 <- [1,347,null,{"value":null}]
1542287158956	Marionette	TRACE	0 -> [0,348,"WebDriver:FindElements",{"using":"css selector","value":"*[name='selected[]']"}]
1542287158979	Marionette	TRACE	0 <- [1,348,null,[{"element-6066-11e4-a52e-4f735466cecf":"9470e4a2-5701-4bfd-9d0d-f0eab6c301d3"},{"element-6066-11e4-a52e-4f735466 ... ecf":"95d3fd99-f5c7-4d75-af6e-968e03062a17"},{"element-6066-11e4-a52e-4f735466cecf":"ac8f7d8a-3765-4d60-85db-b8c12d45f315"}]]
1542287158989	Marionette	TRACE	0 -> [0,349,"WebDriver:FindElement",{"using":"css selector","value":"*[name='new']"}]
1542287158991	Marionette	TRACE	0 <- [1,349,null,{"value":{"element-6066-11e4-a52e-4f735466cecf":"e7b1359f-0764-4135-b279-657f334e7baa"}}]
1542287158999	Marionette	TRACE	0 -> [0,350,"WebDriver:ElementClick",{"id":"e7b1359f-0764-4135-b279-657f334e7baa"}]
1542287159007	Marionette	DEBUG	[6442450945] Received DOM event beforeunload for http://localhost/addressbook/group.php
1542287159037	Marionette	DEBUG	[6442450945] Received DOM event pagehide for http://localhost/addressbook/group.php
1542287159038	Marionette	DEBUG	[6442450945] Received DOM event unload for http://localhost/addressbook/group.php
1542287159045	Marionette	DEBUG	[6442450945] Received DOM event DOMContentLoaded for http://localhost/addressbook/group.php
1542287159058	Marionette	DEBUG	[6442450945] Received DOM event pageshow for http://localhost/addressbook/group.php
1542287159059	Marionette	TRACE	0 <- [1,350,null,{"value":null}]
1542287159069	Marionette	TRACE	0 -> [0,351,"WebDriver:FindElement",{"using":"css selector","value":"*[name='group_name']"}]
1542287159075	Marionette	TRACE	0 <- [1,351,null,{"value":{"element-6066-11e4-a52e-4f735466cecf":"4227ae7b-53bc-4640-91fa-46919b1809c3"}}]
1542287159087	Marionette	TRACE	0 -> [0,352,"WebDriver:ElementClick",{"id":"4227ae7b-53bc-4640-91fa-46919b1809c3"}]
1542287159308	Marionette	DEBUG	[6442450945] Canceled page load listener because no navigation has been detected
1542287159309	Marionette	TRACE	0 <- [1,352,null,{"value":null}]
1542287159314	Marionette	TRACE	0 -> [0,353,"WebDriver:FindElement",{"using":"css selector","value":"*[name='group_name']"}]
1542287159317	Marionette	TRACE	0 <- [1,353,null,{"value":{"element-6066-11e4-a52e-4f735466cecf":"4227ae7b-53bc-4640-91fa-46919b1809c3"}}]
1542287159323	Marionette	TRACE	0 -> [0,354,"WebDriver:ElementClear",{"id":"4227ae7b-53bc-4640-91fa-46919b1809c3"}]
1542287159326	Marionette	TRACE	0 <- [1,354,null,{"value":null}]
1542287159330	Marionette	TRACE	0 -> [0,355,"WebDriver:FindElement",{"using":"css selector","value":"*[name='group_name']"}]
1542287159335	Marionette	TRACE	0 <- [1,355,null,{"value":{"element-6066-11e4-a52e-4f735466cecf":"4227ae7b-53bc-4640-91fa-46919b1809c3"}}]
1542287159339	Marionette	TRACE	0 -> [0,356,"WebDriver:ElementSendKeys",{"id":"4227ae7b-53bc-4640-91fa-46919b1809c3","text":"test4","value":["t","e","s","t","4"]}]
1542287159351	Marionette	TRACE	0 <- [1,356,null,{"value":null}]
1542287159359	Marionette	TRACE	0 -> [0,357,"WebDriver:FindElement",{"using":"css selector","value":"*[name='group_header']"}]
1542287159362	Marionette	TRACE	0 <- [1,357,null,{"value":{"element-6066-11e4-a52e-4f735466cecf":"a4082be1-0642-4687-9fcf-0e9a66d20f77"}}]
1542287159371	Marionette	TRACE	0 -> [0,358,"WebDriver:ElementClick",{"id":"a4082be1-0642-4687-9fcf-0e9a66d20f77"}]
1542287159586	Marionette	DEBUG	[6442450945] Canceled page load listener because no navigation has been detected
1542287159587	Marionette	TRACE	0 <- [1,358,null,{"value":null}]
1542287159596	Marionette	TRACE	0 -> [0,359,"WebDriver:FindElement",{"using":"css selector","value":"*[name='group_header']"}]
1542287159601	Marionette	TRACE	0 <- [1,359,null,{"value":{"element-6066-11e4-a52e-4f735466cecf":"a4082be1-0642-4687-9fcf-0e9a66d20f77"}}]
1542287159607	Marionette	TRACE	0 -> [0,360,"WebDriver:ElementClear",{"id":"a4082be1-0642-4687-9fcf-0e9a66d20f77"}]
1542287159612	Marionette	TRACE	0 <- [1,360,null,{"value":null}]
1542287159619	Marionette	TRACE	0 -> [0,361,"WebDriver:FindElement",{"using":"css selector","value":"*[name='group_header']"}]
1542287159624	Marionette	TRACE	0 <- [1,361,null,{"value":{"element-6066-11e4-a52e-4f735466cecf":"a4082be1-0642-4687-9fcf-0e9a66d20f77"}}]
1542287159630	Marionette	TRACE	0 -> [0,362,"WebDriver:ElementSendKeys",{"id":"a4082be1-0642-4687-9fcf-0e9a66d20f77","text":"header4","value":["h","e","a","d","e","r","4"]}]
1542287159639	Marionette	TRACE	0 <- [1,362,null,{"value":null}]
1542287159643	Marionette	TRACE	0 -> [0,363,"WebDriver:FindElement",{"using":"css selector","value":"*[name='group_footer']"}]
1542287159645	Marionette	TRACE	0 <- [1,363,null,{"value":{"element-6066-11e4-a52e-4f735466cecf":"7da8259a-f3fb-44b2-a428-cfe69f205119"}}]
1542287159650	Marionette	TRACE	0 -> [0,364,"WebDriver:ElementClick",{"id":"7da8259a-f3fb-44b2-a428-cfe69f205119"}]
1542287159859	Marionette	DEBUG	[6442450945] Canceled page load listener because no navigation has been detected
1542287159860	Marionette	TRACE	0 <- [1,364,null,{"value":null}]
1542287159867	Marionette	TRACE	0 -> [0,365,"WebDriver:FindElement",{"using":"css selector","value":"*[name='group_footer']"}]
1542287159869	Marionette	TRACE	0 <- [1,365,null,{"value":{"element-6066-11e4-a52e-4f735466cecf":"7da8259a-f3fb-44b2-a428-cfe69f205119"}}]
1542287159875	Marionette	TRACE	0 -> [0,366,"WebDriver:ElementClear",{"id":"7da8259a-f3fb-44b2-a428-cfe69f205119"}]
1542287159877	Marionette	TRACE	0 <- [1,366,null,{"value":null}]
1542287159880	Marionette	TRACE	0 -> [0,367,"WebDriver:FindElement",{"using":"css selector","value":"*[name='group_footer']"}]
1542287159881	Marionette	TRACE	0 <- [1,367,null,{"value":{"element-6066-11e4-a52e-4f735466cecf":"7da8259a-f3fb-44b2-a428-cfe69f205119"}}]
1542287159892	Marionette	TRACE	0 -> [0,368,"WebDriver:ElementSendKeys",{"id":"7da8259a-f3fb-44b2-a428-cfe69f205119","text":"footer4","value":["f","o","o","t","e","r","4"]}]
1542287159897	Marionette	TRACE	0 <- [1,368,null,{"value":null}]
1542287159904	Marionette	TRACE	0 -> [0,369,"WebDriver:FindElement",{"using":"css selector","value":"*[name='submit']"}]
1542287159906	Marionette	TRACE	0 <- [1,369,null,{"value":{"element-6066-11e4-a52e-4f735466cecf":"b3907725-f9a3-4cc0-be99-635abcf333f7"}}]
1542287159911	Marionette	TRACE	0 -> [0,370,"WebDriver:ElementClick",{"id":"b3907725-f9a3-4cc0-be99-635abcf333f7"}]
1542287159920	Marionette	DEBUG	[6442450945] Received DOM event beforeunload for http://localhost/addressbook/group.php
1542287159950	Marionette	DEBUG	[6442450945] Received DOM event pagehide for http://localhost/addressbook/group.php
1542287159951	Marionette	DEBUG	[6442450945] Received DOM event unload for http://localhost/addressbook/group.php
1542287159956	Marionette	DEBUG	[6442450945] Received DOM event DOMContentLoaded for http://localhost/addressbook/group.php
1542287159964	Marionette	DEBUG	[6442450945] Received DOM event pageshow for http://localhost/addressbook/group.php
1542287159970	Marionette	TRACE	0 <- [1,370,null,{"value":null}]
1542287159980	Marionette	TRACE	0 -> [0,371,"WebDriver:FindElement",{"using":"link text","value":"group page"}]
1542287160021	Marionette	TRACE	0 <- [1,371,null,{"value":{"element-6066-11e4-a52e-4f735466cecf":"80d5f4a5-a9d2-439a-95a0-774282c57b55"}}]
1542287160027	Marionette	TRACE	0 -> [0,372,"WebDriver:ElementClick",{"id":"80d5f4a5-a9d2-439a-95a0-774282c57b55"}]
1542287160033	Marionette	DEBUG	[6442450945] Received DOM event beforeunload for http://localhost/addressbook/group.php
1542287160068	Marionette	DEBUG	[6442450945] Received DOM event pagehide for http://localhost/addressbook/group.php
1542287160069	Marionette	DEBUG	[6442450945] Received DOM event unload for http://localhost/addressbook/group.php
1542287160075	Marionette	DEBUG	[6442450945] Received DOM event DOMContentLoaded for http://localhost/addressbook/group.php
1542287160086	Marionette	DEBUG	[6442450945] Received DOM event pageshow for http://localhost/addressbook/group.php
1542287160087	Marionette	TRACE	0 <- [1,372,null,{"value":null}]
1542287160091	Marionette	TRACE	0 -> [0,373,"WebDriver:FindElements",{"using":"css selector","value":"*[name='selected[]']"}]
1542287160123	Marionette	TRACE	0 <- [1,373,null,[{"element-6066-11e4-a52e-4f735466cecf":"4d7443d0-05c1-4b76-8ba9-4d94d067b2ef"},{"element-6066-11e4-a52e-4f735466 ... ecf":"8575381c-4094-4368-a0e3-80b666ac6984"},{"element-6066-11e4-a52e-4f735466cecf":"747ac4b3-8731-4780-b56a-20c139caf144"}]]
]]></system-err>
</testsuite>
