<?xml version="1.0" encoding="UTF-8"?>
<testsuite name="com.telran.repeat.tests.ContactDeletionTests" tests="2" skipped="0" failures="0" errors="0" timestamp="2018-11-19T13:02:02" hostname="DESKTOP-PUIG3K0" time="1.035">
  <properties/>
  <testcase name="testFirstContactDeletion" classname="com.telran.repeat.tests.ContactDeletionTests" time="0.377"/>
  <testcase name="testLastContactDeletion" classname="com.telran.repeat.tests.ContactDeletionTests" time="0.44"/>
  <system-out><![CDATA[]]></system-out>
  <system-err><![CDATA[1542632522608	Marionette	TRACE	0 -> [0,542,"WebDriver:FindElements",{"using":"css selector","value":"*[name='selected[]']"}]
1542632522617	Marionette	TRACE	0 <- [1,542,null,[{"element-6066-11e4-a52e-4f735466cecf":"2f1c4997-2a4b-47e5-b3c7-bfb13cf41f04"},{"element-6066-11e4-a52e-4f735466 ... ecf":"5c9e5c0a-c424-45ab-a031-1c6006e4579f"},{"element-6066-11e4-a52e-4f735466cecf":"2b798717-d147-4b24-a4c9-fa2912c21339"}]]
1542632522625	Marionette	TRACE	0 -> [0,543,"WebDriver:FindElements",{"using":"css selector","value":"*[name='selected[]']"}]
1542632522633	Marionette	TRACE	0 <- [1,543,null,[{"element-6066-11e4-a52e-4f735466cecf":"2f1c4997-2a4b-47e5-b3c7-bfb13cf41f04"},{"element-6066-11e4-a52e-4f735466 ... ecf":"5c9e5c0a-c424-45ab-a031-1c6006e4579f"},{"element-6066-11e4-a52e-4f735466cecf":"2b798717-d147-4b24-a4c9-fa2912c21339"}]]
1542632522639	Marionette	TRACE	0 -> [0,544,"WebDriver:ElementClick",{"id":"2f1c4997-2a4b-47e5-b3c7-bfb13cf41f04"}]
1542632522848	Marionette	DEBUG	[6442450945] Canceled page load listener because no navigation has been detected
1542632522848	Marionette	TRACE	0 <- [1,544,null,{"value":null}]
1542632522852	Marionette	TRACE	0 -> [0,545,"WebDriver:FindElement",{"using":"css selector","value":"[onclick='DeleteSel()']"}]
1542632522854	Marionette	TRACE	0 <- [1,545,null,{"value":{"element-6066-11e4-a52e-4f735466cecf":"b8563a3a-77a3-48a7-896f-6debc5238f90"}}]
1542632522858	Marionette	TRACE	0 -> [0,546,"WebDriver:ElementClick",{"id":"b8563a3a-77a3-48a7-896f-6debc5238f90"}]
1542632522891	Marionette	DEBUG	Received observer notification tabmodal-dialog-loaded
1542632522893	Marionette	TRACE	0 <- [1,546,null,{"value":null}]
1542632522914	Marionette	TRACE	0 -> [0,547,"WebDriver:GetAlertText",{}]
1542632522914	Marionette	TRACE	0 <- [1,547,null,{"value":"Delete 1 addresses?"}]
1542632522921	Marionette	TRACE	0 -> [0,548,"WebDriver:AcceptDialog",{}]
1542632522934	Marionette	TRACE	0 <- [1,548,null,{"value":null}]
1542632522963	Marionette	TRACE	0 -> [0,549,"WebDriver:FindElements",{"using":"css selector","value":"*[name='selected[]']"}]
1542632522976	Marionette	TRACE	0 <- [1,549,null,[{"element-6066-11e4-a52e-4f735466cecf":"2f1c4997-2a4b-47e5-b3c7-bfb13cf41f04"},{"element-6066-11e4-a52e-4f735466 ... ecf":"5c9e5c0a-c424-45ab-a031-1c6006e4579f"},{"element-6066-11e4-a52e-4f735466cecf":"2b798717-d147-4b24-a4c9-fa2912c21339"}]]
1542632523200	Marionette	TRACE	0 -> [0,553,"WebDriver:FindElements",{"using":"css selector","value":"*[name='selected[]']"}]
1542632523227	Marionette	TRACE	0 <- [1,553,null,[{"element-6066-11e4-a52e-4f735466cecf":"81502ed9-fb3f-4ded-8430-4b0aa2ecff9a"},{"element-6066-11e4-a52e-4f735466 ... ecf":"4629eb47-f7ad-495d-989a-ee3de665dffc"},{"element-6066-11e4-a52e-4f735466cecf":"ca1ea1e0-be55-4f2f-a855-7d836b0db76f"}]]
1542632523231	Marionette	TRACE	0 -> [0,554,"WebDriver:FindElements",{"using":"css selector","value":"*[name='selected[]']"}]
1542632523241	Marionette	TRACE	0 <- [1,554,null,[{"element-6066-11e4-a52e-4f735466cecf":"81502ed9-fb3f-4ded-8430-4b0aa2ecff9a"},{"element-6066-11e4-a52e-4f735466 ... ecf":"4629eb47-f7ad-495d-989a-ee3de665dffc"},{"element-6066-11e4-a52e-4f735466cecf":"ca1ea1e0-be55-4f2f-a855-7d836b0db76f"}]]
1542632523244	Marionette	TRACE	0 -> [0,555,"WebDriver:ElementClick",{"id":"ca1ea1e0-be55-4f2f-a855-7d836b0db76f"}]
1542632523449	Marionette	DEBUG	[6442450945] Canceled page load listener because no navigation has been detected
1542632523450	Marionette	TRACE	0 <- [1,555,null,{"value":null}]
1542632523461	Marionette	TRACE	0 -> [0,556,"WebDriver:FindElement",{"using":"css selector","value":"[onclick='DeleteSel()']"}]
1542632523464	Marionette	TRACE	0 <- [1,556,null,{"value":{"element-6066-11e4-a52e-4f735466cecf":"b47d88c6-6f1b-4978-a9c0-1602e2be6e12"}}]
1542632523472	Marionette	TRACE	0 -> [0,557,"WebDriver:ElementClick",{"id":"b47d88c6-6f1b-4978-a9c0-1602e2be6e12"}]
1542632523489	Marionette	DEBUG	Received observer notification tabmodal-dialog-loaded
1542632523491	Marionette	TRACE	0 <- [1,557,null,{"value":null}]
1542632523518	Marionette	TRACE	0 -> [0,558,"WebDriver:GetAlertText",{}]
1542632523520	Marionette	TRACE	0 <- [1,558,null,{"value":"Delete 1 addresses?"}]
1542632523534	Marionette	TRACE	0 -> [0,559,"WebDriver:AcceptDialog",{}]
1542632523587	Marionette	TRACE	0 <- [1,559,null,{"value":null}]
1542632523599	Marionette	TRACE	0 -> [0,560,"WebDriver:FindElements",{"using":"css selector","value":"*[name='selected[]']"}]
1542632523632	Marionette	TRACE	0 <- [1,560,null,[{"element-6066-11e4-a52e-4f735466cecf":"81502ed9-fb3f-4ded-8430-4b0aa2ecff9a"},{"element-6066-11e4-a52e-4f735466 ... ecf":"4629eb47-f7ad-495d-989a-ee3de665dffc"},{"element-6066-11e4-a52e-4f735466cecf":"ca1ea1e0-be55-4f2f-a855-7d836b0db76f"}]]
]]></system-err>
</testsuite>
