<?xml version="1.0" encoding="UTF-8"?>
<testsuite name="com.telran.repeat.tests.ContactDeletionTests" tests="2" skipped="0" failures="0" errors="0" timestamp="2018-11-15T13:05:48" hostname="DESKTOP-PUIG3K0" time="0.831">
  <properties/>
  <testcase name="testFirstContactDeletion" classname="com.telran.repeat.tests.ContactDeletionTests" time="0.336"/>
  <testcase name="testLastContactDeletion" classname="com.telran.repeat.tests.ContactDeletionTests" time="0.336"/>
  <system-out><![CDATA[]]></system-out>
  <system-err><![CDATA[1542287148970	Marionette	TRACE	0 -> [0,132,"WebDriver:FindElements",{"using":"css selector","value":"*[name='selected[]']"}]
1542287148983	Marionette	TRACE	0 <- [1,132,null,[{"element-6066-11e4-a52e-4f735466cecf":"820c484d-a504-4fa0-8fac-2653009dfacd"},{"element-6066-11e4-a52e-4f735466 ... ecf":"b746eb98-04b0-4450-83c3-b0e16f61b5ed"},{"element-6066-11e4-a52e-4f735466cecf":"0b7e3afd-27c6-4462-906e-a371f7e40a61"}]]
1542287148995	Marionette	TRACE	0 -> [0,133,"WebDriver:FindElements",{"using":"css selector","value":"*[name='selected[]']"}]
1542287149002	Marionette	TRACE	0 <- [1,133,null,[{"element-6066-11e4-a52e-4f735466cecf":"820c484d-a504-4fa0-8fac-2653009dfacd"},{"element-6066-11e4-a52e-4f735466 ... ecf":"b746eb98-04b0-4450-83c3-b0e16f61b5ed"},{"element-6066-11e4-a52e-4f735466cecf":"0b7e3afd-27c6-4462-906e-a371f7e40a61"}]]
1542287149007	Marionette	TRACE	0 -> [0,134,"WebDriver:ElementClick",{"id":"820c484d-a504-4fa0-8fac-2653009dfacd"}]
1542287149217	Marionette	DEBUG	[6442450945] Canceled page load listener because no navigation has been detected
1542287149218	Marionette	TRACE	0 <- [1,134,null,{"value":null}]
1542287149226	Marionette	TRACE	0 -> [0,135,"WebDriver:FindElement",{"using":"css selector","value":"[onclick='DeleteSel()']"}]
1542287149228	Marionette	TRACE	0 <- [1,135,null,{"value":{"element-6066-11e4-a52e-4f735466cecf":"0f627ff9-1137-4877-afb5-f91cd1a7cce0"}}]
1542287149234	Marionette	TRACE	0 -> [0,136,"WebDriver:ElementClick",{"id":"0f627ff9-1137-4877-afb5-f91cd1a7cce0"}]
1542287149249	Marionette	DEBUG	Received observer notification tabmodal-dialog-loaded
1542287149250	Marionette	TRACE	0 <- [1,136,null,{"value":null}]
1542287149253	Marionette	TRACE	0 -> [0,137,"WebDriver:GetAlertText",{}]
1542287149253	Marionette	TRACE	0 <- [1,137,null,{"value":"Delete 1 addresses?"}]
1542287149262	Marionette	TRACE	0 -> [0,138,"WebDriver:AcceptDialog",{}]
1542287149275	Marionette	TRACE	0 <- [1,138,null,{"value":null}]
1542287149286	Marionette	TRACE	0 -> [0,139,"WebDriver:FindElements",{"using":"css selector","value":"*[name='selected[]']"}]
1542287149301	Marionette	TRACE	0 <- [1,139,null,[{"element-6066-11e4-a52e-4f735466cecf":"820c484d-a504-4fa0-8fac-2653009dfacd"},{"element-6066-11e4-a52e-4f735466 ... ecf":"b746eb98-04b0-4450-83c3-b0e16f61b5ed"},{"element-6066-11e4-a52e-4f735466cecf":"0b7e3afd-27c6-4462-906e-a371f7e40a61"}]]
1542287149470	Marionette	TRACE	0 -> [0,143,"WebDriver:FindElements",{"using":"css selector","value":"*[name='selected[]']"}]
1542287149483	Marionette	TRACE	0 <- [1,143,null,[{"element-6066-11e4-a52e-4f735466cecf":"09ad603f-531f-4334-bab6-ec285232668f"},{"element-6066-11e4-a52e-4f735466 ... ecf":"545b8399-c9d8-4d54-b70b-e08f585c3fdd"},{"element-6066-11e4-a52e-4f735466cecf":"5abd37e9-6608-41c1-baf6-4510875b9146"}]]
1542287149495	Marionette	TRACE	0 -> [0,144,"WebDriver:FindElements",{"using":"css selector","value":"*[name='selected[]']"}]
1542287149501	Marionette	TRACE	0 <- [1,144,null,[{"element-6066-11e4-a52e-4f735466cecf":"09ad603f-531f-4334-bab6-ec285232668f"},{"element-6066-11e4-a52e-4f735466 ... ecf":"545b8399-c9d8-4d54-b70b-e08f585c3fdd"},{"element-6066-11e4-a52e-4f735466cecf":"5abd37e9-6608-41c1-baf6-4510875b9146"}]]
1542287149508	Marionette	TRACE	0 -> [0,145,"WebDriver:ElementClick",{"id":"5abd37e9-6608-41c1-baf6-4510875b9146"}]
1542287149716	Marionette	DEBUG	[6442450945] Canceled page load listener because no navigation has been detected
1542287149717	Marionette	TRACE	0 <- [1,145,null,{"value":null}]
1542287149723	Marionette	TRACE	0 -> [0,146,"WebDriver:FindElement",{"using":"css selector","value":"[onclick='DeleteSel()']"}]
1542287149724	Marionette	TRACE	0 <- [1,146,null,{"value":{"element-6066-11e4-a52e-4f735466cecf":"c0b253d9-74f3-43f8-b038-dd08f64c1cde"}}]
1542287149729	Marionette	TRACE	0 -> [0,147,"WebDriver:ElementClick",{"id":"c0b253d9-74f3-43f8-b038-dd08f64c1cde"}]
1542287149737	Marionette	DEBUG	Received observer notification tabmodal-dialog-loaded
1542287149739	Marionette	TRACE	0 <- [1,147,null,{"value":null}]
1542287149749	Marionette	TRACE	0 -> [0,148,"WebDriver:GetAlertText",{}]
1542287149750	Marionette	TRACE	0 <- [1,148,null,{"value":"Delete 1 addresses?"}]
1542287149753	Marionette	TRACE	0 -> [0,149,"WebDriver:AcceptDialog",{}]
1542287149772	Marionette	TRACE	0 <- [1,149,null,{"value":null}]
1542287149785	Marionette	TRACE	0 -> [0,150,"WebDriver:FindElements",{"using":"css selector","value":"*[name='selected[]']"}]
1542287149796	Marionette	TRACE	0 <- [1,150,null,[{"element-6066-11e4-a52e-4f735466cecf":"09ad603f-531f-4334-bab6-ec285232668f"},{"element-6066-11e4-a52e-4f735466 ... ecf":"545b8399-c9d8-4d54-b70b-e08f585c3fdd"},{"element-6066-11e4-a52e-4f735466cecf":"5abd37e9-6608-41c1-baf6-4510875b9146"}]]
]]></system-err>
</testsuite>
