<?xml version="1.0" encoding="UTF-8"?>
<testsuite name="com.telran.repeat.tests.GroupDeletionTests" tests="2" skipped="0" failures="0" errors="0" timestamp="2018-11-19T13:01:36" hostname="DESKTOP-PUIG3K0" time="1.347">
  <properties/>
  <testcase name="testFirstGroupDeletion" classname="com.telran.repeat.tests.GroupDeletionTests" time="0.639"/>
  <testcase name="testLastGroupDeletion" classname="com.telran.repeat.tests.GroupDeletionTests" time="0.587"/>
  <system-out><![CDATA[]]></system-out>
  <system-err><![CDATA[1542632496348	Marionette	TRACE	0 -> [0,296,"WebDriver:FindElements",{"using":"css selector","value":"*[name='selected[]']"}]
1542632496393	Marionette	TRACE	0 <- [1,296,null,[{"element-6066-11e4-a52e-4f735466cecf":"29326711-7642-4d91-9f7c-203f632656fb"},{"element-6066-11e4-a52e-4f735466 ... ecf":"14e4e5f7-2de2-4280-871f-f7610a008ada"},{"element-6066-11e4-a52e-4f735466cecf":"5f1cc6ec-1d17-41ba-9327-41688b6b74c6"}]]
1542632496400	Marionette	TRACE	0 -> [0,297,"WebDriver:FindElements",{"using":"css selector","value":"*[name='selected[]']"}]
1542632496433	Marionette	TRACE	0 <- [1,297,null,[{"element-6066-11e4-a52e-4f735466cecf":"29326711-7642-4d91-9f7c-203f632656fb"},{"element-6066-11e4-a52e-4f735466 ... ecf":"14e4e5f7-2de2-4280-871f-f7610a008ada"},{"element-6066-11e4-a52e-4f735466cecf":"5f1cc6ec-1d17-41ba-9327-41688b6b74c6"}]]
1542632496437	Marionette	TRACE	0 -> [0,298,"WebDriver:ElementClick",{"id":"29326711-7642-4d91-9f7c-203f632656fb"}]
1542632496649	Marionette	DEBUG	[6442450945] Canceled page load listener because no navigation has been detected
1542632496649	Marionette	TRACE	0 <- [1,298,null,{"value":null}]
1542632496652	Marionette	TRACE	0 -> [0,299,"WebDriver:FindElement",{"using":"css selector","value":"*[name='delete']"}]
1542632496654	Marionette	TRACE	0 <- [1,299,null,{"value":{"element-6066-11e4-a52e-4f735466cecf":"c6da1226-aa97-4f23-9898-d27184f9b24c"}}]
1542632496658	Marionette	TRACE	0 -> [0,300,"WebDriver:ElementClick",{"id":"c6da1226-aa97-4f23-9898-d27184f9b24c"}]
1542632496663	Marionette	DEBUG	[6442450945] Received DOM event beforeunload for http://localhost/addressbook/group.php
1542632496720	Marionette	DEBUG	[6442450945] Received DOM event pagehide for http://localhost/addressbook/group.php
1542632496721	Marionette	DEBUG	[6442450945] Received DOM event unload for http://localhost/addressbook/group.php
1542632496736	Marionette	DEBUG	[6442450945] Received DOM event DOMContentLoaded for http://localhost/addressbook/group.php
1542632496751	Marionette	DEBUG	[6442450945] Received DOM event pageshow for http://localhost/addressbook/group.php
1542632496752	Marionette	TRACE	0 <- [1,300,null,{"value":null}]
1542632496757	Marionette	TRACE	0 -> [0,301,"WebDriver:FindElement",{"using":"link text","value":"group page"}]
1542632496825	Marionette	TRACE	0 <- [1,301,null,{"value":{"element-6066-11e4-a52e-4f735466cecf":"c3d66977-7e91-47a3-bf67-f329c4b29664"}}]
1542632496831	Marionette	TRACE	0 -> [0,302,"WebDriver:ElementClick",{"id":"c3d66977-7e91-47a3-bf67-f329c4b29664"}]
1542632496837	Marionette	DEBUG	[6442450945] Received DOM event beforeunload for http://localhost/addressbook/group.php
1542632496894	Marionette	DEBUG	[6442450945] Received DOM event pagehide for http://localhost/addressbook/group.php
1542632496895	Marionette	DEBUG	[6442450945] Received DOM event unload for http://localhost/addressbook/group.php
1542632496911	Marionette	DEBUG	[6442450945] Received DOM event DOMContentLoaded for http://localhost/addressbook/group.php
1542632496915	Marionette	DEBUG	[6442450945] Received DOM event pageshow for http://localhost/addressbook/group.php
1542632496916	Marionette	TRACE	0 <- [1,302,null,{"value":null}]
1542632496920	Marionette	TRACE	0 -> [0,303,"WebDriver:FindElements",{"using":"css selector","value":"*[name='selected[]']"}]
1542632496978	Marionette	TRACE	0 <- [1,303,null,[{"element-6066-11e4-a52e-4f735466cecf":"d79b3464-2cfc-47fd-a592-56a9a4ff0782"},{"element-6066-11e4-a52e-4f735466 ... ecf":"2a1f86c9-cdf0-4f3a-bd9c-101bb0c28426"},{"element-6066-11e4-a52e-4f735466cecf":"ce6a697a-b66b-4ac0-903c-40b372fb5913"}]]
1542632497105	Marionette	TRACE	0 -> [0,307,"WebDriver:FindElements",{"using":"css selector","value":"*[name='selected[]']"}]
1542632497169	Marionette	TRACE	0 <- [1,307,null,[{"element-6066-11e4-a52e-4f735466cecf":"0ce5290f-9fc4-41fb-8338-2753deea5a6e"},{"element-6066-11e4-a52e-4f735466 ... ecf":"5adcaa4c-a60e-4914-9e33-2c4c9ea30c15"},{"element-6066-11e4-a52e-4f735466cecf":"8271e65b-2e82-433d-9926-1f339a3753f8"}]]
1542632497178	Marionette	TRACE	0 -> [0,308,"WebDriver:FindElements",{"using":"css selector","value":"*[name='selected[]']"}]
1542632497237	Marionette	TRACE	0 <- [1,308,null,[{"element-6066-11e4-a52e-4f735466cecf":"0ce5290f-9fc4-41fb-8338-2753deea5a6e"},{"element-6066-11e4-a52e-4f735466 ... ecf":"5adcaa4c-a60e-4914-9e33-2c4c9ea30c15"},{"element-6066-11e4-a52e-4f735466cecf":"8271e65b-2e82-433d-9926-1f339a3753f8"}]]
1542632497242	Marionette	TRACE	0 -> [0,309,"WebDriver:ElementClick",{"id":"8271e65b-2e82-433d-9926-1f339a3753f8"}]
1542632497453	Marionette	DEBUG	[6442450945] Canceled page load listener because no navigation has been detected
1542632497454	Marionette	TRACE	0 <- [1,309,null,{"value":null}]
1542632497459	Marionette	TRACE	0 -> [0,310,"WebDriver:FindElement",{"using":"css selector","value":"*[name='delete']"}]
1542632497465	Marionette	TRACE	0 <- [1,310,null,{"value":{"element-6066-11e4-a52e-4f735466cecf":"6c7d4210-505a-4e73-90c5-31d479c93397"}}]
1542632497470	Marionette	TRACE	0 -> [0,311,"WebDriver:ElementClick",{"id":"6c7d4210-505a-4e73-90c5-31d479c93397"}]
1542632497485	Marionette	DEBUG	[6442450945] Received DOM event beforeunload for http://localhost/addressbook/group.php
1542632497520	Marionette	DEBUG	[6442450945] Received DOM event pagehide for http://localhost/addressbook/group.php
1542632497520	Marionette	DEBUG	[6442450945] Received DOM event unload for http://localhost/addressbook/group.php
1542632497530	Marionette	DEBUG	[6442450945] Received DOM event DOMContentLoaded for http://localhost/addressbook/group.php
1542632497535	Marionette	DEBUG	[6442450945] Received DOM event pageshow for http://localhost/addressbook/group.php
1542632497537	Marionette	TRACE	0 <- [1,311,null,{"value":null}]
1542632497551	Marionette	TRACE	0 -> [0,312,"WebDriver:FindElement",{"using":"link text","value":"group page"}]
1542632497583	Marionette	TRACE	0 <- [1,312,null,{"value":{"element-6066-11e4-a52e-4f735466cecf":"ea854126-c3c4-4375-969e-5db90317c6e6"}}]
1542632497587	Marionette	TRACE	0 -> [0,313,"WebDriver:ElementClick",{"id":"ea854126-c3c4-4375-969e-5db90317c6e6"}]
1542632497598	Marionette	DEBUG	[6442450945] Received DOM event beforeunload for http://localhost/addressbook/group.php
1542632497629	Marionette	DEBUG	[6442450945] Received DOM event pagehide for http://localhost/addressbook/group.php
1542632497630	Marionette	DEBUG	[6442450945] Received DOM event unload for http://localhost/addressbook/group.php
1542632497636	Marionette	DEBUG	[6442450945] Received DOM event DOMContentLoaded for http://localhost/addressbook/group.php
1542632497644	Marionette	DEBUG	[6442450945] Received DOM event pageshow for http://localhost/addressbook/group.php
1542632497645	Marionette	TRACE	0 <- [1,313,null,{"value":null}]
1542632497649	Marionette	TRACE	0 -> [0,314,"WebDriver:FindElements",{"using":"css selector","value":"*[name='selected[]']"}]
1542632497686	Marionette	TRACE	0 <- [1,314,null,[{"element-6066-11e4-a52e-4f735466cecf":"668cc7af-7655-4d50-9c1d-26207d240de7"},{"element-6066-11e4-a52e-4f735466 ... ecf":"0d2fb797-5c72-4f4b-a9f6-8943b1ca9abc"},{"element-6066-11e4-a52e-4f735466cecf":"5d54f50d-c803-475a-b4d1-2cc5ee9fb92d"}]]
]]></system-err>
</testsuite>
