<?xml version="1.0" encoding="UTF-8"?>
<testsuite name="com.telran.repeat.tests.GroupDeletionTests" tests="2" skipped="0" failures="0" errors="0" timestamp="2018-11-15T13:06:00" hostname="DESKTOP-PUIG3K0" time="1.111">
  <properties/>
  <testcase name="testFirstGroupDeletion" classname="com.telran.repeat.tests.GroupDeletionTests" time="0.496"/>
  <testcase name="testLastGroupDeletion" classname="com.telran.repeat.tests.GroupDeletionTests" time="0.515"/>
  <system-out><![CDATA[]]></system-out>
  <system-err><![CDATA[1542287160220	Marionette	TRACE	0 -> [0,377,"WebDriver:FindElements",{"using":"css selector","value":"*[name='selected[]']"}]
1542287160241	Marionette	TRACE	0 <- [1,377,null,[{"element-6066-11e4-a52e-4f735466cecf":"78f6c4af-60ed-4383-a87b-2acbda861b0b"},{"element-6066-11e4-a52e-4f735466 ... ecf":"ae2465c6-18ff-4271-bd01-a0c7a656e8af"},{"element-6066-11e4-a52e-4f735466cecf":"a91fc627-fae4-48f7-99de-7c0e70d7e797"}]]
1542287160250	Marionette	TRACE	0 -> [0,378,"WebDriver:FindElements",{"using":"css selector","value":"*[name='selected[]']"}]
1542287160271	Marionette	TRACE	0 <- [1,378,null,[{"element-6066-11e4-a52e-4f735466cecf":"78f6c4af-60ed-4383-a87b-2acbda861b0b"},{"element-6066-11e4-a52e-4f735466 ... ecf":"ae2465c6-18ff-4271-bd01-a0c7a656e8af"},{"element-6066-11e4-a52e-4f735466cecf":"a91fc627-fae4-48f7-99de-7c0e70d7e797"}]]
1542287160274	Marionette	TRACE	0 -> [0,379,"WebDriver:ElementClick",{"id":"78f6c4af-60ed-4383-a87b-2acbda861b0b"}]
1542287160483	Marionette	DEBUG	[6442450945] Canceled page load listener because no navigation has been detected
1542287160484	Marionette	TRACE	0 <- [1,379,null,{"value":null}]
1542287160488	Marionette	TRACE	0 -> [0,380,"WebDriver:FindElement",{"using":"css selector","value":"*[name='delete']"}]
1542287160493	Marionette	TRACE	0 <- [1,380,null,{"value":{"element-6066-11e4-a52e-4f735466cecf":"9062f32f-508a-4913-92d4-9609d108c2a9"}}]
1542287160500	Marionette	TRACE	0 -> [0,381,"WebDriver:ElementClick",{"id":"9062f32f-508a-4913-92d4-9609d108c2a9"}]
1542287160513	Marionette	DEBUG	[6442450945] Received DOM event beforeunload for http://localhost/addressbook/group.php
1542287160556	Marionette	DEBUG	[6442450945] Received DOM event pagehide for http://localhost/addressbook/group.php
1542287160557	Marionette	DEBUG	[6442450945] Received DOM event unload for http://localhost/addressbook/group.php
1542287160570	Marionette	DEBUG	[6442450945] Received DOM event DOMContentLoaded for http://localhost/addressbook/group.php
1542287160576	Marionette	DEBUG	[6442450945] Received DOM event pageshow for http://localhost/addressbook/group.php
1542287160577	Marionette	TRACE	0 <- [1,381,null,{"value":null}]
1542287160586	Marionette	TRACE	0 -> [0,382,"WebDriver:FindElement",{"using":"link text","value":"group page"}]
1542287160609	Marionette	TRACE	0 <- [1,382,null,{"value":{"element-6066-11e4-a52e-4f735466cecf":"e6d1e30e-bccb-4b07-b576-4a7c581b4841"}}]
1542287160615	Marionette	TRACE	0 -> [0,383,"WebDriver:ElementClick",{"id":"e6d1e30e-bccb-4b07-b576-4a7c581b4841"}]
1542287160624	Marionette	DEBUG	[6442450945] Received DOM event beforeunload for http://localhost/addressbook/group.php
1542287160650	Marionette	DEBUG	[6442450945] Received DOM event pagehide for http://localhost/addressbook/group.php
1542287160651	Marionette	DEBUG	[6442450945] Received DOM event unload for http://localhost/addressbook/group.php
1542287160656	Marionette	DEBUG	[6442450945] Received DOM event DOMContentLoaded for http://localhost/addressbook/group.php
1542287160670	Marionette	DEBUG	[6442450945] Received DOM event pageshow for http://localhost/addressbook/group.php
1542287160671	Marionette	TRACE	0 <- [1,383,null,{"value":null}]
1542287160675	Marionette	TRACE	0 -> [0,384,"WebDriver:FindElements",{"using":"css selector","value":"*[name='selected[]']"}]
1542287160703	Marionette	TRACE	0 <- [1,384,null,[{"element-6066-11e4-a52e-4f735466cecf":"025292a4-6d90-48c1-b3d7-026b8bbecbbb"},{"element-6066-11e4-a52e-4f735466 ... ecf":"cab47a61-7eb7-4dce-acc3-3430e812f8a1"},{"element-6066-11e4-a52e-4f735466cecf":"b0f92682-cc8b-4561-baba-6d951a95418d"}]]
1542287160807	Marionette	TRACE	0 -> [0,388,"WebDriver:FindElements",{"using":"css selector","value":"*[name='selected[]']"}]
1542287160833	Marionette	TRACE	0 <- [1,388,null,[{"element-6066-11e4-a52e-4f735466cecf":"c1f2c819-584d-46c4-ad08-281b69161a23"},{"element-6066-11e4-a52e-4f735466 ... ecf":"4511e98f-c04e-4b45-9db6-58e6ec21ea27"},{"element-6066-11e4-a52e-4f735466cecf":"4849b6f7-5895-4686-bfb5-4245ef4d6997"}]]
1542287160839	Marionette	TRACE	0 -> [0,389,"WebDriver:FindElements",{"using":"css selector","value":"*[name='selected[]']"}]
1542287160861	Marionette	TRACE	0 <- [1,389,null,[{"element-6066-11e4-a52e-4f735466cecf":"c1f2c819-584d-46c4-ad08-281b69161a23"},{"element-6066-11e4-a52e-4f735466 ... ecf":"4511e98f-c04e-4b45-9db6-58e6ec21ea27"},{"element-6066-11e4-a52e-4f735466cecf":"4849b6f7-5895-4686-bfb5-4245ef4d6997"}]]
1542287160869	Marionette	TRACE	0 -> [0,390,"WebDriver:ElementClick",{"id":"4849b6f7-5895-4686-bfb5-4245ef4d6997"}]
1542287161078	Marionette	DEBUG	[6442450945] Canceled page load listener because no navigation has been detected
1542287161079	Marionette	TRACE	0 <- [1,390,null,{"value":null}]
1542287161084	Marionette	TRACE	0 -> [0,391,"WebDriver:FindElement",{"using":"css selector","value":"*[name='delete']"}]
1542287161085	Marionette	TRACE	0 <- [1,391,null,{"value":{"element-6066-11e4-a52e-4f735466cecf":"3106079a-9ca8-474c-bda4-4acda2e26533"}}]
1542287161091	Marionette	TRACE	0 -> [0,392,"WebDriver:ElementClick",{"id":"3106079a-9ca8-474c-bda4-4acda2e26533"}]
1542287161097	Marionette	DEBUG	[6442450945] Received DOM event beforeunload for http://localhost/addressbook/group.php
1542287161143	Marionette	DEBUG	[6442450945] Received DOM event pagehide for http://localhost/addressbook/group.php
1542287161144	Marionette	DEBUG	[6442450945] Received DOM event unload for http://localhost/addressbook/group.php
1542287161155	Marionette	DEBUG	[6442450945] Received DOM event DOMContentLoaded for http://localhost/addressbook/group.php
1542287161168	Marionette	DEBUG	[6442450945] Received DOM event pageshow for http://localhost/addressbook/group.php
1542287161169	Marionette	TRACE	0 <- [1,392,null,{"value":null}]
1542287161175	Marionette	TRACE	0 -> [0,393,"WebDriver:FindElement",{"using":"link text","value":"group page"}]
1542287161211	Marionette	TRACE	0 <- [1,393,null,{"value":{"element-6066-11e4-a52e-4f735466cecf":"330a81bf-031c-4bf1-9c96-718acaef58a2"}}]
1542287161218	Marionette	TRACE	0 -> [0,394,"WebDriver:ElementClick",{"id":"330a81bf-031c-4bf1-9c96-718acaef58a2"}]
1542287161226	Marionette	DEBUG	[6442450945] Received DOM event beforeunload for http://localhost/addressbook/group.php
1542287161253	Marionette	DEBUG	[6442450945] Received DOM event pagehide for http://localhost/addressbook/group.php
1542287161254	Marionette	DEBUG	[6442450945] Received DOM event unload for http://localhost/addressbook/group.php
1542287161265	Marionette	DEBUG	[6442450945] Received DOM event DOMContentLoaded for http://localhost/addressbook/group.php
1542287161272	Marionette	DEBUG	[6442450945] Received DOM event pageshow for http://localhost/addressbook/group.php
1542287161272	Marionette	TRACE	0 <- [1,394,null,{"value":null}]
1542287161280	Marionette	TRACE	0 -> [0,395,"WebDriver:FindElements",{"using":"css selector","value":"*[name='selected[]']"}]
1542287161319	Marionette	TRACE	0 <- [1,395,null,[{"element-6066-11e4-a52e-4f735466cecf":"67b7d014-46ac-4fcf-88c9-b26e52f69b62"},{"element-6066-11e4-a52e-4f735466 ... ecf":"868c865c-2124-4a9b-a408-a3cd62fab0fc"},{"element-6066-11e4-a52e-4f735466cecf":"d6ff1c5a-6e69-42aa-b872-a69ceb638a98"}]]
]]></system-err>
</testsuite>
