<?xml version="1.0" encoding="UTF-8"?>
<testsuite name="com.telran.repeat.tests.ContactCreationTests" tests="3" skipped="0" failures="0" errors="0" timestamp="2018-11-15T13:05:34" hostname="DESKTOP-PUIG3K0" time="14.117">
  <properties/>
  <testcase name="createContactTest[0](Contact{fName='Mickael', lName='Aboulkheir', address='Eli Cohen', email='micamike@hotmail.com', phoneHome='0533381248'})" classname="com.telran.repeat.tests.ContactCreationTests" time="4.769"/>
  <testcase name="createContactTest[1](Contact{fName='David', lName='Pinto', address='Mercaz klita', email='DPinto@gmail.com', phoneHome='054928745'})" classname="com.telran.repeat.tests.ContactCreationTests" time="4.632"/>
  <testcase name="createContactTest[2](Contact{fName='Steven', lName='Sarfati', address='770 States', email='SS55@yahoo.fr', phoneHome='055555555'})" classname="com.telran.repeat.tests.ContactCreationTests" time="4.68"/>
  <system-out><![CDATA[]]></system-out>
  <system-err><![CDATA[1542287134681	Marionette	TRACE	0 -> [0,19,"WebDriver:FindElements",{"using":"css selector","value":"*[name='selected[]']"}]
1542287134687	Marionette	TRACE	0 <- [1,19,null,[{"element-6066-11e4-a52e-4f735466cecf":"26019800-af74-4397-8d40-1f5532ff17db"},{"element-6066-11e4-a52e-4f735466c ... ecf":"7742bd5e-8179-4ee6-b0c6-fa553ee1b2f8"},{"element-6066-11e4-a52e-4f735466cecf":"f0d34e4b-64e5-4125-8f86-53f70b46ee78"}]]
1542287134710	Marionette	TRACE	0 -> [0,20,"WebDriver:FindElement",{"using":"xpath","value":"//a[@href='edit.php']"}]
1542287134712	Marionette	TRACE	0 <- [1,20,null,{"value":{"element-6066-11e4-a52e-4f735466cecf":"3f53c423-a6fe-4cda-9996-58784f09eeb2"}}]
1542287134722	Marionette	TRACE	0 -> [0,21,"WebDriver:ElementClick",{"id":"3f53c423-a6fe-4cda-9996-58784f09eeb2"}]
1542287134730	Marionette	DEBUG	[6442450945] Received DOM event beforeunload for http://localhost/addressbook/
1542287134769	Marionette	DEBUG	[6442450945] Received DOM event pagehide for http://localhost/addressbook/
1542287134770	Marionette	DEBUG	[6442450945] Received DOM event unload for http://localhost/addressbook/
1542287134780	Marionette	DEBUG	[6442450945] Received DOM event DOMContentLoaded for http://localhost/addressbook/edit.php
1542287134823	Marionette	DEBUG	[6442450945] Received DOM event pageshow for http://localhost/addressbook/edit.php
1542287134832	Marionette	TRACE	0 <- [1,21,null,{"value":null}]
1542287134862	Marionette	TRACE	0 -> [0,22,"WebDriver:FindElement",{"using":"css selector","value":"*[name='firstname']"}]
1542287134864	Marionette	TRACE	0 <- [1,22,null,{"value":{"element-6066-11e4-a52e-4f735466cecf":"e47fd270-5e34-47ca-b530-b0ab159ebe8c"}}]
1542287134873	Marionette	TRACE	0 -> [0,23,"WebDriver:ElementClick",{"id":"e47fd270-5e34-47ca-b530-b0ab159ebe8c"}]
1542287135088	Marionette	DEBUG	[6442450945] Canceled page load listener because no navigation has been detected
1542287135090	Marionette	TRACE	0 <- [1,23,null,{"value":null}]
1542287135098	Marionette	TRACE	0 -> [0,24,"WebDriver:FindElement",{"using":"css selector","value":"*[name='firstname']"}]
1542287135103	Marionette	TRACE	0 <- [1,24,null,{"value":{"element-6066-11e4-a52e-4f735466cecf":"e47fd270-5e34-47ca-b530-b0ab159ebe8c"}}]
1542287135114	Marionette	TRACE	0 -> [0,25,"WebDriver:ElementClear",{"id":"e47fd270-5e34-47ca-b530-b0ab159ebe8c"}]
1542287135120	Marionette	TRACE	0 <- [1,25,null,{"value":null}]
1542287135130	Marionette	TRACE	0 -> [0,26,"WebDriver:FindElement",{"using":"css selector","value":"*[name='firstname']"}]
1542287135134	Marionette	TRACE	0 <- [1,26,null,{"value":{"element-6066-11e4-a52e-4f735466cecf":"e47fd270-5e34-47ca-b530-b0ab159ebe8c"}}]
1542287135146	Marionette	TRACE	0 -> [0,27,"WebDriver:ElementSendKeys",{"id":"e47fd270-5e34-47ca-b530-b0ab159ebe8c","text":"Mickael","value":["M","i","c","k","a","e","l"]}]
1542287135158	Marionette	TRACE	0 <- [1,27,null,{"value":null}]
1542287135165	Marionette	TRACE	0 -> [0,28,"WebDriver:FindElement",{"using":"css selector","value":"*[name='lastname']"}]
1542287135167	Marionette	TRACE	0 <- [1,28,null,{"value":{"element-6066-11e4-a52e-4f735466cecf":"4668041e-e0f2-462f-835f-69f035280464"}}]
1542287135173	Marionette	TRACE	0 -> [0,29,"WebDriver:ElementClick",{"id":"4668041e-e0f2-462f-835f-69f035280464"}]
1542287135380	Marionette	DEBUG	[6442450945] Canceled page load listener because no navigation has been detected
1542287135382	Marionette	TRACE	0 <- [1,29,null,{"value":null}]
1542287135388	Marionette	TRACE	0 -> [0,30,"WebDriver:FindElement",{"using":"css selector","value":"*[name='lastname']"}]
1542287135390	Marionette	TRACE	0 <- [1,30,null,{"value":{"element-6066-11e4-a52e-4f735466cecf":"4668041e-e0f2-462f-835f-69f035280464"}}]
1542287135397	Marionette	TRACE	0 -> [0,31,"WebDriver:ElementClear",{"id":"4668041e-e0f2-462f-835f-69f035280464"}]
1542287135398	Marionette	TRACE	0 <- [1,31,null,{"value":null}]
1542287135405	Marionette	TRACE	0 -> [0,32,"WebDriver:FindElement",{"using":"css selector","value":"*[name='lastname']"}]
1542287135406	Marionette	TRACE	0 <- [1,32,null,{"value":{"element-6066-11e4-a52e-4f735466cecf":"4668041e-e0f2-462f-835f-69f035280464"}}]
1542287135413	Marionette	TRACE	0 -> [0,33,"WebDriver:ElementSendKeys",{"id":"4668041e-e0f2-462f-835f-69f035280464","text":"Aboulkheir","value":["A","b","o","u","l","k","h","e","i","r"]}]
1542287135420	Marionette	TRACE	0 <- [1,33,null,{"value":null}]
1542287135424	Marionette	TRACE	0 -> [0,34,"WebDriver:FindElement",{"using":"css selector","value":"*[name='address']"}]
1542287135425	Marionette	TRACE	0 <- [1,34,null,{"value":{"element-6066-11e4-a52e-4f735466cecf":"fc4691c3-d351-4f3e-b536-b66a0e4aad00"}}]
1542287135436	Marionette	TRACE	0 -> [0,35,"WebDriver:ElementClick",{"id":"fc4691c3-d351-4f3e-b536-b66a0e4aad00"}]
1542287135643	Marionette	DEBUG	[6442450945] Canceled page load listener because no navigation has been detected
1542287135644	Marionette	TRACE	0 <- [1,35,null,{"value":null}]
1542287135648	Marionette	TRACE	0 -> [0,36,"WebDriver:FindElement",{"using":"css selector","value":"*[name='address']"}]
1542287135649	Marionette	TRACE	0 <- [1,36,null,{"value":{"element-6066-11e4-a52e-4f735466cecf":"fc4691c3-d351-4f3e-b536-b66a0e4aad00"}}]
1542287135656	Marionette	TRACE	0 -> [0,37,"WebDriver:ElementClear",{"id":"fc4691c3-d351-4f3e-b536-b66a0e4aad00"}]
1542287135657	Marionette	TRACE	0 <- [1,37,null,{"value":null}]
1542287135660	Marionette	TRACE	0 -> [0,38,"WebDriver:FindElement",{"using":"css selector","value":"*[name='address']"}]
1542287135661	Marionette	TRACE	0 <- [1,38,null,{"value":{"element-6066-11e4-a52e-4f735466cecf":"fc4691c3-d351-4f3e-b536-b66a0e4aad00"}}]
1542287135665	Marionette	TRACE	0 -> [0,39,"WebDriver:ElementSendKeys",{"id":"fc4691c3-d351-4f3e-b536-b66a0e4aad00","text":"Eli Cohen","value":["E","l","i"," ","C","o","h","e","n"]}]
1542287135671	Marionette	TRACE	0 <- [1,39,null,{"value":null}]
1542287135676	Marionette	TRACE	0 -> [0,40,"WebDriver:FindElement",{"using":"css selector","value":"*[name='email']"}]
1542287135678	Marionette	TRACE	0 <- [1,40,null,{"value":{"element-6066-11e4-a52e-4f735466cecf":"694193ac-4424-4ff8-854c-0c8087572863"}}]
1542287135685	Marionette	TRACE	0 -> [0,41,"WebDriver:ElementClick",{"id":"694193ac-4424-4ff8-854c-0c8087572863"}]
1542287135892	Marionette	DEBUG	[6442450945] Canceled page load listener because no navigation has been detected
1542287135893	Marionette	TRACE	0 <- [1,41,null,{"value":null}]
1542287135902	Marionette	TRACE	0 -> [0,42,"WebDriver:FindElement",{"using":"css selector","value":"*[name='email']"}]
1542287135906	Marionette	TRACE	0 <- [1,42,null,{"value":{"element-6066-11e4-a52e-4f735466cecf":"694193ac-4424-4ff8-854c-0c8087572863"}}]
1542287135913	Marionette	TRACE	0 -> [0,43,"WebDriver:ElementClear",{"id":"694193ac-4424-4ff8-854c-0c8087572863"}]
1542287135918	Marionette	TRACE	0 <- [1,43,null,{"value":null}]
1542287135925	Marionette	TRACE	0 -> [0,44,"WebDriver:FindElement",{"using":"css selector","value":"*[name='email']"}]
1542287135930	Marionette	TRACE	0 <- [1,44,null,{"value":{"element-6066-11e4-a52e-4f735466cecf":"694193ac-4424-4ff8-854c-0c8087572863"}}]
1542287135936	Marionette	TRACE	0 -> [0,45,"WebDriver:ElementSendKeys",{"id":"694193ac-4424-4ff8-854c-0c8087572863","text":"micamike@hotmail.com","value":["m","i","c","a","m","i","k","e","@","h","o","t","m","a","i","l",".","c","o","m"]}]
1542287135951	Marionette	TRACE	0 <- [1,45,null,{"value":null}]
1542287135956	Marionette	TRACE	0 -> [0,46,"WebDriver:FindElement",{"using":"css selector","value":"*[name='home']"}]
1542287135957	Marionette	TRACE	0 <- [1,46,null,{"value":{"element-6066-11e4-a52e-4f735466cecf":"d3b6a643-ad95-4f91-8260-697a44f0371b"}}]
1542287135964	Marionette	TRACE	0 -> [0,47,"WebDriver:ElementClick",{"id":"d3b6a643-ad95-4f91-8260-697a44f0371b"}]
1542287136187	Marionette	DEBUG	[6442450945] Canceled page load listener because no navigation has been detected
1542287136189	Marionette	TRACE	0 <- [1,47,null,{"value":null}]
1542287136197	Marionette	TRACE	0 -> [0,48,"WebDriver:FindElement",{"using":"css selector","value":"*[name='home']"}]
1542287136202	Marionette	TRACE	0 <- [1,48,null,{"value":{"element-6066-11e4-a52e-4f735466cecf":"d3b6a643-ad95-4f91-8260-697a44f0371b"}}]
1542287136209	Marionette	TRACE	0 -> [0,49,"WebDriver:ElementClear",{"id":"d3b6a643-ad95-4f91-8260-697a44f0371b"}]
1542287136213	Marionette	TRACE	0 <- [1,49,null,{"value":null}]
1542287136220	Marionette	TRACE	0 -> [0,50,"WebDriver:FindElement",{"using":"css selector","value":"*[name='home']"}]
1542287136222	Marionette	TRACE	0 <- [1,50,null,{"value":{"element-6066-11e4-a52e-4f735466cecf":"d3b6a643-ad95-4f91-8260-697a44f0371b"}}]
1542287136228	Marionette	TRACE	0 -> [0,51,"WebDriver:ElementSendKeys",{"id":"d3b6a643-ad95-4f91-8260-697a44f0371b","text":"0533381248","value":["0","5","3","3","3","8","1","2","4","8"]}]
1542287136239	Marionette	TRACE	0 <- [1,51,null,{"value":null}]
1542287136243	Marionette	TRACE	0 -> [0,52,"WebDriver:FindElement",{"using":"css selector","value":"*[name='submit']"}]
1542287136245	Marionette	TRACE	0 <- [1,52,null,{"value":{"element-6066-11e4-a52e-4f735466cecf":"6dd2b2db-775f-492d-b57c-c61426f2fa04"}}]
1542287136252	Marionette	TRACE	0 -> [0,53,"WebDriver:ElementClick",{"id":"6dd2b2db-775f-492d-b57c-c61426f2fa04"}]
1542287136259	Marionette	DEBUG	[6442450945] Received DOM event beforeunload for http://localhost/addressbook/edit.php
1542287136306	Marionette	DEBUG	[6442450945] Received DOM event pagehide for http://localhost/addressbook/edit.php
1542287136307	Marionette	DEBUG	[6442450945] Received DOM event unload for http://localhost/addressbook/edit.php
1542287136313	Marionette	DEBUG	[6442450945] Received DOM event DOMContentLoaded for http://localhost/addressbook/edit.php
1542287136326	Marionette	DEBUG	[6442450945] Received DOM event pageshow for http://localhost/addressbook/edit.php
1542287136327	Marionette	TRACE	0 <- [1,53,null,{"value":null}]
1542287136336	Marionette	TRACE	0 -> [0,54,"WebDriver:FindElements",{"using":"css selector","value":"*[name='selected[]']"}]
1542287139437	Marionette	TRACE	0 <- [1,54,null,[{"element-6066-11e4-a52e-4f735466cecf":"bd061196-bda7-43ad-ad15-7d8cc08976de"},{"element-6066-11e4-a52e-4f735466c ... ecf":"dca0727b-d013-49f2-902d-13d1b16d0702"},{"element-6066-11e4-a52e-4f735466cecf":"f100546f-cc5a-43d3-82dc-4992c1ef1870"}]]
1542287139472	Marionette	TRACE	0 -> [0,56,"WebDriver:FindElements",{"using":"css selector","value":"*[name='selected[]']"}]
1542287139488	Marionette	TRACE	0 <- [1,56,null,[{"element-6066-11e4-a52e-4f735466cecf":"bd061196-bda7-43ad-ad15-7d8cc08976de"},{"element-6066-11e4-a52e-4f735466c ... ecf":"dca0727b-d013-49f2-902d-13d1b16d0702"},{"element-6066-11e4-a52e-4f735466cecf":"f100546f-cc5a-43d3-82dc-4992c1ef1870"}]]
1542287139494	Marionette	TRACE	0 -> [0,57,"WebDriver:FindElement",{"using":"xpath","value":"//a[@href='edit.php']"}]
1542287139498	Marionette	TRACE	0 <- [1,57,null,{"value":{"element-6066-11e4-a52e-4f735466cecf":"3d455455-76ad-4c86-a960-8ca628584989"}}]
1542287139506	Marionette	TRACE	0 -> [0,58,"WebDriver:ElementClick",{"id":"3d455455-76ad-4c86-a960-8ca628584989"}]
1542287139518	Marionette	DEBUG	[6442450945] Received DOM event beforeunload for http://localhost/addressbook/
1542287139556	Marionette	DEBUG	[6442450945] Received DOM event pagehide for http://localhost/addressbook/
1542287139557	Marionette	DEBUG	[6442450945] Received DOM event unload for http://localhost/addressbook/
1542287139574	Marionette	DEBUG	[6442450945] Received DOM event DOMContentLoaded for http://localhost/addressbook/edit.php
1542287139581	Marionette	DEBUG	[6442450945] Received DOM event pageshow for http://localhost/addressbook/edit.php
1542287139585	Marionette	TRACE	0 <- [1,58,null,{"value":null}]
1542287139597	Marionette	TRACE	0 -> [0,59,"WebDriver:FindElement",{"using":"css selector","value":"*[name='firstname']"}]
1542287139606	Marionette	TRACE	0 <- [1,59,null,{"value":{"element-6066-11e4-a52e-4f735466cecf":"171f6883-1be0-4ae6-96bb-5c8424921ca8"}}]
1542287139618	Marionette	TRACE	0 -> [0,60,"WebDriver:ElementClick",{"id":"171f6883-1be0-4ae6-96bb-5c8424921ca8"}]
1542287139835	Marionette	DEBUG	[6442450945] Canceled page load listener because no navigation has been detected
1542287139837	Marionette	TRACE	0 <- [1,60,null,{"value":null}]
1542287139845	Marionette	TRACE	0 -> [0,61,"WebDriver:FindElement",{"using":"css selector","value":"*[name='firstname']"}]
1542287139849	Marionette	TRACE	0 <- [1,61,null,{"value":{"element-6066-11e4-a52e-4f735466cecf":"171f6883-1be0-4ae6-96bb-5c8424921ca8"}}]
1542287139857	Marionette	TRACE	0 -> [0,62,"WebDriver:ElementClear",{"id":"171f6883-1be0-4ae6-96bb-5c8424921ca8"}]
1542287139861	Marionette	TRACE	0 <- [1,62,null,{"value":null}]
1542287139868	Marionette	TRACE	0 -> [0,63,"WebDriver:FindElement",{"using":"css selector","value":"*[name='firstname']"}]
1542287139871	Marionette	TRACE	0 <- [1,63,null,{"value":{"element-6066-11e4-a52e-4f735466cecf":"171f6883-1be0-4ae6-96bb-5c8424921ca8"}}]
1542287139877	Marionette	TRACE	0 -> [0,64,"WebDriver:ElementSendKeys",{"id":"171f6883-1be0-4ae6-96bb-5c8424921ca8","text":"David","value":["D","a","v","i","d"]}]
1542287139890	Marionette	TRACE	0 <- [1,64,null,{"value":null}]
1542287139896	Marionette	TRACE	0 -> [0,65,"WebDriver:FindElement",{"using":"css selector","value":"*[name='lastname']"}]
1542287139899	Marionette	TRACE	0 <- [1,65,null,{"value":{"element-6066-11e4-a52e-4f735466cecf":"226259d1-a156-4162-9295-b0b17edf506a"}}]
1542287139904	Marionette	TRACE	0 -> [0,66,"WebDriver:ElementClick",{"id":"226259d1-a156-4162-9295-b0b17edf506a"}]
1542287140110	Marionette	DEBUG	[6442450945] Canceled page load listener because no navigation has been detected
1542287140111	Marionette	TRACE	0 <- [1,66,null,{"value":null}]
1542287140115	Marionette	TRACE	0 -> [0,67,"WebDriver:FindElement",{"using":"css selector","value":"*[name='lastname']"}]
1542287140117	Marionette	TRACE	0 <- [1,67,null,{"value":{"element-6066-11e4-a52e-4f735466cecf":"226259d1-a156-4162-9295-b0b17edf506a"}}]
1542287140123	Marionette	TRACE	0 -> [0,68,"WebDriver:ElementClear",{"id":"226259d1-a156-4162-9295-b0b17edf506a"}]
1542287140125	Marionette	TRACE	0 <- [1,68,null,{"value":null}]
1542287140131	Marionette	TRACE	0 -> [0,69,"WebDriver:FindElement",{"using":"css selector","value":"*[name='lastname']"}]
1542287140133	Marionette	TRACE	0 <- [1,69,null,{"value":{"element-6066-11e4-a52e-4f735466cecf":"226259d1-a156-4162-9295-b0b17edf506a"}}]
1542287140139	Marionette	TRACE	0 -> [0,70,"WebDriver:ElementSendKeys",{"id":"226259d1-a156-4162-9295-b0b17edf506a","text":"Pinto","value":["P","i","n","t","o"]}]
1542287140146	Marionette	TRACE	0 <- [1,70,null,{"value":null}]
1542287140150	Marionette	TRACE	0 -> [0,71,"WebDriver:FindElement",{"using":"css selector","value":"*[name='address']"}]
1542287140152	Marionette	TRACE	0 <- [1,71,null,{"value":{"element-6066-11e4-a52e-4f735466cecf":"4081a9d5-5062-4785-823b-00901d2d029e"}}]
1542287140154	Marionette	TRACE	0 -> [0,72,"WebDriver:ElementClick",{"id":"4081a9d5-5062-4785-823b-00901d2d029e"}]
1542287140361	Marionette	DEBUG	[6442450945] Canceled page load listener because no navigation has been detected
1542287140362	Marionette	TRACE	0 <- [1,72,null,{"value":null}]
1542287140366	Marionette	TRACE	0 -> [0,73,"WebDriver:FindElement",{"using":"css selector","value":"*[name='address']"}]
1542287140367	Marionette	TRACE	0 <- [1,73,null,{"value":{"element-6066-11e4-a52e-4f735466cecf":"4081a9d5-5062-4785-823b-00901d2d029e"}}]
1542287140374	Marionette	TRACE	0 -> [0,74,"WebDriver:ElementClear",{"id":"4081a9d5-5062-4785-823b-00901d2d029e"}]
1542287140376	Marionette	TRACE	0 <- [1,74,null,{"value":null}]
1542287140382	Marionette	TRACE	0 -> [0,75,"WebDriver:FindElement",{"using":"css selector","value":"*[name='address']"}]
1542287140384	Marionette	TRACE	0 <- [1,75,null,{"value":{"element-6066-11e4-a52e-4f735466cecf":"4081a9d5-5062-4785-823b-00901d2d029e"}}]
1542287140390	Marionette	TRACE	0 -> [0,76,"WebDriver:ElementSendKeys",{"id":"4081a9d5-5062-4785-823b-00901d2d029e","text":"Mercaz klita","value":["M","e","r","c","a","z"," ","k","l","i","t","a"]}]
1542287140403	Marionette	TRACE	0 <- [1,76,null,{"value":null}]
1542287140410	Marionette	TRACE	0 -> [0,77,"WebDriver:FindElement",{"using":"css selector","value":"*[name='email']"}]
1542287140412	Marionette	TRACE	0 <- [1,77,null,{"value":{"element-6066-11e4-a52e-4f735466cecf":"991966f1-6a1a-4bd4-82c6-ca97d9fe2adf"}}]
1542287140417	Marionette	TRACE	0 -> [0,78,"WebDriver:ElementClick",{"id":"991966f1-6a1a-4bd4-82c6-ca97d9fe2adf"}]
1542287140626	Marionette	DEBUG	[6442450945] Canceled page load listener because no navigation has been detected
1542287140627	Marionette	TRACE	0 <- [1,78,null,{"value":null}]
1542287140635	Marionette	TRACE	0 -> [0,79,"WebDriver:FindElement",{"using":"css selector","value":"*[name='email']"}]
1542287140637	Marionette	TRACE	0 <- [1,79,null,{"value":{"element-6066-11e4-a52e-4f735466cecf":"991966f1-6a1a-4bd4-82c6-ca97d9fe2adf"}}]
1542287140643	Marionette	TRACE	0 -> [0,80,"WebDriver:ElementClear",{"id":"991966f1-6a1a-4bd4-82c6-ca97d9fe2adf"}]
1542287140645	Marionette	TRACE	0 <- [1,80,null,{"value":null}]
1542287140650	Marionette	TRACE	0 -> [0,81,"WebDriver:FindElement",{"using":"css selector","value":"*[name='email']"}]
1542287140652	Marionette	TRACE	0 <- [1,81,null,{"value":{"element-6066-11e4-a52e-4f735466cecf":"991966f1-6a1a-4bd4-82c6-ca97d9fe2adf"}}]
1542287140658	Marionette	TRACE	0 -> [0,82,"WebDriver:ElementSendKeys",{"id":"991966f1-6a1a-4bd4-82c6-ca97d9fe2adf","text":"DPinto@gmail.com","value":["D","P","i","n","t","o","@","g","m","a","i","l",".","c","o","m"]}]
1542287140670	Marionette	TRACE	0 <- [1,82,null,{"value":null}]
1542287140674	Marionette	TRACE	0 -> [0,83,"WebDriver:FindElement",{"using":"css selector","value":"*[name='home']"}]
1542287140676	Marionette	TRACE	0 <- [1,83,null,{"value":{"element-6066-11e4-a52e-4f735466cecf":"15217ddc-fb1f-4fb2-ab6d-0ec02033fe7e"}}]
1542287140682	Marionette	TRACE	0 -> [0,84,"WebDriver:ElementClick",{"id":"15217ddc-fb1f-4fb2-ab6d-0ec02033fe7e"}]
1542287140889	Marionette	DEBUG	[6442450945] Canceled page load listener because no navigation has been detected
1542287140890	Marionette	TRACE	0 <- [1,84,null,{"value":null}]
1542287140894	Marionette	TRACE	0 -> [0,85,"WebDriver:FindElement",{"using":"css selector","value":"*[name='home']"}]
1542287140896	Marionette	TRACE	0 <- [1,85,null,{"value":{"element-6066-11e4-a52e-4f735466cecf":"15217ddc-fb1f-4fb2-ab6d-0ec02033fe7e"}}]
1542287140902	Marionette	TRACE	0 -> [0,86,"WebDriver:ElementClear",{"id":"15217ddc-fb1f-4fb2-ab6d-0ec02033fe7e"}]
1542287140904	Marionette	TRACE	0 <- [1,86,null,{"value":null}]
1542287140910	Marionette	TRACE	0 -> [0,87,"WebDriver:FindElement",{"using":"css selector","value":"*[name='home']"}]
1542287140911	Marionette	TRACE	0 <- [1,87,null,{"value":{"element-6066-11e4-a52e-4f735466cecf":"15217ddc-fb1f-4fb2-ab6d-0ec02033fe7e"}}]
1542287140918	Marionette	TRACE	0 -> [0,88,"WebDriver:ElementSendKeys",{"id":"15217ddc-fb1f-4fb2-ab6d-0ec02033fe7e","text":"054928745","value":["0","5","4","9","2","8","7","4","5"]}]
1542287140925	Marionette	TRACE	0 <- [1,88,null,{"value":null}]
1542287140930	Marionette	TRACE	0 -> [0,89,"WebDriver:FindElement",{"using":"css selector","value":"*[name='submit']"}]
1542287140933	Marionette	TRACE	0 <- [1,89,null,{"value":{"element-6066-11e4-a52e-4f735466cecf":"337ca8f9-798e-4431-9577-21fb4e8a89d5"}}]
1542287140938	Marionette	TRACE	0 -> [0,90,"WebDriver:ElementClick",{"id":"337ca8f9-798e-4431-9577-21fb4e8a89d5"}]
1542287140943	Marionette	DEBUG	[6442450945] Received DOM event beforeunload for http://localhost/addressbook/edit.php
1542287140984	Marionette	DEBUG	[6442450945] Received DOM event pagehide for http://localhost/addressbook/edit.php
1542287140986	Marionette	DEBUG	[6442450945] Received DOM event unload for http://localhost/addressbook/edit.php
1542287140994	Marionette	DEBUG	[6442450945] Received DOM event DOMContentLoaded for http://localhost/addressbook/edit.php
1542287141009	Marionette	DEBUG	[6442450945] Received DOM event pageshow for http://localhost/addressbook/edit.php
1542287141010	Marionette	TRACE	0 <- [1,90,null,{"value":null}]
1542287141022	Marionette	TRACE	0 -> [0,91,"WebDriver:FindElements",{"using":"css selector","value":"*[name='selected[]']"}]
1542287144085	Marionette	TRACE	0 <- [1,91,null,[{"element-6066-11e4-a52e-4f735466cecf":"257c9595-f619-43fb-9535-71451a4d6885"},{"element-6066-11e4-a52e-4f735466c ... ecf":"764b3293-a349-4c55-8e3f-f4fed48f1b44"},{"element-6066-11e4-a52e-4f735466cecf":"13109753-10c9-450f-8b8c-ca8458714d25"}]]
1542287144118	Marionette	TRACE	0 -> [0,93,"WebDriver:FindElements",{"using":"css selector","value":"*[name='selected[]']"}]
1542287144123	Marionette	TRACE	0 <- [1,93,null,[{"element-6066-11e4-a52e-4f735466cecf":"257c9595-f619-43fb-9535-71451a4d6885"},{"element-6066-11e4-a52e-4f735466c ... ecf":"764b3293-a349-4c55-8e3f-f4fed48f1b44"},{"element-6066-11e4-a52e-4f735466cecf":"13109753-10c9-450f-8b8c-ca8458714d25"}]]
1542287144133	Marionette	TRACE	0 -> [0,94,"WebDriver:FindElement",{"using":"xpath","value":"//a[@href='edit.php']"}]
1542287144135	Marionette	TRACE	0 <- [1,94,null,{"value":{"element-6066-11e4-a52e-4f735466cecf":"375842ae-fba3-42d2-ad66-80ba94f42b7e"}}]
1542287144138	Marionette	TRACE	0 -> [0,95,"WebDriver:ElementClick",{"id":"375842ae-fba3-42d2-ad66-80ba94f42b7e"}]
1542287144149	Marionette	DEBUG	[6442450945] Received DOM event beforeunload for http://localhost/addressbook/
1542287144184	Marionette	DEBUG	[6442450945] Received DOM event pagehide for http://localhost/addressbook/
1542287144184	Marionette	DEBUG	[6442450945] Received DOM event unload for http://localhost/addressbook/
1542287144193	Marionette	DEBUG	[6442450945] Received DOM event DOMContentLoaded for http://localhost/addressbook/edit.php
1542287144217	Marionette	DEBUG	[6442450945] Received DOM event pageshow for http://localhost/addressbook/edit.php
1542287144217	Marionette	TRACE	0 <- [1,95,null,{"value":null}]
1542287144222	Marionette	TRACE	0 -> [0,96,"WebDriver:FindElement",{"using":"css selector","value":"*[name='firstname']"}]
1542287144224	Marionette	TRACE	0 <- [1,96,null,{"value":{"element-6066-11e4-a52e-4f735466cecf":"c9942bc6-b319-40b2-a08a-6d7ef78d2a7e"}}]
1542287144231	Marionette	TRACE	0 -> [0,97,"WebDriver:ElementClick",{"id":"c9942bc6-b319-40b2-a08a-6d7ef78d2a7e"}]
1542287144458	Marionette	DEBUG	[6442450945] Canceled page load listener because no navigation has been detected
1542287144459	Marionette	TRACE	0 <- [1,97,null,{"value":null}]
1542287144467	Marionette	TRACE	0 -> [0,98,"WebDriver:FindElement",{"using":"css selector","value":"*[name='firstname']"}]
1542287144471	Marionette	TRACE	0 <- [1,98,null,{"value":{"element-6066-11e4-a52e-4f735466cecf":"c9942bc6-b319-40b2-a08a-6d7ef78d2a7e"}}]
1542287144479	Marionette	TRACE	0 -> [0,99,"WebDriver:ElementClear",{"id":"c9942bc6-b319-40b2-a08a-6d7ef78d2a7e"}]
1542287144483	Marionette	TRACE	0 <- [1,99,null,{"value":null}]
1542287144491	Marionette	TRACE	0 -> [0,100,"WebDriver:FindElement",{"using":"css selector","value":"*[name='firstname']"}]
1542287144495	Marionette	TRACE	0 <- [1,100,null,{"value":{"element-6066-11e4-a52e-4f735466cecf":"c9942bc6-b319-40b2-a08a-6d7ef78d2a7e"}}]
1542287144503	Marionette	TRACE	0 -> [0,101,"WebDriver:ElementSendKeys",{"id":"c9942bc6-b319-40b2-a08a-6d7ef78d2a7e","text":"Steven","value":["S","t","e","v","e","n"]}]
1542287144515	Marionette	TRACE	0 <- [1,101,null,{"value":null}]
1542287144521	Marionette	TRACE	0 -> [0,102,"WebDriver:FindElement",{"using":"css selector","value":"*[name='lastname']"}]
1542287144523	Marionette	TRACE	0 <- [1,102,null,{"value":{"element-6066-11e4-a52e-4f735466cecf":"1b1e5bb5-ee18-4bed-b41d-f2c3785cd6e7"}}]
1542287144530	Marionette	TRACE	0 -> [0,103,"WebDriver:ElementClick",{"id":"1b1e5bb5-ee18-4bed-b41d-f2c3785cd6e7"}]
1542287144739	Marionette	DEBUG	[6442450945] Canceled page load listener because no navigation has been detected
1542287144740	Marionette	TRACE	0 <- [1,103,null,{"value":null}]
1542287144745	Marionette	TRACE	0 -> [0,104,"WebDriver:FindElement",{"using":"css selector","value":"*[name='lastname']"}]
1542287144746	Marionette	TRACE	0 <- [1,104,null,{"value":{"element-6066-11e4-a52e-4f735466cecf":"1b1e5bb5-ee18-4bed-b41d-f2c3785cd6e7"}}]
1542287144749	Marionette	TRACE	0 -> [0,105,"WebDriver:ElementClear",{"id":"1b1e5bb5-ee18-4bed-b41d-f2c3785cd6e7"}]
1542287144750	Marionette	TRACE	0 <- [1,105,null,{"value":null}]
1542287144753	Marionette	TRACE	0 -> [0,106,"WebDriver:FindElement",{"using":"css selector","value":"*[name='lastname']"}]
1542287144754	Marionette	TRACE	0 <- [1,106,null,{"value":{"element-6066-11e4-a52e-4f735466cecf":"1b1e5bb5-ee18-4bed-b41d-f2c3785cd6e7"}}]
1542287144761	Marionette	TRACE	0 -> [0,107,"WebDriver:ElementSendKeys",{"id":"1b1e5bb5-ee18-4bed-b41d-f2c3785cd6e7","text":"Sarfati","value":["S","a","r","f","a","t","i"]}]
1542287144768	Marionette	TRACE	0 <- [1,107,null,{"value":null}]
1542287144773	Marionette	TRACE	0 -> [0,108,"WebDriver:FindElement",{"using":"css selector","value":"*[name='address']"}]
1542287144774	Marionette	TRACE	0 <- [1,108,null,{"value":{"element-6066-11e4-a52e-4f735466cecf":"0bb53e6b-6bb2-455e-934e-bdae59998159"}}]
1542287144781	Marionette	TRACE	0 -> [0,109,"WebDriver:ElementClick",{"id":"0bb53e6b-6bb2-455e-934e-bdae59998159"}]
1542287144988	Marionette	DEBUG	[6442450945] Canceled page load listener because no navigation has been detected
1542287144989	Marionette	TRACE	0 <- [1,109,null,{"value":null}]
1542287144993	Marionette	TRACE	0 -> [0,110,"WebDriver:FindElement",{"using":"css selector","value":"*[name='address']"}]
1542287144996	Marionette	TRACE	0 <- [1,110,null,{"value":{"element-6066-11e4-a52e-4f735466cecf":"0bb53e6b-6bb2-455e-934e-bdae59998159"}}]
1542287145002	Marionette	TRACE	0 -> [0,111,"WebDriver:ElementClear",{"id":"0bb53e6b-6bb2-455e-934e-bdae59998159"}]
1542287145005	Marionette	TRACE	0 <- [1,111,null,{"value":null}]
1542287145009	Marionette	TRACE	0 -> [0,112,"WebDriver:FindElement",{"using":"css selector","value":"*[name='address']"}]
1542287145011	Marionette	TRACE	0 <- [1,112,null,{"value":{"element-6066-11e4-a52e-4f735466cecf":"0bb53e6b-6bb2-455e-934e-bdae59998159"}}]
1542287145018	Marionette	TRACE	0 -> [0,113,"WebDriver:ElementSendKeys",{"id":"0bb53e6b-6bb2-455e-934e-bdae59998159","text":"770 States","value":["7","7","0"," ","S","t","a","t","e","s"]}]
1542287145031	Marionette	TRACE	0 <- [1,113,null,{"value":null}]
1542287145037	Marionette	TRACE	0 -> [0,114,"WebDriver:FindElement",{"using":"css selector","value":"*[name='email']"}]
1542287145040	Marionette	TRACE	0 <- [1,114,null,{"value":{"element-6066-11e4-a52e-4f735466cecf":"ea392d8d-f47d-4c39-a884-b1f7fc46d42e"}}]
1542287145045	Marionette	TRACE	0 -> [0,115,"WebDriver:ElementClick",{"id":"ea392d8d-f47d-4c39-a884-b1f7fc46d42e"}]
1542287145256	Marionette	DEBUG	[6442450945] Canceled page load listener because no navigation has been detected
1542287145258	Marionette	TRACE	0 <- [1,115,null,{"value":null}]
1542287145266	Marionette	TRACE	0 -> [0,116,"WebDriver:FindElement",{"using":"css selector","value":"*[name='email']"}]
1542287145270	Marionette	TRACE	0 <- [1,116,null,{"value":{"element-6066-11e4-a52e-4f735466cecf":"ea392d8d-f47d-4c39-a884-b1f7fc46d42e"}}]
1542287145278	Marionette	TRACE	0 -> [0,117,"WebDriver:ElementClear",{"id":"ea392d8d-f47d-4c39-a884-b1f7fc46d42e"}]
1542287145283	Marionette	TRACE	0 <- [1,117,null,{"value":null}]
1542287145290	Marionette	TRACE	0 -> [0,118,"WebDriver:FindElement",{"using":"css selector","value":"*[name='email']"}]
1542287145294	Marionette	TRACE	0 <- [1,118,null,{"value":{"element-6066-11e4-a52e-4f735466cecf":"ea392d8d-f47d-4c39-a884-b1f7fc46d42e"}}]
1542287145302	Marionette	TRACE	0 -> [0,119,"WebDriver:ElementSendKeys",{"id":"ea392d8d-f47d-4c39-a884-b1f7fc46d42e","text":"SS55@yahoo.fr","value":["S","S","5","5","@","y","a","h","o","o",".","f","r"]}]
1542287145321	Marionette	TRACE	0 <- [1,119,null,{"value":null}]
1542287145329	Marionette	TRACE	0 -> [0,120,"WebDriver:FindElement",{"using":"css selector","value":"*[name='home']"}]
1542287145332	Marionette	TRACE	0 <- [1,120,null,{"value":{"element-6066-11e4-a52e-4f735466cecf":"816b743d-74b4-44d3-bf98-8d6d53b3f952"}}]
1542287145336	Marionette	TRACE	0 -> [0,121,"WebDriver:ElementClick",{"id":"816b743d-74b4-44d3-bf98-8d6d53b3f952"}]
1542287145554	Marionette	DEBUG	[6442450945] Canceled page load listener because no navigation has been detected
1542287145555	Marionette	TRACE	0 <- [1,121,null,{"value":null}]
1542287145559	Marionette	TRACE	0 -> [0,122,"WebDriver:FindElement",{"using":"css selector","value":"*[name='home']"}]
1542287145560	Marionette	TRACE	0 <- [1,122,null,{"value":{"element-6066-11e4-a52e-4f735466cecf":"816b743d-74b4-44d3-bf98-8d6d53b3f952"}}]
1542287145563	Marionette	TRACE	0 -> [0,123,"WebDriver:ElementClear",{"id":"816b743d-74b4-44d3-bf98-8d6d53b3f952"}]
1542287145565	Marionette	TRACE	0 <- [1,123,null,{"value":null}]
1542287145567	Marionette	TRACE	0 -> [0,124,"WebDriver:FindElement",{"using":"css selector","value":"*[name='home']"}]
1542287145569	Marionette	TRACE	0 <- [1,124,null,{"value":{"element-6066-11e4-a52e-4f735466cecf":"816b743d-74b4-44d3-bf98-8d6d53b3f952"}}]
1542287145571	Marionette	TRACE	0 -> [0,125,"WebDriver:ElementSendKeys",{"id":"816b743d-74b4-44d3-bf98-8d6d53b3f952","text":"055555555","value":["0","5","5","5","5","5","5","5","5"]}]
1542287145579	Marionette	TRACE	0 <- [1,125,null,{"value":null}]
1542287145583	Marionette	TRACE	0 -> [0,126,"WebDriver:FindElement",{"using":"css selector","value":"*[name='submit']"}]
1542287145585	Marionette	TRACE	0 <- [1,126,null,{"value":{"element-6066-11e4-a52e-4f735466cecf":"658fea2e-9f30-41d1-8885-a10ae28b5c2d"}}]
1542287145591	Marionette	TRACE	0 -> [0,127,"WebDriver:ElementClick",{"id":"658fea2e-9f30-41d1-8885-a10ae28b5c2d"}]
1542287145601	Marionette	DEBUG	[6442450945] Received DOM event beforeunload for http://localhost/addressbook/edit.php
1542287145647	Marionette	DEBUG	[6442450945] Received DOM event pagehide for http://localhost/addressbook/edit.php
1542287145648	Marionette	DEBUG	[6442450945] Received DOM event unload for http://localhost/addressbook/edit.php
1542287145656	Marionette	DEBUG	[6442450945] Received DOM event DOMContentLoaded for http://localhost/addressbook/edit.php
1542287145666	Marionette	DEBUG	[6442450945] Received DOM event pageshow for http://localhost/addressbook/edit.php
1542287145666	Marionette	TRACE	0 <- [1,127,null,{"value":null}]
1542287145671	Marionette	TRACE	0 -> [0,128,"WebDriver:FindElements",{"using":"css selector","value":"*[name='selected[]']"}]
1542287148786	Marionette	TRACE	0 <- [1,128,null,[{"element-6066-11e4-a52e-4f735466cecf":"e0f22712-5947-4ef2-96bc-745415ca39c7"},{"element-6066-11e4-a52e-4f735466 ... ecf":"415ae27b-3f3e-44c1-bc79-6ee01686c95d"},{"element-6066-11e4-a52e-4f735466cecf":"e8c41bfa-4b8d-4a03-bb88-2b22c30b9143"}]]
]]></system-err>
</testsuite>
