<?xml version="1.0" encoding="UTF-8"?>
<testsuite name="com.telran.repeat.tests.GroupCreationTests" tests="4" skipped="0" failures="0" errors="0" timestamp="2018-12-03T11:55:24" hostname="DESKTOP-PUIG3K0" time="3.85">
  <properties/>
  <testcase name="testGroupCreation[0](Group{groupName='test1', groupHeader='header1', groupFooter='footer1'})" classname="com.telran.repeat.tests.GroupCreationTests" time="1.152"/>
  <testcase name="testGroupCreation[1](Group{groupName='test2', groupHeader='header2', groupFooter='footer2'})" classname="com.telran.repeat.tests.GroupCreationTests" time="0.945"/>
  <testcase name="testGroupCreation[2](Group{groupName='test3', groupHeader='header3', groupFooter='footer3'})" classname="com.telran.repeat.tests.GroupCreationTests" time="0.909"/>
  <testcase name="testGroupCreation[3](Group{groupName='test4', groupHeader='header4', groupFooter='footer4'})" classname="com.telran.repeat.tests.GroupCreationTests" time="0.842"/>
  <system-out><![CDATA[count before is: 42 and count after is: 43
count before is: 43 and count after is: 44
count before is: 44 and count after is: 45
count before is: 45 and count after is: 46
]]></system-out>
  <system-err><![CDATA[]]></system-err>
</testsuite>
